#
# A fatal error has been detected by the Java Runtime Environment:
#
#  EXCEPTION_ACCESS_VIOLATION (0xc0000005) at pc=0x00007ff91900c64d, pid=16664, tid=19380
#
# JRE version: Java(TM) SE Runtime Environment 18.9 (11.0.12+8) (build 11.0.12+8-LTS-237)
# Java VM: Java HotSpot(TM) 64-Bit Server VM 18.9 (11.0.12+8-LTS-237, mixed mode, tiered, compressed oops, g1 gc, windows-amd64)
# Problematic frame:
# C  [lwjgl_opengl.dll+0xc64d]
#
# No core dump will be written. Minidumps are not enabled by default on client versions of Windows
#
# If you would like to submit a bug report, please visit:
#   https://bugreport.java.com/bugreport/crash.jsp
# The crash happened outside the Java Virtual Machine in native code.
# See problematic frame for where to report the bug.
#

---------------  S U M M A R Y ------------

Command Line: -Dfile.encoding=windows-1251 -Duser.country=RU -Duser.language=ru -Duser.variant Main

Host: Intel(R) Core(TM) i5-3317U CPU @ 1.70GHz, 4 cores, 5G,  Windows 10 , 64 bit Build 22000 (10.0.22000.675)
Time: Sun May 29 19:27:15 2022 RTZ 2 (зима) elapsed time: 1.018528 seconds (0d 0h 0m 1s)

---------------  T H R E A D  ---------------

Current thread (0x0000026034abb000):  JavaThread "main" [_thread_in_native, id=19380, stack(0x000000afaf800000,0x000000afaf900000)]

Stack: [0x000000afaf800000,0x000000afaf900000],  sp=0x000000afaf8feef8,  free space=1019k
Native frames: (J=compiled Java code, j=interpreted, Vv=VM code, C=native code)
C  [lwjgl_opengl.dll+0xc64d]

Java frames: (J=compiled Java code, j=interpreted, Vv=VM code)
j  org.lwjgl.opengl.GL11C.nglGenTextures(IJ)V+0
j  org.lwjgl.opengl.GL11C.glGenTextures()I+20
j  org.lwjgl.opengl.GL11.glGenTextures()I+0
j  graphic.Texture.loadTexture(Ljava/awt/image/BufferedImage;)I+157
j  graphic.Texture.imageIn()V+19
j  graphic.Texture.<init>()V+4
j  graphic.GlDraw.<init>(II)V+29
j  Main.main([Ljava/lang/String;)V+10
v  ~StubRoutines::call_stub

siginfo: EXCEPTION_ACCESS_VIOLATION (0xc0000005), reading address 0x00000000000002d8


Register to memory mapping:

RIP=0x00007ff91900c64d lwjgl_opengl.dll
RAX=0x0000026055af2af0 points into unknown readable memory: 0x0000000000000000 | 00 00 00 00 00 00 00 00
RBX={method} {0x0000026056789c70} 'nglGenTextures' '(IJ)V' in 'org/lwjgl/opengl/GL11C'
RCX=0x0000000000000001 is an unknown value
RDX=0x00000260550a7f9c points into unknown readable memory: 00 00 00 00
RSP=0x000000afaf8feef8 is pointing into the stack for thread: 0x0000026034abb000
RBP=0x000000afaf8fef80 is pointing into the stack for thread: 0x0000026034abb000
RSI=0x000002605672ea28 is pointing into metadata
RDI=0x000002603e74a0c3 is at code_begin+2307 in an Interpreter codelet
invoke return entry points  [0x000002603e7497c0, 0x000002603e74a1a0]  2528 bytes
R8 =0x0000000000000001 is an unknown value
R9 =0x00000260550a7f9c points into unknown readable memory: 00 00 00 00
R10=0x0 is NULL
R11=0x00000000a74cd750 is an oop: java.lang.Class 
{0x00000000a74cd750} - klass: 'java/lang/Class'
R12=0x0 is NULL
R13={method} {0x0000026056789c70} 'nglGenTextures' '(IJ)V' in 'org/lwjgl/opengl/GL11C'
R14=0x000000afaf8fefb0 is pointing into the stack for thread: 0x0000026034abb000
R15=0x0000026034abb000 is a thread


Registers:
RAX=0x0000026055af2af0, RBX=0x0000026056789c68, RCX=0x0000000000000001, RDX=0x00000260550a7f9c
RSP=0x000000afaf8feef8, RBP=0x000000afaf8fef80, RSI=0x000002605672ea28, RDI=0x000002603e74a0c3
R8 =0x0000000000000001, R9 =0x00000260550a7f9c, R10=0x0000000000000000, R11=0x00000000a74cd750
R12=0x0000000000000000, R13=0x0000026056789c68, R14=0x000000afaf8fefb0, R15=0x0000026034abb000
RIP=0x00007ff91900c64d, EFLAGS=0x0000000000010202

Top of Stack: (sp=0x000000afaf8feef8)
0x000000afaf8feef8:   000002603e74f257 000002603e74a0c3
0x000000afaf8fef08:   000002603e74ef52 0000026034abb000
0x000000afaf8fef18:   0000026056789c68 000000afaf8fef80
0x000000afaf8fef28:   000002605672ea28 000002603e74eef6
0x000000afaf8fef38:   000000afaf8fef38 0000026056789c68
0x000000afaf8fef48:   000000afaf8fefb0 00000260567941e8
0x000000afaf8fef58:   0000000000000000 00000000a74cd750
0x000000afaf8fef68:   0000026056789c68 0000000000000000
0x000000afaf8fef78:   000000afaf8fefa0 000000afaf8ff000
0x000000afaf8fef88:   000002603e74a0c3 00000000a74cd750
0x000000afaf8fef98:   000002603e74c298 00000260550a7f9c
0x000000afaf8fefa8:   0000000000000000 0000000000000001
0x000000afaf8fefb8:   000000afaf8fefb8 0000026056789dec
0x000000afaf8fefc8:   000000afaf8ff030 00000260567941e8
0x000000afaf8fefd8:   0000000000000000 00000000a74cd750
0x000000afaf8fefe8:   0000026056789e58 000000afaf8fefa0 

Instructions: (pc=0x00007ff91900c64d)
0x00007ff91900c62d:   c8 02 00 00 cc cc cc cc cc cc cc cc cc cc cc cc
0x00007ff91900c63d:   cc cc cc 48 8b 01 49 8b d1 41 8b c8 4c 8b 50 18
0x00007ff91900c64d:   49 ff a2 d8 02 00 00 cc cc cc cc cc cc cc cc cc
0x00007ff91900c65d:   cc cc cc 48 8b 01 49 8b d1 41 8b c8 4c 8b 50 18 


Stack slot to memory mapping:
stack at sp + 0 slots: 0x000002603e74f257 is at code_begin+1047 in an Interpreter codelet
method entry point (kind = native)  [0x000002603e74ee40, 0x000002603e74f8e0]  2720 bytes
stack at sp + 1 slots: 0x000002603e74a0c3 is at code_begin+2307 in an Interpreter codelet
invoke return entry points  [0x000002603e7497c0, 0x000002603e74a1a0]  2528 bytes
stack at sp + 2 slots: 0x000002603e74ef52 is at code_begin+274 in an Interpreter codelet
method entry point (kind = native)  [0x000002603e74ee40, 0x000002603e74f8e0]  2720 bytes
stack at sp + 3 slots: 0x0000026034abb000 is a thread
stack at sp + 4 slots: {method} {0x0000026056789c70} 'nglGenTextures' '(IJ)V' in 'org/lwjgl/opengl/GL11C'
stack at sp + 5 slots: 0x000000afaf8fef80 is pointing into the stack for thread: 0x0000026034abb000
stack at sp + 6 slots: 0x000002605672ea28 is pointing into metadata
stack at sp + 7 slots: 0x000002603e74eef6 is at code_begin+182 in an Interpreter codelet
method entry point (kind = native)  [0x000002603e74ee40, 0x000002603e74f8e0]  2720 bytes


---------------  P R O C E S S  ---------------

Threads class SMR info:
_java_thread_list=0x00000260548c35a0, length=12, elements={
0x0000026034abb000, 0x0000026053bab000, 0x0000026053bb5000, 0x0000026054573000,
0x0000026053bcb800, 0x0000026053bcf000, 0x0000026053bd7800, 0x0000026053be2000,
0x0000026053bef000, 0x00000260546ea000, 0x0000026053be2800, 0x0000026054d7f800
}

Java Threads: ( => current thread )
=>0x0000026034abb000 JavaThread "main" [_thread_in_native, id=19380, stack(0x000000afaf800000,0x000000afaf900000)]
  0x0000026053bab000 JavaThread "Reference Handler" daemon [_thread_blocked, id=7148, stack(0x000000afaff00000,0x000000afb0000000)]
  0x0000026053bb5000 JavaThread "Finalizer" daemon [_thread_blocked, id=3084, stack(0x000000afb0000000,0x000000afb0100000)]
  0x0000026054573000 JavaThread "Signal Dispatcher" daemon [_thread_blocked, id=13236, stack(0x000000afb0100000,0x000000afb0200000)]
  0x0000026053bcb800 JavaThread "Attach Listener" daemon [_thread_blocked, id=2268, stack(0x000000afb0200000,0x000000afb0300000)]
  0x0000026053bcf000 JavaThread "Service Thread" daemon [_thread_blocked, id=15516, stack(0x000000afb0300000,0x000000afb0400000)]
  0x0000026053bd7800 JavaThread "C2 CompilerThread0" daemon [_thread_blocked, id=11312, stack(0x000000afb0400000,0x000000afb0500000)]
  0x0000026053be2000 JavaThread "C1 CompilerThread0" daemon [_thread_blocked, id=1604, stack(0x000000afb0500000,0x000000afb0600000)]
  0x0000026053bef000 JavaThread "Sweeper thread" daemon [_thread_blocked, id=10428, stack(0x000000afb0600000,0x000000afb0700000)]
  0x00000260546ea000 JavaThread "Common-Cleaner" daemon [_thread_blocked, id=19820, stack(0x000000afb0800000,0x000000afb0900000)]
  0x0000026053be2800 JavaThread "C2 CompilerThread1" daemon [_thread_blocked, id=13708, stack(0x000000afb0900000,0x000000afb0a00000)]
  0x0000026054d7f800 JavaThread "Java2D Disposer" daemon [_thread_blocked, id=21456, stack(0x000000afb0a00000,0x000000afb0b00000)]

Other Threads:
  0x0000026053b85000 VMThread "VM Thread" [stack: 0x000000afafe00000,0x000000afaff00000] [id=15608]
  0x00000260546e8000 WatcherThread [stack: 0x000000afb0700000,0x000000afb0800000] [id=2892]
  0x0000026034ad1000 GCTaskThread "GC Thread#0" [stack: 0x000000afaf900000,0x000000afafa00000] [id=8524]
  0x0000026054e59800 GCTaskThread "GC Thread#1" [stack: 0x000000afb0b00000,0x000000afb0c00000] [id=8092]
  0x0000026034af8800 ConcurrentGCThread "G1 Main Marker" [stack: 0x000000afafa00000,0x000000afafb00000] [id=16644]
  0x0000026034afa800 ConcurrentGCThread "G1 Conc#0" [stack: 0x000000afafb00000,0x000000afafc00000] [id=18068]
  0x0000026034b6f800 ConcurrentGCThread "G1 Refine#0" [stack: 0x000000afafc00000,0x000000afafd00000] [id=17352]
  0x0000026034b70800 ConcurrentGCThread "G1 Young RemSet Sampling" [stack: 0x000000afafd00000,0x000000afafe00000] [id=13692]

Threads with active compile tasks:

VM state:not at safepoint (normal execution)

VM Mutex/Monitor currently owned by a thread: None

Heap address: 0x00000000a1c00000, size: 1508 MB, Compressed Oops mode: 32-bit
Narrow klass base: 0x0000000000000000, Narrow klass shift: 3
Compressed class space size: 1073741824 Address: 0x0000000100000000

Heap:
 garbage-first heap   total 98304K, used 11470K [0x00000000a1c00000, 0x0000000100000000)
  region size 1024K, 11 young (11264K), 2 survivors (2048K)
 Metaspace       used 11541K, capacity 11783K, committed 11904K, reserved 1060864K
  class space    used 950K, capacity 1041K, committed 1152K, reserved 1048576K
Heap Regions: E=young(eden), S=young(survivor), O=old, HS=humongous(starts), HC=humongous(continues), CS=collection set, F=free, A=archive, TAMS=top-at-mark-start (previous, next)
|   0|0x00000000a1c00000, 0x00000000a1d00000, 0x00000000a1d00000|100%|HS|  |TAMS 0x00000000a1c00000, 0x00000000a1c00000| Complete 
|   1|0x00000000a1d00000, 0x00000000a1e00000, 0x00000000a1e00000|100%|HC|  |TAMS 0x00000000a1d00000, 0x00000000a1d00000| Complete 
|   2|0x00000000a1e00000, 0x00000000a1e00000, 0x00000000a1f00000|  0%| F|  |TAMS 0x00000000a1e00000, 0x00000000a1e00000| Untracked 
|   3|0x00000000a1f00000, 0x00000000a1f00000, 0x00000000a2000000|  0%| F|  |TAMS 0x00000000a1f00000, 0x00000000a1f00000| Untracked 
|   4|0x00000000a2000000, 0x00000000a2000000, 0x00000000a2100000|  0%| F|  |TAMS 0x00000000a2000000, 0x00000000a2000000| Untracked 
|   5|0x00000000a2100000, 0x00000000a2133800, 0x00000000a2200000| 20%| O|  |TAMS 0x00000000a2100000, 0x00000000a2100000| Untracked 
|   6|0x00000000a2200000, 0x00000000a2200000, 0x00000000a2300000|  0%| F|  |TAMS 0x00000000a2200000, 0x00000000a2200000| Untracked 
|   7|0x00000000a2300000, 0x00000000a2300000, 0x00000000a2400000|  0%| F|  |TAMS 0x00000000a2300000, 0x00000000a2300000| Untracked 
|   8|0x00000000a2400000, 0x00000000a2400000, 0x00000000a2500000|  0%| F|  |TAMS 0x00000000a2400000, 0x00000000a2400000| Untracked 
|   9|0x00000000a2500000, 0x00000000a2500000, 0x00000000a2600000|  0%| F|  |TAMS 0x00000000a2500000, 0x00000000a2500000| Untracked 
|  10|0x00000000a2600000, 0x00000000a2600000, 0x00000000a2700000|  0%| F|  |TAMS 0x00000000a2600000, 0x00000000a2600000| Untracked 
|  11|0x00000000a2700000, 0x00000000a2700000, 0x00000000a2800000|  0%| F|  |TAMS 0x00000000a2700000, 0x00000000a2700000| Untracked 
|  12|0x00000000a2800000, 0x00000000a2800000, 0x00000000a2900000|  0%| F|  |TAMS 0x00000000a2800000, 0x00000000a2800000| Untracked 
|  13|0x00000000a2900000, 0x00000000a2900000, 0x00000000a2a00000|  0%| F|  |TAMS 0x00000000a2900000, 0x00000000a2900000| Untracked 
|  14|0x00000000a2a00000, 0x00000000a2a00000, 0x00000000a2b00000|  0%| F|  |TAMS 0x00000000a2a00000, 0x00000000a2a00000| Untracked 
|  15|0x00000000a2b00000, 0x00000000a2b00000, 0x00000000a2c00000|  0%| F|  |TAMS 0x00000000a2b00000, 0x00000000a2b00000| Untracked 
|  16|0x00000000a2c00000, 0x00000000a2c00000, 0x00000000a2d00000|  0%| F|  |TAMS 0x00000000a2c00000, 0x00000000a2c00000| Untracked 
|  17|0x00000000a2d00000, 0x00000000a2d00000, 0x00000000a2e00000|  0%| F|  |TAMS 0x00000000a2d00000, 0x00000000a2d00000| Untracked 
|  18|0x00000000a2e00000, 0x00000000a2e00000, 0x00000000a2f00000|  0%| F|  |TAMS 0x00000000a2e00000, 0x00000000a2e00000| Untracked 
|  19|0x00000000a2f00000, 0x00000000a2f00000, 0x00000000a3000000|  0%| F|  |TAMS 0x00000000a2f00000, 0x00000000a2f00000| Untracked 
|  20|0x00000000a3000000, 0x00000000a3000000, 0x00000000a3100000|  0%| F|  |TAMS 0x00000000a3000000, 0x00000000a3000000| Untracked 
|  21|0x00000000a3100000, 0x00000000a3100000, 0x00000000a3200000|  0%| F|  |TAMS 0x00000000a3100000, 0x00000000a3100000| Untracked 
|  22|0x00000000a3200000, 0x00000000a3200000, 0x00000000a3300000|  0%| F|  |TAMS 0x00000000a3200000, 0x00000000a3200000| Untracked 
|  23|0x00000000a3300000, 0x00000000a3300000, 0x00000000a3400000|  0%| F|  |TAMS 0x00000000a3300000, 0x00000000a3300000| Untracked 
|  24|0x00000000a3400000, 0x00000000a3400000, 0x00000000a3500000|  0%| F|  |TAMS 0x00000000a3400000, 0x00000000a3400000| Untracked 
|  25|0x00000000a3500000, 0x00000000a3500000, 0x00000000a3600000|  0%| F|  |TAMS 0x00000000a3500000, 0x00000000a3500000| Untracked 
|  26|0x00000000a3600000, 0x00000000a3600000, 0x00000000a3700000|  0%| F|  |TAMS 0x00000000a3600000, 0x00000000a3600000| Untracked 
|  27|0x00000000a3700000, 0x00000000a3700000, 0x00000000a3800000|  0%| F|  |TAMS 0x00000000a3700000, 0x00000000a3700000| Untracked 
|  28|0x00000000a3800000, 0x00000000a3800000, 0x00000000a3900000|  0%| F|  |TAMS 0x00000000a3800000, 0x00000000a3800000| Untracked 
|  29|0x00000000a3900000, 0x00000000a3900000, 0x00000000a3a00000|  0%| F|  |TAMS 0x00000000a3900000, 0x00000000a3900000| Untracked 
|  30|0x00000000a3a00000, 0x00000000a3a00000, 0x00000000a3b00000|  0%| F|  |TAMS 0x00000000a3a00000, 0x00000000a3a00000| Untracked 
|  31|0x00000000a3b00000, 0x00000000a3b00000, 0x00000000a3c00000|  0%| F|  |TAMS 0x00000000a3b00000, 0x00000000a3b00000| Untracked 
|  32|0x00000000a3c00000, 0x00000000a3c00000, 0x00000000a3d00000|  0%| F|  |TAMS 0x00000000a3c00000, 0x00000000a3c00000| Untracked 
|  33|0x00000000a3d00000, 0x00000000a3d00000, 0x00000000a3e00000|  0%| F|  |TAMS 0x00000000a3d00000, 0x00000000a3d00000| Untracked 
|  34|0x00000000a3e00000, 0x00000000a3e00000, 0x00000000a3f00000|  0%| F|  |TAMS 0x00000000a3e00000, 0x00000000a3e00000| Untracked 
|  35|0x00000000a3f00000, 0x00000000a3f00000, 0x00000000a4000000|  0%| F|  |TAMS 0x00000000a3f00000, 0x00000000a3f00000| Untracked 
|  36|0x00000000a4000000, 0x00000000a4000000, 0x00000000a4100000|  0%| F|  |TAMS 0x00000000a4000000, 0x00000000a4000000| Untracked 
|  37|0x00000000a4100000, 0x00000000a4100000, 0x00000000a4200000|  0%| F|  |TAMS 0x00000000a4100000, 0x00000000a4100000| Untracked 
|  38|0x00000000a4200000, 0x00000000a4200000, 0x00000000a4300000|  0%| F|  |TAMS 0x00000000a4200000, 0x00000000a4200000| Untracked 
|  39|0x00000000a4300000, 0x00000000a4300000, 0x00000000a4400000|  0%| F|  |TAMS 0x00000000a4300000, 0x00000000a4300000| Untracked 
|  40|0x00000000a4400000, 0x00000000a4400000, 0x00000000a4500000|  0%| F|  |TAMS 0x00000000a4400000, 0x00000000a4400000| Untracked 
|  41|0x00000000a4500000, 0x00000000a4500000, 0x00000000a4600000|  0%| F|  |TAMS 0x00000000a4500000, 0x00000000a4500000| Untracked 
|  42|0x00000000a4600000, 0x00000000a4600000, 0x00000000a4700000|  0%| F|  |TAMS 0x00000000a4600000, 0x00000000a4600000| Untracked 
|  43|0x00000000a4700000, 0x00000000a4700000, 0x00000000a4800000|  0%| F|  |TAMS 0x00000000a4700000, 0x00000000a4700000| Untracked 
|  44|0x00000000a4800000, 0x00000000a4800000, 0x00000000a4900000|  0%| F|  |TAMS 0x00000000a4800000, 0x00000000a4800000| Untracked 
|  45|0x00000000a4900000, 0x00000000a4900000, 0x00000000a4a00000|  0%| F|  |TAMS 0x00000000a4900000, 0x00000000a4900000| Untracked 
|  46|0x00000000a4a00000, 0x00000000a4a00000, 0x00000000a4b00000|  0%| F|  |TAMS 0x00000000a4a00000, 0x00000000a4a00000| Untracked 
|  47|0x00000000a4b00000, 0x00000000a4b00000, 0x00000000a4c00000|  0%| F|  |TAMS 0x00000000a4b00000, 0x00000000a4b00000| Untracked 
|  48|0x00000000a4c00000, 0x00000000a4c00000, 0x00000000a4d00000|  0%| F|  |TAMS 0x00000000a4c00000, 0x00000000a4c00000| Untracked 
|  49|0x00000000a4d00000, 0x00000000a4d00000, 0x00000000a4e00000|  0%| F|  |TAMS 0x00000000a4d00000, 0x00000000a4d00000| Untracked 
|  50|0x00000000a4e00000, 0x00000000a4e00000, 0x00000000a4f00000|  0%| F|  |TAMS 0x00000000a4e00000, 0x00000000a4e00000| Untracked 
|  51|0x00000000a4f00000, 0x00000000a4f00000, 0x00000000a5000000|  0%| F|  |TAMS 0x00000000a4f00000, 0x00000000a4f00000| Untracked 
|  52|0x00000000a5000000, 0x00000000a5000000, 0x00000000a5100000|  0%| F|  |TAMS 0x00000000a5000000, 0x00000000a5000000| Untracked 
|  53|0x00000000a5100000, 0x00000000a5100000, 0x00000000a5200000|  0%| F|  |TAMS 0x00000000a5100000, 0x00000000a5100000| Untracked 
|  54|0x00000000a5200000, 0x00000000a5200000, 0x00000000a5300000|  0%| F|  |TAMS 0x00000000a5200000, 0x00000000a5200000| Untracked 
|  55|0x00000000a5300000, 0x00000000a5300000, 0x00000000a5400000|  0%| F|  |TAMS 0x00000000a5300000, 0x00000000a5300000| Untracked 
|  56|0x00000000a5400000, 0x00000000a5400000, 0x00000000a5500000|  0%| F|  |TAMS 0x00000000a5400000, 0x00000000a5400000| Untracked 
|  57|0x00000000a5500000, 0x00000000a5500000, 0x00000000a5600000|  0%| F|  |TAMS 0x00000000a5500000, 0x00000000a5500000| Untracked 
|  58|0x00000000a5600000, 0x00000000a5600000, 0x00000000a5700000|  0%| F|  |TAMS 0x00000000a5600000, 0x00000000a5600000| Untracked 
|  59|0x00000000a5700000, 0x00000000a5700000, 0x00000000a5800000|  0%| F|  |TAMS 0x00000000a5700000, 0x00000000a5700000| Untracked 
|  60|0x00000000a5800000, 0x00000000a5800000, 0x00000000a5900000|  0%| F|  |TAMS 0x00000000a5800000, 0x00000000a5800000| Untracked 
|  61|0x00000000a5900000, 0x00000000a5900000, 0x00000000a5a00000|  0%| F|  |TAMS 0x00000000a5900000, 0x00000000a5900000| Untracked 
|  62|0x00000000a5a00000, 0x00000000a5a00000, 0x00000000a5b00000|  0%| F|  |TAMS 0x00000000a5a00000, 0x00000000a5a00000| Untracked 
|  63|0x00000000a5b00000, 0x00000000a5b00000, 0x00000000a5c00000|  0%| F|  |TAMS 0x00000000a5b00000, 0x00000000a5b00000| Untracked 
|  64|0x00000000a5c00000, 0x00000000a5c00000, 0x00000000a5d00000|  0%| F|  |TAMS 0x00000000a5c00000, 0x00000000a5c00000| Untracked 
|  65|0x00000000a5d00000, 0x00000000a5d00000, 0x00000000a5e00000|  0%| F|  |TAMS 0x00000000a5d00000, 0x00000000a5d00000| Untracked 
|  66|0x00000000a5e00000, 0x00000000a5e00000, 0x00000000a5f00000|  0%| F|  |TAMS 0x00000000a5e00000, 0x00000000a5e00000| Untracked 
|  67|0x00000000a5f00000, 0x00000000a5f00000, 0x00000000a6000000|  0%| F|  |TAMS 0x00000000a5f00000, 0x00000000a5f00000| Untracked 
|  68|0x00000000a6000000, 0x00000000a6000000, 0x00000000a6100000|  0%| F|  |TAMS 0x00000000a6000000, 0x00000000a6000000| Untracked 
|  69|0x00000000a6100000, 0x00000000a6100000, 0x00000000a6200000|  0%| F|  |TAMS 0x00000000a6100000, 0x00000000a6100000| Untracked 
|  70|0x00000000a6200000, 0x00000000a6200000, 0x00000000a6300000|  0%| F|  |TAMS 0x00000000a6200000, 0x00000000a6200000| Untracked 
|  71|0x00000000a6300000, 0x00000000a6300000, 0x00000000a6400000|  0%| F|  |TAMS 0x00000000a6300000, 0x00000000a6300000| Untracked 
|  72|0x00000000a6400000, 0x00000000a6400000, 0x00000000a6500000|  0%| F|  |TAMS 0x00000000a6400000, 0x00000000a6400000| Untracked 
|  73|0x00000000a6500000, 0x00000000a6500000, 0x00000000a6600000|  0%| F|  |TAMS 0x00000000a6500000, 0x00000000a6500000| Untracked 
|  74|0x00000000a6600000, 0x00000000a6600000, 0x00000000a6700000|  0%| F|  |TAMS 0x00000000a6600000, 0x00000000a6600000| Untracked 
|  75|0x00000000a6700000, 0x00000000a6700000, 0x00000000a6800000|  0%| F|  |TAMS 0x00000000a6700000, 0x00000000a6700000| Untracked 
|  76|0x00000000a6800000, 0x00000000a6800000, 0x00000000a6900000|  0%| F|  |TAMS 0x00000000a6800000, 0x00000000a6800000| Untracked 
|  77|0x00000000a6900000, 0x00000000a6900000, 0x00000000a6a00000|  0%| F|  |TAMS 0x00000000a6900000, 0x00000000a6900000| Untracked 
|  78|0x00000000a6a00000, 0x00000000a6a00000, 0x00000000a6b00000|  0%| F|  |TAMS 0x00000000a6a00000, 0x00000000a6a00000| Untracked 
|  79|0x00000000a6b00000, 0x00000000a6b00000, 0x00000000a6c00000|  0%| F|  |TAMS 0x00000000a6b00000, 0x00000000a6b00000| Untracked 
|  80|0x00000000a6c00000, 0x00000000a6d00000, 0x00000000a6d00000|100%| S|CS|TAMS 0x00000000a6c00000, 0x00000000a6c00000| Complete 
|  81|0x00000000a6d00000, 0x00000000a6e00000, 0x00000000a6e00000|100%| S|CS|TAMS 0x00000000a6d00000, 0x00000000a6d00000| Complete 
|  82|0x00000000a6e00000, 0x00000000a6e00000, 0x00000000a6f00000|  0%| F|  |TAMS 0x00000000a6e00000, 0x00000000a6e00000| Untracked 
|  83|0x00000000a6f00000, 0x00000000a6f00000, 0x00000000a7000000|  0%| F|  |TAMS 0x00000000a6f00000, 0x00000000a6f00000| Untracked 
|  84|0x00000000a7000000, 0x00000000a7000000, 0x00000000a7100000|  0%| F|  |TAMS 0x00000000a7000000, 0x00000000a7000000| Untracked 
|  85|0x00000000a7100000, 0x00000000a7100000, 0x00000000a7200000|  0%| F|  |TAMS 0x00000000a7100000, 0x00000000a7100000| Untracked 
|  86|0x00000000a7200000, 0x00000000a7200000, 0x00000000a7300000|  0%| F|  |TAMS 0x00000000a7200000, 0x00000000a7200000| Untracked 
|  87|0x00000000a7300000, 0x00000000a7300800, 0x00000000a7400000|  0%| E|  |TAMS 0x00000000a7300000, 0x00000000a7300000| Complete 
|  88|0x00000000a7400000, 0x00000000a7500000, 0x00000000a7500000|100%| E|CS|TAMS 0x00000000a7400000, 0x00000000a7400000| Complete 
|  89|0x00000000a7500000, 0x00000000a7600000, 0x00000000a7600000|100%| E|CS|TAMS 0x00000000a7500000, 0x00000000a7500000| Complete 
|  90|0x00000000a7600000, 0x00000000a7700000, 0x00000000a7700000|100%| E|  |TAMS 0x00000000a7600000, 0x00000000a7600000| Complete 
|  91|0x00000000a7700000, 0x00000000a7800000, 0x00000000a7800000|100%| E|CS|TAMS 0x00000000a7700000, 0x00000000a7700000| Complete 
|  92|0x00000000a7800000, 0x00000000a7900000, 0x00000000a7900000|100%| E|CS|TAMS 0x00000000a7800000, 0x00000000a7800000| Complete 
|  93|0x00000000a7900000, 0x00000000a7a00000, 0x00000000a7a00000|100%| E|CS|TAMS 0x00000000a7900000, 0x00000000a7900000| Complete 
|  94|0x00000000a7a00000, 0x00000000a7b00000, 0x00000000a7b00000|100%| E|CS|TAMS 0x00000000a7a00000, 0x00000000a7a00000| Complete 
|  95|0x00000000a7b00000, 0x00000000a7c00000, 0x00000000a7c00000|100%| E|CS|TAMS 0x00000000a7b00000, 0x00000000a7b00000| Complete 

Card table byte_map: [0x000002604e070000,0x000002604e370000] _byte_map_base: 0x000002604db62000

Marking Bits (Prev, Next): (CMBitMap*) 0x0000026034af08c8, (CMBitMap*) 0x0000026034af0900
 Prev Bits: [0x000002604e670000, 0x000002604fe00000)
 Next Bits: [0x000002604fe00000, 0x0000026051590000)

Polling page: 0x000002603e720000

Metaspace:

Usage:
  Non-class:     10.49 MB capacity,    10.34 MB ( 99%) used,   131.48 KB (  1%) free+waste,    19.81 KB ( <1%) overhead. 
      Class:      1.02 MB capacity,   950.52 KB ( 91%) used,    80.92 KB (  8%) free+waste,     9.56 KB ( <1%) overhead. 
       Both:     11.51 MB capacity,    11.27 MB ( 98%) used,   212.40 KB (  2%) free+waste,    29.38 KB ( <1%) overhead. 

Virtual space:
  Non-class space:       12.00 MB reserved,      10.50 MB ( 88%) committed 
      Class space:        1.00 GB reserved,       1.13 MB ( <1%) committed 
             Both:        1.01 GB reserved,      11.63 MB (  1%) committed 

Chunk freelists:
   Non-Class:  1.25 KB
       Class:  1.88 KB
        Both:  3.13 KB

CodeHeap 'non-profiled nmethods': size=120064Kb used=329Kb max_used=329Kb free=119734Kb
 bounds [0x0000026046200000, 0x0000026046470000, 0x000002604d740000]
CodeHeap 'profiled nmethods': size=120000Kb used=1645Kb max_used=1645Kb free=118354Kb
 bounds [0x000002603ecd0000, 0x000002603ef40000, 0x0000026046200000]
CodeHeap 'non-nmethods': size=5696Kb used=1439Kb max_used=1458Kb free=4256Kb
 bounds [0x000002603e740000, 0x000002603e9b0000, 0x000002603ecd0000]
 total_blobs=1870 nmethods=932 adapters=850
 compilation: enabled
              stopped_count=0, restarted_count=0
 full_count=0

Compilation events (10 events):
Event: 0.985 Thread 0x0000026053be2000 nmethod 927 0x000002603ee6a290 code [0x000002603ee6a440, 0x000002603ee6a618]
Event: 1.001 Thread 0x0000026053be2800 nmethod 924 0x000002604624de10 code [0x000002604624dfe0, 0x000002604624e808]
Event: 1.003 Thread 0x0000026053be2000  928  s    3       java.util.Hashtable::get (69 bytes)
Event: 1.004 Thread 0x0000026053be2000 nmethod 928 0x000002603ee6a710 code [0x000002603ee6a900, 0x000002603ee6aed8]
Event: 1.005 Thread 0x0000026053be2000  930       3       sun.misc.Unsafe::putLong (11 bytes)
Event: 1.005 Thread 0x0000026053be2000 nmethod 930 0x000002603ee6b090 code [0x000002603ee6b220, 0x000002603ee6b318]
Event: 1.005 Thread 0x0000026053be2000  931       3       org.lwjgl.system.MemoryUtil::memPutAddress (29 bytes)
Event: 1.005 Thread 0x0000026053be2800  932       4       java.lang.Integer::toUnsignedLong (7 bytes)
Event: 1.005 Thread 0x0000026053be2000 nmethod 931 0x000002603ee6b390 code [0x000002603ee6b540, 0x000002603ee6b6b8]
Event: 1.005 Thread 0x0000026053be2800 nmethod 932 0x000002604624ee90 code [0x000002604624f000, 0x000002604624f038]

GC Heap History (2 events):
Event: 0.755 GC heap before
{Heap before GC invocations=0 (full 0):
 garbage-first heap   total 98304K, used 19456K [0x00000000a1c00000, 0x0000000100000000)
  region size 1024K, 14 young (14336K), 0 survivors (0K)
 Metaspace       used 9371K, capacity 9591K, committed 9856K, reserved 1058816K
  class space    used 771K, capacity 858K, committed 896K, reserved 1048576K
}
Event: 0.759 GC heap after
{Heap after GC invocations=1 (full 0):
 garbage-first heap   total 98304K, used 4302K [0x00000000a1c00000, 0x0000000100000000)
  region size 1024K, 2 young (2048K), 2 survivors (2048K)
 Metaspace       used 9371K, capacity 9591K, committed 9856K, reserved 1058816K
  class space    used 771K, capacity 858K, committed 896K, reserved 1048576K
}

Deoptimization events (10 events):
Event: 0.211 Thread 0x0000026034abb000 Uncommon trap: reason=unstable_if action=reinterpret pc=0x0000026046205718 method=java.lang.String.hashCode()I @ 14 c2
Event: 0.482 Thread 0x0000026034abb000 Uncommon trap: reason=unstable_if action=reinterpret pc=0x0000026046212c30 method=java.lang.StringCoding.hasNegatives([BII)Z @ 12 c2
Event: 0.693 Thread 0x0000026034abb000 Uncommon trap: reason=unloaded action=reinterpret pc=0x00000260462321ac method=graphic.Texture.loadTexture(Ljava/awt/image/BufferedImage;)I @ 157 c2
Event: 0.818 Thread 0x0000026034abb000 Uncommon trap: reason=unstable_if action=reinterpret pc=0x0000026046234cfc method=java.lang.String.startsWith(Ljava/lang/String;I)Z @ 14 c2
Event: 0.863 Thread 0x0000026034abb000 Uncommon trap: reason=unstable_if action=reinterpret pc=0x000002604620d780 method=java.io.WinNTFileSystem.isSlash(C)Z @ 9 c2
Event: 0.864 Thread 0x0000026034abb000 Uncommon trap: reason=class_check action=maybe_recompile pc=0x0000026046235570 method=java.util.HashMap.getNode(ILjava/lang/Object;)Ljava/util/HashMap$Node; @ 126 c2
Event: 0.879 Thread 0x0000026034abb000 Uncommon trap: reason=unstable_if action=reinterpret pc=0x000002604621025c method=sun.nio.fs.WindowsPathParser.isSlash(C)Z @ 9 c2
Event: 0.899 Thread 0x0000026034abb000 Uncommon trap: reason=unstable_if action=reinterpret pc=0x0000026046201310 method=java.lang.String.isLatin1()Z @ 10 c2
Event: 0.905 Thread 0x0000026034abb000 Uncommon trap: reason=class_check action=maybe_recompile pc=0x00000260462354fc method=java.util.HashMap.getNode(ILjava/lang/Object;)Ljava/util/HashMap$Node; @ 59 c2
Event: 0.967 Thread 0x0000026034abb000 Uncommon trap: reason=class_check action=maybe_recompile pc=0x00000260462354fc method=java.util.HashMap.getNode(ILjava/lang/Object;)Ljava/util/HashMap$Node; @ 59 c2

Classes redefined (0 events):
No events

Internal exceptions (10 events):
Event: 0.986 Thread 0x0000026034abb000 Exception <a 'java/security/PrivilegedActionException'{0x00000000a744e300}> (0x00000000a744e300) thrown at [./open/src/hotspot/share/prims/jvm.cpp, line 1305]
Event: 0.986 Thread 0x0000026034abb000 Exception <a 'java/security/PrivilegedActionException'{0x00000000a744e878}> (0x00000000a744e878) thrown at [./open/src/hotspot/share/prims/jvm.cpp, line 1305]
Event: 0.986 Thread 0x0000026034abb000 Exception <a 'java/security/PrivilegedActionException'{0x00000000a745ef08}> (0x00000000a745ef08) thrown at [./open/src/hotspot/share/prims/jvm.cpp, line 1305]
Event: 0.986 Thread 0x0000026034abb000 Exception <a 'java/security/PrivilegedActionException'{0x00000000a745f480}> (0x00000000a745f480) thrown at [./open/src/hotspot/share/prims/jvm.cpp, line 1305]
Event: 1.003 Thread 0x0000026034abb000 Exception <a 'java/security/PrivilegedActionException'{0x00000000a749f748}> (0x00000000a749f748) thrown at [./open/src/hotspot/share/prims/jvm.cpp, line 1305]
Event: 1.003 Thread 0x0000026034abb000 Exception <a 'java/security/PrivilegedActionException'{0x00000000a749fa18}> (0x00000000a749fa18) thrown at [./open/src/hotspot/share/prims/jvm.cpp, line 1305]
Event: 1.003 Thread 0x0000026034abb000 Exception <a 'java/security/PrivilegedActionException'{0x00000000a74a13d8}> (0x00000000a74a13d8) thrown at [./open/src/hotspot/share/prims/jvm.cpp, line 1305]
Event: 1.004 Thread 0x0000026034abb000 Exception <a 'java/security/PrivilegedActionException'{0x00000000a74a16a8}> (0x00000000a74a16a8) thrown at [./open/src/hotspot/share/prims/jvm.cpp, line 1305]
Event: 1.004 Thread 0x0000026034abb000 Exception <a 'java/security/PrivilegedActionException'{0x00000000a74ae390}> (0x00000000a74ae390) thrown at [./open/src/hotspot/share/prims/jvm.cpp, line 1305]
Event: 1.004 Thread 0x0000026034abb000 Exception <a 'java/security/PrivilegedActionException'{0x00000000a74ae660}> (0x00000000a74ae660) thrown at [./open/src/hotspot/share/prims/jvm.cpp, line 1305]

Events (10 events):
Event: 1.002 loading class org/lwjgl/opengl/GL$1
Event: 1.002 loading class org/lwjgl/opengl/GL$1 done
Event: 1.003 Executing VM operation: RevokeBias
Event: 1.003 Executing VM operation: RevokeBias done
Event: 1.003 loading class org/lwjgl/system/SharedLibrary$Delegate
Event: 1.003 loading class org/lwjgl/system/SharedLibrary$Delegate done
Event: 1.005 loading class org/lwjgl/opengl/GL11C
Event: 1.005 loading class org/lwjgl/opengl/GL11C done
Event: 1.007 loading class org/lwjgl/system/libc/LibCString
Event: 1.007 loading class org/lwjgl/system/libc/LibCString done


Dynamic libraries:
0x00007ff654da0000 - 0x00007ff654daf000 	C:\Program Files\Java\jdk-11.0.12\bin\java.exe
0x00007ff93cbe0000 - 0x00007ff93cde9000 	C:\WINDOWS\SYSTEM32\ntdll.dll
0x00007ff93b3b0000 - 0x00007ff93b46d000 	C:\WINDOWS\System32\KERNEL32.DLL
0x00007ff93a0d0000 - 0x00007ff93a449000 	C:\WINDOWS\System32\KERNELBASE.dll
0x00007ff93a450000 - 0x00007ff93a561000 	C:\WINDOWS\System32\ucrtbase.dll
0x00007ff9312f0000 - 0x00007ff931305000 	C:\Program Files\Java\jdk-11.0.12\bin\VCRUNTIME140.dll
0x00007ff92c600000 - 0x00007ff92c618000 	C:\Program Files\Java\jdk-11.0.12\bin\jli.dll
0x00007ff93cab0000 - 0x00007ff93cb5e000 	C:\WINDOWS\System32\ADVAPI32.dll
0x00007ff93b700000 - 0x00007ff93b7a3000 	C:\WINDOWS\System32\msvcrt.dll
0x00007ff93aa80000 - 0x00007ff93ab1e000 	C:\WINDOWS\System32\sechost.dll
0x00007ff93c2b0000 - 0x00007ff93c3d0000 	C:\WINDOWS\System32\RPCRT4.dll
0x00007ff93ab80000 - 0x00007ff93ad2c000 	C:\WINDOWS\System32\USER32.dll
0x00007ff92acd0000 - 0x00007ff92af75000 	C:\WINDOWS\WinSxS\amd64_microsoft.windows.common-controls_6595b64144ccf1df_6.0.22000.120_none_9d947278b86cc467\COMCTL32.dll
0x00007ff93aa50000 - 0x00007ff93aa76000 	C:\WINDOWS\System32\win32u.dll
0x00007ff93cb70000 - 0x00007ff93cb99000 	C:\WINDOWS\System32\GDI32.dll
0x00007ff93a7c0000 - 0x00007ff93a8d2000 	C:\WINDOWS\System32\gdi32full.dll
0x00007ff93a5f0000 - 0x00007ff93a68d000 	C:\WINDOWS\System32\msvcp_win.dll
0x00007ff92f9e0000 - 0x00007ff92f9ea000 	C:\WINDOWS\SYSTEM32\VERSION.dll
0x00007ff93ad30000 - 0x00007ff93ad61000 	C:\WINDOWS\System32\IMM32.DLL
0x00007ff9191e0000 - 0x00007ff91927b000 	C:\Program Files\Java\jdk-11.0.12\bin\msvcp140.dll
0x00007ff8fc2a0000 - 0x00007ff8fcd9f000 	C:\Program Files\Java\jdk-11.0.12\bin\server\jvm.dll
0x00007ff93b950000 - 0x00007ff93b958000 	C:\WINDOWS\System32\PSAPI.DLL
0x00007ff92f850000 - 0x00007ff92f859000 	C:\WINDOWS\SYSTEM32\WSOCK32.dll
0x00007ff930050000 - 0x00007ff930083000 	C:\WINDOWS\SYSTEM32\WINMM.dll
0x00007ff93c770000 - 0x00007ff93c7df000 	C:\WINDOWS\System32\WS2_32.dll
0x00007ff9391d0000 - 0x00007ff9391e8000 	C:\WINDOWS\SYSTEM32\kernel.appcore.dll
0x00007ff936580000 - 0x00007ff936590000 	C:\Program Files\Java\jdk-11.0.12\bin\verify.dll
0x00007ff92d780000 - 0x00007ff92d9a1000 	C:\WINDOWS\SYSTEM32\DBGHELP.DLL
0x00007ff9240d0000 - 0x00007ff924101000 	C:\WINDOWS\SYSTEM32\dbgcore.DLL
0x00007ff93a570000 - 0x00007ff93a5ef000 	C:\WINDOWS\System32\bcryptPrimitives.dll
0x00007ff92c2b0000 - 0x00007ff92c2d8000 	C:\Program Files\Java\jdk-11.0.12\bin\java.dll
0x00007ff936560000 - 0x00007ff93656a000 	C:\Program Files\Java\jdk-11.0.12\bin\jimage.dll
0x00007ff92c190000 - 0x00007ff92c1a6000 	C:\Program Files\Java\jdk-11.0.12\bin\zip.dll
0x00007ff93b960000 - 0x00007ff93c10f000 	C:\WINDOWS\System32\SHELL32.dll
0x00007ff938240000 - 0x00007ff938aa8000 	C:\WINDOWS\SYSTEM32\windows.storage.dll
0x00007ff93c3e0000 - 0x00007ff93c758000 	C:\WINDOWS\System32\combase.dll
0x00007ff9380d0000 - 0x00007ff938236000 	C:\WINDOWS\SYSTEM32\wintypes.dll
0x00007ff93b590000 - 0x00007ff93b67a000 	C:\WINDOWS\System32\SHCORE.dll
0x00007ff93ab20000 - 0x00007ff93ab7d000 	C:\WINDOWS\System32\shlwapi.dll
0x00007ff93a000000 - 0x00007ff93a021000 	C:\WINDOWS\SYSTEM32\profapi.dll
0x00007ff92bd00000 - 0x00007ff92bd19000 	C:\Program Files\Java\jdk-11.0.12\bin\net.dll
0x00007ff92ff40000 - 0x00007ff93004c000 	C:\WINDOWS\SYSTEM32\WINHTTP.dll
0x00007ff939670000 - 0x00007ff9396d7000 	C:\WINDOWS\system32\mswsock.dll
0x00007ff92bc80000 - 0x00007ff92bc92000 	C:\Program Files\Java\jdk-11.0.12\bin\nio.dll
0x00007ff90d2b0000 - 0x00007ff90d44a000 	C:\Program Files\Java\jdk-11.0.12\bin\awt.dll
0x00007ff93b870000 - 0x00007ff93b946000 	C:\WINDOWS\System32\OLEAUT32.dll
0x00007ff9375c0000 - 0x00007ff937651000 	C:\WINDOWS\SYSTEM32\apphelp.dll
0x00007ff9293d0000 - 0x00007ff9293fd000 	C:\Program Files\Java\jdk-11.0.12\bin\javajpeg.dll
0x00007ff90f780000 - 0x00007ff90f7f5000 	C:\Users\Dima\AppData\Local\Temp\lwjglMishanya\3.3.1-build-7\lwjgl.dll
0x00007ff919000000 - 0x00007ff91905d000 	C:\Users\Dima\AppData\Local\Temp\lwjglMishanya\3.3.1-build-7\lwjgl_opengl.dll
0x00007ff9275a0000 - 0x00007ff9276a1000 	C:\WINDOWS\SYSTEM32\opengl32.dll
0x00007ff92d6d0000 - 0x00007ff92d6fd000 	C:\WINDOWS\SYSTEM32\GLU32.dll
0x00007ff937920000 - 0x00007ff937958000 	C:\WINDOWS\SYSTEM32\dxcore.dll
0x00007ff8fc040000 - 0x00007ff8fc299000 	C:\Users\Dima\AppData\Local\Temp\lwjglMishanya\3.3.1-build-7\jemalloc.dll

dbghelp: loaded successfully - version: 4.0.5 - missing functions: none
symbol engine: initialized successfully - sym options: 0x614 - pdb path: .;C:\Program Files\Java\jdk-11.0.12\bin;C:\WINDOWS\SYSTEM32;C:\WINDOWS\WinSxS\amd64_microsoft.windows.common-controls_6595b64144ccf1df_6.0.22000.120_none_9d947278b86cc467;C:\Program Files\Java\jdk-11.0.12\bin\server;C:\Users\Dima\AppData\Local\Temp\lwjglMishanya\3.3.1-build-7

VM Arguments:
jvm_args: -Dfile.encoding=windows-1251 -Duser.country=RU -Duser.language=ru -Duser.variant 
java_command: Main
java_class_path (initial): C:\Users\Dima\ProjectGUI\build\classes\java\main;C:\Users\Dima\ProjectGUI\build\resources\main;C:\Users\Dima\gradle-task\caches\modules-2\files-2.1\org.jetbrains\annotations\23.0.0\8cc20c07506ec18e0834947b84a864bfc094484e\annotations-23.0.0.jar;C:\Users\Dima\gradle-task\caches\modules-2\files-2.1\org.lwjgl\lwjgl-assimp\3.3.1\312072f451794f25670aebb0160ce6ec88aff842\lwjgl-assimp-3.3.1.jar;C:\Users\Dima\gradle-task\caches\modules-2\files-2.1\org.lwjgl\lwjgl-assimp\3.3.1\bfa2a0d57acbf952b716d0ad8a3acbd7ad9f5639\lwjgl-assimp-3.3.1-natives-windows.jar;C:\Users\Dima\gradle-task\caches\modules-2\files-2.1\org.lwjgl\lwjgl-bgfx\3.3.1\4243b7d255d885980f10c36edfb678729493685e\lwjgl-bgfx-3.3.1.jar;C:\Users\Dima\gradle-task\caches\modules-2\files-2.1\org.lwjgl\lwjgl-bgfx\3.3.1\12f22e13c99db9153124dbc17b84fe0233c6f3d5\lwjgl-bgfx-3.3.1-natives-windows.jar;C:\Users\Dima\gradle-task\caches\modules-2\files-2.1\org.lwjgl\lwjgl-cuda\3.3.1\8b67bd7760450f890eade8f74bfaf0dca10821fe\lwjgl-cuda-3.3.1.jar;C:\Users\Dima\gradle-task\caches\modules-2\files-2.1\org.lwjgl\lwjgl-egl\3.3.1\8399e6734ad7d97d2e1f865b2c6c5232d5126dca\lwjgl-egl-3.3.1.jar;C:\Users\Dima\gradle-task\caches\modules-2\files-2.1\org.lwjgl\lwjgl-glfw\3.3.1\cbac1b8d30cb4795149c1ef540f912671a8616d0\lwjgl-glfw-3.3.1.jar;C:\Users\Dima\gradle-task\caches\modules-2\files-2.1\org.lwjgl\lwjgl-glfw\3.3.1\ed892f945cf7e79c8756796f32d00fa4ceaf573b\lwjgl-glfw-3.3.1-natives-windows.jar;C:\Users\Dima\gradle-task\caches\modules-2\files-2.1\org.lwjgl\lwjgl-jawt\3.3.1\30330b16b809655d42f4951ece57f425cce43ce2\lwjgl-jawt-3.3.1.jar;C:\Users\Dima\gradle-task\caches\modules-2\files-2.1\org.lwjgl\lwjgl-jemalloc\3.3.1\a817bcf213db49f710603677457567c37d53e103\lwjgl-jemalloc-3.3.1.jar;C:\Users\Dima\gradle-task\caches\modules-2\files-2.1\org.lwjgl\lwjgl-jemalloc\3.3.1\948a89b76a16aa324b046ae9308891216ffce5f9\lwjgl-jemalloc-3.3.1-natives-windows.jar;C:\Users\Dima\gradle-task\caches\modules-2\files-2.1\org.lwjgl\lwjgl-libdivide
Launcher Type: SUN_STANDARD

[Global flags]
     intx CICompilerCount                          = 3                                         {product} {ergonomic}
     uint ConcGCThreads                            = 1                                         {product} {ergonomic}
     uint G1ConcRefinementThreads                  = 4                                         {product} {ergonomic}
   size_t G1HeapRegionSize                         = 1048576                                   {product} {ergonomic}
    uintx GCDrainStackTargetSize                   = 64                                        {product} {ergonomic}
   size_t InitialHeapSize                          = 100663296                                 {product} {ergonomic}
   size_t MarkStackSize                            = 4194304                                   {product} {ergonomic}
   size_t MaxHeapSize                              = 1581252608                                {product} {ergonomic}
   size_t MaxNewSize                               = 947912704                                 {product} {ergonomic}
   size_t MinHeapDeltaBytes                        = 1048576                                   {product} {ergonomic}
    uintx NonNMethodCodeHeapSize                   = 5830732                                {pd product} {ergonomic}
    uintx NonProfiledCodeHeapSize                  = 122913754                              {pd product} {ergonomic}
    uintx ProfiledCodeHeapSize                     = 122913754                              {pd product} {ergonomic}
    uintx ReservedCodeCacheSize                    = 251658240                              {pd product} {ergonomic}
     bool SegmentedCodeCache                       = true                                      {product} {ergonomic}
     bool UseCompressedClassPointers               = true                                 {lp64_product} {ergonomic}
     bool UseCompressedOops                        = true                                 {lp64_product} {ergonomic}
     bool UseG1GC                                  = true                                      {product} {ergonomic}
     bool UseLargePagesIndividualAllocation        = false                                  {pd product} {ergonomic}

Logging:
Log output configuration:
 #0: stdout all=warning uptime,level,tags
 #1: stderr all=off uptime,level,tags

Environment Variables:
PATH=C:\Program Files (x86)\Embarcadero\Studio\21.0\bin;C:\Users\Public\Documents\Embarcadero\Studio\21.0\Bpl;C:\Program Files (x86)\Embarcadero\Studio\21.0\bin64;C:\Users\Public\Documents\Embarcadero\Studio\21.0\Bpl\Win64;C:\Program Files (x86)\Embarcadero\Studio\22.0\bin;C:\Users\Public\Documents\Embarcadero\Studio\22.0\Bpl;C:\Program Files (x86)\Embarcadero\Studio\22.0\bin64;C:\Users\Public\Documents\Embarcadero\Studio\22.0\Bpl\Win64;C:\Program Files\Common Files\Oracle\Java\javapath;C:\WINDOWS\system32;C:\WINDOWS;C:\WINDOWS\System32\Wbem;C:\WINDOWS\System32\WindowsPowerShell\v1.0\;C:\WINDOWS\System32\OpenSSH\;C:\Program Files\NVIDIA Corporation\NVIDIA NvDLISR;C:\Program Files (x86)\NVIDIA Corporation\PhysX\Common;C:\Program Files\Git\cmd;C:\WINDOWS\system32;C:\WINDOWS;C:\WINDOWS\System32\Wbem;C:\WINDOWS\System32\WindowsPowerShell\v1.0\;C:\WINDOWS\System32\OpenSSH\;C:\Users\Dima\AppData\Local\Programs\Python\Python310\Scripts\;C:\Users\Dima\AppData\Local\Programs\Python\Python310\;C:\Users\Dima\AppData\Local\Microsoft\WindowsApps;C:\Users\Dima\AppData\Local\GitHubDesktop\bin;C:\Users\Dima\AppData\Local\Pandoc\;C:\Users\Dima\Downloads\pip;
USERNAME=Mishanya
OS=Windows_NT
PROCESSOR_IDENTIFIER=Intel64 Family 6 Model 58 Stepping 9, GenuineIntel



---------------  S Y S T E M  ---------------

OS: Windows 10 , 64 bit Build 22000 (10.0.22000.675)

CPU:total 4 (initial active 4) (2 cores per cpu, 2 threads per core) family 6 model 58 stepping 9 microcode 0x21, cmov, cx8, fxsr, mmx, sse, sse2, sse3, ssse3, sse4.1, sse4.2, popcnt, avx, aes, clmul, erms, ht, tsc, tscinvbit, tscinv

Memory: 4k page, system-wide physical 6029M (963M free)
TotalPageFile size 13688M (AvailPageFile size 4070M)
current process WorkingSet (physical memory assigned to process): 77M, peak: 78M
current process commit charge ("private bytes"): 194M, peak: 195M

vm_info: Java HotSpot(TM) 64-Bit Server VM (11.0.12+8-LTS-237) for windows-amd64 JRE (11.0.12+8-LTS-237), built on Jun  8 2021 11:25:59 by "mach5one" with MS VC++ 15.9 (VS2017)

END.
