#
# A fatal error has been detected by the Java Runtime Environment:
#
#  EXCEPTION_ACCESS_VIOLATION (0xc0000005) at pc=0x00007ff91883c64d, pid=17868, tid=9996
#
# JRE version: Java(TM) SE Runtime Environment 18.9 (11.0.12+8) (build 11.0.12+8-LTS-237)
# Java VM: Java HotSpot(TM) 64-Bit Server VM 18.9 (11.0.12+8-LTS-237, mixed mode, tiered, compressed oops, g1 gc, windows-amd64)
# Problematic frame:
# C  [lwjgl_opengl.dll+0xc64d]
#
# No core dump will be written. Minidumps are not enabled by default on client versions of Windows
#
# If you would like to submit a bug report, please visit:
#   https://bugreport.java.com/bugreport/crash.jsp
# The crash happened outside the Java Virtual Machine in native code.
# See problematic frame for where to report the bug.
#

---------------  S U M M A R Y ------------

Command Line: -Dfile.encoding=windows-1251 -Duser.country=RU -Duser.language=ru -Duser.variant Main

Host: Intel(R) Core(TM) i5-3317U CPU @ 1.70GHz, 4 cores, 5G,  Windows 10 , 64 bit Build 22000 (10.0.22000.675)
Time: Sun May 29 14:38:41 2022 RTZ 2 (зима) elapsed time: 1.478383 seconds (0d 0h 0m 1s)

---------------  T H R E A D  ---------------

Current thread (0x00000225d621c000):  JavaThread "main" [_thread_in_native, id=9996, stack(0x000000fa16600000,0x000000fa16700000)]

Stack: [0x000000fa16600000,0x000000fa16700000],  sp=0x000000fa166fecd8,  free space=1019k
Native frames: (J=compiled Java code, j=interpreted, Vv=VM code, C=native code)
C  [lwjgl_opengl.dll+0xc64d]

Java frames: (J=compiled Java code, j=interpreted, Vv=VM code)
j  org.lwjgl.opengl.GL11C.nglGenTextures(IJ)V+0
j  org.lwjgl.opengl.GL11C.glGenTextures()I+20
j  org.lwjgl.opengl.GL11.glGenTextures()I+0
J 978% c1 graphic.Texture.loadTexture(Ljava/awt/image/BufferedImage;)I (241 bytes) @ 0x00000225dee1be0c [0x00000225dee1b1e0+0x0000000000000c2c]
j  model.Display.drawImage(III)V+9
j  model.Display.loop()V+4
j  model.Display.run()V+23
j  Main.main([Ljava/lang/String;)V+121
v  ~StubRoutines::call_stub

siginfo: EXCEPTION_ACCESS_VIOLATION (0xc0000005), reading address 0x00000000000002d8


Register to memory mapping:

RIP=0x00007ff91883c64d lwjgl_opengl.dll
RAX=0x00000225f4489300 points into unknown readable memory: 0x0000000000000000 | 00 00 00 00 00 00 00 00
RBX={method} {0x00000225f9ca9170} 'nglGenTextures' '(IJ)V' in 'org/lwjgl/opengl/GL11C'
RCX=0x0000000000000001 is an unknown value
RDX=0x00000225f48e62dc points into unknown readable memory: 00 00 00 00
RSP=0x000000fa166fecd8 is pointing into the stack for thread: 0x00000225d621c000
RBP=0x000000fa166fed68 is pointing into the stack for thread: 0x00000225d621c000
RSI=0x00000225f59309e0 is pointing into metadata
RDI=0x0000000000000001 is an unknown value
R8 =0x0000000000000001 is an unknown value
R9 =0x00000225f48e62dc points into unknown readable memory: 00 00 00 00
R10=0x0 is NULL
R11=0x00000000a7298700 is an oop: java.lang.Class 
{0x00000000a7298700} - klass: 'java/lang/Class'
R12=0x0 is NULL
R13={method} {0x00000225f9ca9170} 'nglGenTextures' '(IJ)V' in 'org/lwjgl/opengl/GL11C'
R14=0x000000fa166fed98 is pointing into the stack for thread: 0x00000225d621c000
R15=0x00000225d621c000 is a thread


Registers:
RAX=0x00000225f4489300, RBX=0x00000225f9ca9168, RCX=0x0000000000000001, RDX=0x00000225f48e62dc
RSP=0x000000fa166fecd8, RBP=0x000000fa166fed68, RSI=0x00000225f59309e0, RDI=0x0000000000000001
R8 =0x0000000000000001, R9 =0x00000225f48e62dc, R10=0x0000000000000000, R11=0x00000000a7298700
R12=0x0000000000000000, R13=0x00000225f9ca9168, R14=0x000000fa166fed98, R15=0x00000225d621c000
RIP=0x00007ff91883c64d, EFLAGS=0x0000000000010202

Top of Stack: (sp=0x000000fa166fecd8)
0x000000fa166fecd8:   00000225de6df257 0000000000000001
0x000000fa166fece8:   00000225de6def3c 00000225d621c000
0x000000fa166fecf8:   00000225f9ca9168 000000fa166fed68
0x000000fa166fed08:   00000225f59309e0 00000225de6d9bd0
0x000000fa166fed18:   00000225de6deef6 000000fa166fed20
0x000000fa166fed28:   00000225f9ca9168 000000fa166fed98
0x000000fa166fed38:   00000225f9cb3698 0000000000000000
0x000000fa166fed48:   00000000a7298700 00000225f9ca9168
0x000000fa166fed58:   0000000000000000 000000fa166fed88
0x000000fa166fed68:   000000fa166fede8 00000225de6da0c3
0x000000fa166fed78:   00000000a7298700 00000225de6dc298
0x000000fa166fed88:   00000225f48e62dc 0000000000000000
0x000000fa166fed98:   0000000000000001 000000fa166feda0
0x000000fa166feda8:   00000225f9ca92ec 000000fa166fee18
0x000000fa166fedb8:   00000225f9cb3698 0000000000000000
0x000000fa166fedc8:   00000000a7298700 00000225f9ca9358 

Instructions: (pc=0x00007ff91883c64d)
0x00007ff91883c62d:   c8 02 00 00 cc cc cc cc cc cc cc cc cc cc cc cc
0x00007ff91883c63d:   cc cc cc 48 8b 01 49 8b d1 41 8b c8 4c 8b 50 18
0x00007ff91883c64d:   49 ff a2 d8 02 00 00 cc cc cc cc cc cc cc cc cc
0x00007ff91883c65d:   cc cc cc 48 8b 01 49 8b d1 41 8b c8 4c 8b 50 18 


Stack slot to memory mapping:
stack at sp + 0 slots: 0x00000225de6df257 is at code_begin+1047 in an Interpreter codelet
method entry point (kind = native)  [0x00000225de6dee40, 0x00000225de6df8e0]  2720 bytes
stack at sp + 1 slots: 0x0000000000000001 is an unknown value
stack at sp + 2 slots: 0x00000225de6def3c is at code_begin+252 in an Interpreter codelet
method entry point (kind = native)  [0x00000225de6dee40, 0x00000225de6df8e0]  2720 bytes
stack at sp + 3 slots: 0x00000225d621c000 is a thread
stack at sp + 4 slots: {method} {0x00000225f9ca9170} 'nglGenTextures' '(IJ)V' in 'org/lwjgl/opengl/GL11C'
stack at sp + 5 slots: 0x000000fa166fed68 is pointing into the stack for thread: 0x00000225d621c000
stack at sp + 6 slots: 0x00000225f59309e0 is pointing into metadata
stack at sp + 7 slots: 0x00000225de6d9bd0 is at code_begin+1040 in an Interpreter codelet
invoke return entry points  [0x00000225de6d97c0, 0x00000225de6da1a0]  2528 bytes


---------------  P R O C E S S  ---------------

Threads class SMR info:
_java_thread_list=0x00000225f4c56e60, length=11, elements={
0x00000225d621c000, 0x00000225f33cc800, 0x00000225f33ba800, 0x00000225f3d73000,
0x00000225f33db800, 0x00000225f33dd000, 0x00000225f33e4000, 0x00000225f33e9800,
0x00000225f33ec000, 0x00000225f3eb4800, 0x00000225f4e43000
}

Java Threads: ( => current thread )
=>0x00000225d621c000 JavaThread "main" [_thread_in_native, id=9996, stack(0x000000fa16600000,0x000000fa16700000)]
  0x00000225f33cc800 JavaThread "Reference Handler" daemon [_thread_blocked, id=1688, stack(0x000000fa16d00000,0x000000fa16e00000)]
  0x00000225f33ba800 JavaThread "Finalizer" daemon [_thread_blocked, id=12092, stack(0x000000fa16e00000,0x000000fa16f00000)]
  0x00000225f3d73000 JavaThread "Signal Dispatcher" daemon [_thread_blocked, id=10736, stack(0x000000fa16f00000,0x000000fa17000000)]
  0x00000225f33db800 JavaThread "Attach Listener" daemon [_thread_blocked, id=17876, stack(0x000000fa17000000,0x000000fa17100000)]
  0x00000225f33dd000 JavaThread "Service Thread" daemon [_thread_blocked, id=6868, stack(0x000000fa17100000,0x000000fa17200000)]
  0x00000225f33e4000 JavaThread "C2 CompilerThread0" daemon [_thread_blocked, id=8472, stack(0x000000fa17200000,0x000000fa17300000)]
  0x00000225f33e9800 JavaThread "C1 CompilerThread0" daemon [_thread_blocked, id=13560, stack(0x000000fa17300000,0x000000fa17400000)]
  0x00000225f33ec000 JavaThread "Sweeper thread" daemon [_thread_blocked, id=13708, stack(0x000000fa17400000,0x000000fa17500000)]
  0x00000225f3eb4800 JavaThread "Common-Cleaner" daemon [_thread_blocked, id=10536, stack(0x000000fa17600000,0x000000fa17700000)]
  0x00000225f4e43000 JavaThread "Java2D Disposer" daemon [_thread_blocked, id=3552, stack(0x000000fa17700000,0x000000fa17800000)]

Other Threads:
  0x00000225f3395000 VMThread "VM Thread" [stack: 0x000000fa16c00000,0x000000fa16d00000] [id=1876]
  0x00000225f3eb3000 WatcherThread [stack: 0x000000fa17500000,0x000000fa17600000] [id=12256]
  0x00000225d6231000 GCTaskThread "GC Thread#0" [stack: 0x000000fa16700000,0x000000fa16800000] [id=7884]
  0x00000225f4958800 GCTaskThread "GC Thread#1" [stack: 0x000000fa17800000,0x000000fa17900000] [id=8812]
  0x00000225d6256800 ConcurrentGCThread "G1 Main Marker" [stack: 0x000000fa16800000,0x000000fa16900000] [id=12692]
  0x00000225d625a000 ConcurrentGCThread "G1 Conc#0" [stack: 0x000000fa16900000,0x000000fa16a00000] [id=4956]
  0x00000225d62cc800 ConcurrentGCThread "G1 Refine#0" [stack: 0x000000fa16a00000,0x000000fa16b00000] [id=14164]
  0x00000225d62cd800 ConcurrentGCThread "G1 Young RemSet Sampling" [stack: 0x000000fa16b00000,0x000000fa16c00000] [id=5128]

Threads with active compile tasks:

VM state:not at safepoint (normal execution)

VM Mutex/Monitor currently owned by a thread: None

Heap address: 0x00000000a1c00000, size: 1508 MB, Compressed Oops mode: 32-bit
Narrow klass base: 0x0000000000000000, Narrow klass shift: 3
Compressed class space size: 1073741824 Address: 0x0000000100000000

Heap:
 garbage-first heap   total 98304K, used 13592K [0x00000000a1c00000, 0x0000000100000000)
  region size 1024K, 12 young (12288K), 2 survivors (2048K)
 Metaspace       used 11928K, capacity 12194K, committed 12416K, reserved 1060864K
  class space    used 990K, capacity 1093K, committed 1152K, reserved 1048576K
Heap Regions: E=young(eden), S=young(survivor), O=old, HS=humongous(starts), HC=humongous(continues), CS=collection set, F=free, A=archive, TAMS=top-at-mark-start (previous, next)
|   0|0x00000000a1c00000, 0x00000000a1c46000, 0x00000000a1d00000| 27%| O|  |TAMS 0x00000000a1c00000, 0x00000000a1c00000| Untracked 
|   1|0x00000000a1d00000, 0x00000000a1e00000, 0x00000000a1e00000|100%|HS|  |TAMS 0x00000000a1d00000, 0x00000000a1d00000| Complete 
|   2|0x00000000a1e00000, 0x00000000a1f00000, 0x00000000a1f00000|100%|HS|  |TAMS 0x00000000a1e00000, 0x00000000a1e00000| Complete 
|   3|0x00000000a1f00000, 0x00000000a1f00000, 0x00000000a2000000|  0%| F|  |TAMS 0x00000000a1f00000, 0x00000000a1f00000| Untracked 
|   4|0x00000000a2000000, 0x00000000a2000000, 0x00000000a2100000|  0%| F|  |TAMS 0x00000000a2000000, 0x00000000a2000000| Untracked 
|   5|0x00000000a2100000, 0x00000000a2100000, 0x00000000a2200000|  0%| F|  |TAMS 0x00000000a2100000, 0x00000000a2100000| Untracked 
|   6|0x00000000a2200000, 0x00000000a2200000, 0x00000000a2300000|  0%| F|  |TAMS 0x00000000a2200000, 0x00000000a2200000| Untracked 
|   7|0x00000000a2300000, 0x00000000a2300000, 0x00000000a2400000|  0%| F|  |TAMS 0x00000000a2300000, 0x00000000a2300000| Untracked 
|   8|0x00000000a2400000, 0x00000000a2400000, 0x00000000a2500000|  0%| F|  |TAMS 0x00000000a2400000, 0x00000000a2400000| Untracked 
|   9|0x00000000a2500000, 0x00000000a2500000, 0x00000000a2600000|  0%| F|  |TAMS 0x00000000a2500000, 0x00000000a2500000| Untracked 
|  10|0x00000000a2600000, 0x00000000a2600000, 0x00000000a2700000|  0%| F|  |TAMS 0x00000000a2600000, 0x00000000a2600000| Untracked 
|  11|0x00000000a2700000, 0x00000000a2700000, 0x00000000a2800000|  0%| F|  |TAMS 0x00000000a2700000, 0x00000000a2700000| Untracked 
|  12|0x00000000a2800000, 0x00000000a2800000, 0x00000000a2900000|  0%| F|  |TAMS 0x00000000a2800000, 0x00000000a2800000| Untracked 
|  13|0x00000000a2900000, 0x00000000a2900000, 0x00000000a2a00000|  0%| F|  |TAMS 0x00000000a2900000, 0x00000000a2900000| Untracked 
|  14|0x00000000a2a00000, 0x00000000a2a00000, 0x00000000a2b00000|  0%| F|  |TAMS 0x00000000a2a00000, 0x00000000a2a00000| Untracked 
|  15|0x00000000a2b00000, 0x00000000a2b00000, 0x00000000a2c00000|  0%| F|  |TAMS 0x00000000a2b00000, 0x00000000a2b00000| Untracked 
|  16|0x00000000a2c00000, 0x00000000a2c00000, 0x00000000a2d00000|  0%| F|  |TAMS 0x00000000a2c00000, 0x00000000a2c00000| Untracked 
|  17|0x00000000a2d00000, 0x00000000a2d00000, 0x00000000a2e00000|  0%| F|  |TAMS 0x00000000a2d00000, 0x00000000a2d00000| Untracked 
|  18|0x00000000a2e00000, 0x00000000a2e00000, 0x00000000a2f00000|  0%| F|  |TAMS 0x00000000a2e00000, 0x00000000a2e00000| Untracked 
|  19|0x00000000a2f00000, 0x00000000a2f00000, 0x00000000a3000000|  0%| F|  |TAMS 0x00000000a2f00000, 0x00000000a2f00000| Untracked 
|  20|0x00000000a3000000, 0x00000000a3000000, 0x00000000a3100000|  0%| F|  |TAMS 0x00000000a3000000, 0x00000000a3000000| Untracked 
|  21|0x00000000a3100000, 0x00000000a3100000, 0x00000000a3200000|  0%| F|  |TAMS 0x00000000a3100000, 0x00000000a3100000| Untracked 
|  22|0x00000000a3200000, 0x00000000a3200000, 0x00000000a3300000|  0%| F|  |TAMS 0x00000000a3200000, 0x00000000a3200000| Untracked 
|  23|0x00000000a3300000, 0x00000000a3300000, 0x00000000a3400000|  0%| F|  |TAMS 0x00000000a3300000, 0x00000000a3300000| Untracked 
|  24|0x00000000a3400000, 0x00000000a3400000, 0x00000000a3500000|  0%| F|  |TAMS 0x00000000a3400000, 0x00000000a3400000| Untracked 
|  25|0x00000000a3500000, 0x00000000a3500000, 0x00000000a3600000|  0%| F|  |TAMS 0x00000000a3500000, 0x00000000a3500000| Untracked 
|  26|0x00000000a3600000, 0x00000000a3600000, 0x00000000a3700000|  0%| F|  |TAMS 0x00000000a3600000, 0x00000000a3600000| Untracked 
|  27|0x00000000a3700000, 0x00000000a3700000, 0x00000000a3800000|  0%| F|  |TAMS 0x00000000a3700000, 0x00000000a3700000| Untracked 
|  28|0x00000000a3800000, 0x00000000a3800000, 0x00000000a3900000|  0%| F|  |TAMS 0x00000000a3800000, 0x00000000a3800000| Untracked 
|  29|0x00000000a3900000, 0x00000000a3900000, 0x00000000a3a00000|  0%| F|  |TAMS 0x00000000a3900000, 0x00000000a3900000| Untracked 
|  30|0x00000000a3a00000, 0x00000000a3a00000, 0x00000000a3b00000|  0%| F|  |TAMS 0x00000000a3a00000, 0x00000000a3a00000| Untracked 
|  31|0x00000000a3b00000, 0x00000000a3b00000, 0x00000000a3c00000|  0%| F|  |TAMS 0x00000000a3b00000, 0x00000000a3b00000| Untracked 
|  32|0x00000000a3c00000, 0x00000000a3c00000, 0x00000000a3d00000|  0%| F|  |TAMS 0x00000000a3c00000, 0x00000000a3c00000| Untracked 
|  33|0x00000000a3d00000, 0x00000000a3d00000, 0x00000000a3e00000|  0%| F|  |TAMS 0x00000000a3d00000, 0x00000000a3d00000| Untracked 
|  34|0x00000000a3e00000, 0x00000000a3e00000, 0x00000000a3f00000|  0%| F|  |TAMS 0x00000000a3e00000, 0x00000000a3e00000| Untracked 
|  35|0x00000000a3f00000, 0x00000000a3f00000, 0x00000000a4000000|  0%| F|  |TAMS 0x00000000a3f00000, 0x00000000a3f00000| Untracked 
|  36|0x00000000a4000000, 0x00000000a4000000, 0x00000000a4100000|  0%| F|  |TAMS 0x00000000a4000000, 0x00000000a4000000| Untracked 
|  37|0x00000000a4100000, 0x00000000a4100000, 0x00000000a4200000|  0%| F|  |TAMS 0x00000000a4100000, 0x00000000a4100000| Untracked 
|  38|0x00000000a4200000, 0x00000000a4200000, 0x00000000a4300000|  0%| F|  |TAMS 0x00000000a4200000, 0x00000000a4200000| Untracked 
|  39|0x00000000a4300000, 0x00000000a4300000, 0x00000000a4400000|  0%| F|  |TAMS 0x00000000a4300000, 0x00000000a4300000| Untracked 
|  40|0x00000000a4400000, 0x00000000a4400000, 0x00000000a4500000|  0%| F|  |TAMS 0x00000000a4400000, 0x00000000a4400000| Untracked 
|  41|0x00000000a4500000, 0x00000000a4500000, 0x00000000a4600000|  0%| F|  |TAMS 0x00000000a4500000, 0x00000000a4500000| Untracked 
|  42|0x00000000a4600000, 0x00000000a4600000, 0x00000000a4700000|  0%| F|  |TAMS 0x00000000a4600000, 0x00000000a4600000| Untracked 
|  43|0x00000000a4700000, 0x00000000a4700000, 0x00000000a4800000|  0%| F|  |TAMS 0x00000000a4700000, 0x00000000a4700000| Untracked 
|  44|0x00000000a4800000, 0x00000000a4800000, 0x00000000a4900000|  0%| F|  |TAMS 0x00000000a4800000, 0x00000000a4800000| Untracked 
|  45|0x00000000a4900000, 0x00000000a4900000, 0x00000000a4a00000|  0%| F|  |TAMS 0x00000000a4900000, 0x00000000a4900000| Untracked 
|  46|0x00000000a4a00000, 0x00000000a4a00000, 0x00000000a4b00000|  0%| F|  |TAMS 0x00000000a4a00000, 0x00000000a4a00000| Untracked 
|  47|0x00000000a4b00000, 0x00000000a4b00000, 0x00000000a4c00000|  0%| F|  |TAMS 0x00000000a4b00000, 0x00000000a4b00000| Untracked 
|  48|0x00000000a4c00000, 0x00000000a4c00000, 0x00000000a4d00000|  0%| F|  |TAMS 0x00000000a4c00000, 0x00000000a4c00000| Untracked 
|  49|0x00000000a4d00000, 0x00000000a4d00000, 0x00000000a4e00000|  0%| F|  |TAMS 0x00000000a4d00000, 0x00000000a4d00000| Untracked 
|  50|0x00000000a4e00000, 0x00000000a4e00000, 0x00000000a4f00000|  0%| F|  |TAMS 0x00000000a4e00000, 0x00000000a4e00000| Untracked 
|  51|0x00000000a4f00000, 0x00000000a4f00000, 0x00000000a5000000|  0%| F|  |TAMS 0x00000000a4f00000, 0x00000000a4f00000| Untracked 
|  52|0x00000000a5000000, 0x00000000a5000000, 0x00000000a5100000|  0%| F|  |TAMS 0x00000000a5000000, 0x00000000a5000000| Untracked 
|  53|0x00000000a5100000, 0x00000000a5100000, 0x00000000a5200000|  0%| F|  |TAMS 0x00000000a5100000, 0x00000000a5100000| Untracked 
|  54|0x00000000a5200000, 0x00000000a5200000, 0x00000000a5300000|  0%| F|  |TAMS 0x00000000a5200000, 0x00000000a5200000| Untracked 
|  55|0x00000000a5300000, 0x00000000a5300000, 0x00000000a5400000|  0%| F|  |TAMS 0x00000000a5300000, 0x00000000a5300000| Untracked 
|  56|0x00000000a5400000, 0x00000000a5400000, 0x00000000a5500000|  0%| F|  |TAMS 0x00000000a5400000, 0x00000000a5400000| Untracked 
|  57|0x00000000a5500000, 0x00000000a5500000, 0x00000000a5600000|  0%| F|  |TAMS 0x00000000a5500000, 0x00000000a5500000| Untracked 
|  58|0x00000000a5600000, 0x00000000a5600000, 0x00000000a5700000|  0%| F|  |TAMS 0x00000000a5600000, 0x00000000a5600000| Untracked 
|  59|0x00000000a5700000, 0x00000000a5700000, 0x00000000a5800000|  0%| F|  |TAMS 0x00000000a5700000, 0x00000000a5700000| Untracked 
|  60|0x00000000a5800000, 0x00000000a5800000, 0x00000000a5900000|  0%| F|  |TAMS 0x00000000a5800000, 0x00000000a5800000| Untracked 
|  61|0x00000000a5900000, 0x00000000a5900000, 0x00000000a5a00000|  0%| F|  |TAMS 0x00000000a5900000, 0x00000000a5900000| Untracked 
|  62|0x00000000a5a00000, 0x00000000a5a00000, 0x00000000a5b00000|  0%| F|  |TAMS 0x00000000a5a00000, 0x00000000a5a00000| Untracked 
|  63|0x00000000a5b00000, 0x00000000a5b00000, 0x00000000a5c00000|  0%| F|  |TAMS 0x00000000a5b00000, 0x00000000a5b00000| Untracked 
|  64|0x00000000a5c00000, 0x00000000a5c00000, 0x00000000a5d00000|  0%| F|  |TAMS 0x00000000a5c00000, 0x00000000a5c00000| Untracked 
|  65|0x00000000a5d00000, 0x00000000a5d00000, 0x00000000a5e00000|  0%| F|  |TAMS 0x00000000a5d00000, 0x00000000a5d00000| Untracked 
|  66|0x00000000a5e00000, 0x00000000a5e00000, 0x00000000a5f00000|  0%| F|  |TAMS 0x00000000a5e00000, 0x00000000a5e00000| Untracked 
|  67|0x00000000a5f00000, 0x00000000a5f00000, 0x00000000a6000000|  0%| F|  |TAMS 0x00000000a5f00000, 0x00000000a5f00000| Untracked 
|  68|0x00000000a6000000, 0x00000000a6000000, 0x00000000a6100000|  0%| F|  |TAMS 0x00000000a6000000, 0x00000000a6000000| Untracked 
|  69|0x00000000a6100000, 0x00000000a6100000, 0x00000000a6200000|  0%| F|  |TAMS 0x00000000a6100000, 0x00000000a6100000| Untracked 
|  70|0x00000000a6200000, 0x00000000a6200000, 0x00000000a6300000|  0%| F|  |TAMS 0x00000000a6200000, 0x00000000a6200000| Untracked 
|  71|0x00000000a6300000, 0x00000000a6300000, 0x00000000a6400000|  0%| F|  |TAMS 0x00000000a6300000, 0x00000000a6300000| Untracked 
|  72|0x00000000a6400000, 0x00000000a6400000, 0x00000000a6500000|  0%| F|  |TAMS 0x00000000a6400000, 0x00000000a6400000| Untracked 
|  73|0x00000000a6500000, 0x00000000a6500000, 0x00000000a6600000|  0%| F|  |TAMS 0x00000000a6500000, 0x00000000a6500000| Untracked 
|  74|0x00000000a6600000, 0x00000000a6600000, 0x00000000a6700000|  0%| F|  |TAMS 0x00000000a6600000, 0x00000000a6600000| Untracked 
|  75|0x00000000a6700000, 0x00000000a6700000, 0x00000000a6800000|  0%| F|  |TAMS 0x00000000a6700000, 0x00000000a6700000| Untracked 
|  76|0x00000000a6800000, 0x00000000a6800000, 0x00000000a6900000|  0%| F|  |TAMS 0x00000000a6800000, 0x00000000a6800000| Untracked 
|  77|0x00000000a6900000, 0x00000000a6900000, 0x00000000a6a00000|  0%| F|  |TAMS 0x00000000a6900000, 0x00000000a6900000| Untracked 
|  78|0x00000000a6a00000, 0x00000000a6a00000, 0x00000000a6b00000|  0%| F|  |TAMS 0x00000000a6a00000, 0x00000000a6a00000| Untracked 
|  79|0x00000000a6b00000, 0x00000000a6b00000, 0x00000000a6c00000|  0%| F|  |TAMS 0x00000000a6b00000, 0x00000000a6b00000| Untracked 
|  80|0x00000000a6c00000, 0x00000000a6d00000, 0x00000000a6d00000|100%| S|CS|TAMS 0x00000000a6c00000, 0x00000000a6c00000| Complete 
|  81|0x00000000a6d00000, 0x00000000a6e00000, 0x00000000a6e00000|100%| S|CS|TAMS 0x00000000a6d00000, 0x00000000a6d00000| Complete 
|  82|0x00000000a6e00000, 0x00000000a6e00000, 0x00000000a6f00000|  0%| F|  |TAMS 0x00000000a6e00000, 0x00000000a6e00000| Untracked 
|  83|0x00000000a6f00000, 0x00000000a6f00000, 0x00000000a7000000|  0%| F|  |TAMS 0x00000000a6f00000, 0x00000000a6f00000| Untracked 
|  84|0x00000000a7000000, 0x00000000a7000000, 0x00000000a7100000|  0%| F|  |TAMS 0x00000000a7000000, 0x00000000a7000000| Untracked 
|  85|0x00000000a7100000, 0x00000000a7100000, 0x00000000a7200000|  0%| F|  |TAMS 0x00000000a7100000, 0x00000000a7100000| Untracked 
|  86|0x00000000a7200000, 0x00000000a7300000, 0x00000000a7300000|100%| E|  |TAMS 0x00000000a7200000, 0x00000000a7200000| Complete 
|  87|0x00000000a7300000, 0x00000000a7400000, 0x00000000a7400000|100%| E|CS|TAMS 0x00000000a7300000, 0x00000000a7300000| Complete 
|  88|0x00000000a7400000, 0x00000000a7500000, 0x00000000a7500000|100%| E|CS|TAMS 0x00000000a7400000, 0x00000000a7400000| Complete 
|  89|0x00000000a7500000, 0x00000000a7600000, 0x00000000a7600000|100%| E|CS|TAMS 0x00000000a7500000, 0x00000000a7500000| Complete 
|  90|0x00000000a7600000, 0x00000000a7700000, 0x00000000a7700000|100%| E|CS|TAMS 0x00000000a7600000, 0x00000000a7600000| Complete 
|  91|0x00000000a7700000, 0x00000000a7800000, 0x00000000a7800000|100%| E|CS|TAMS 0x00000000a7700000, 0x00000000a7700000| Complete 
|  92|0x00000000a7800000, 0x00000000a7900000, 0x00000000a7900000|100%| E|CS|TAMS 0x00000000a7800000, 0x00000000a7800000| Complete 
|  93|0x00000000a7900000, 0x00000000a7a00000, 0x00000000a7a00000|100%| E|CS|TAMS 0x00000000a7900000, 0x00000000a7900000| Complete 
|  94|0x00000000a7a00000, 0x00000000a7b00000, 0x00000000a7b00000|100%| E|CS|TAMS 0x00000000a7a00000, 0x00000000a7a00000| Complete 
|  95|0x00000000a7b00000, 0x00000000a7c00000, 0x00000000a7c00000|100%| E|CS|TAMS 0x00000000a7b00000, 0x00000000a7b00000| Complete 

Card table byte_map: [0x00000225ed9d0000,0x00000225edcd0000] _byte_map_base: 0x00000225ed4c2000

Marking Bits (Prev, Next): (CMBitMap*) 0x00000225d624fca8, (CMBitMap*) 0x00000225d624fce0
 Prev Bits: [0x00000225edfd0000, 0x00000225ef760000)
 Next Bits: [0x00000225ef760000, 0x00000225f0ef0000)

Polling page: 0x00000225d41c0000

Metaspace:

Usage:
  Non-class:     10.84 MB capacity,    10.68 MB ( 99%) used,   140.93 KB (  1%) free+waste,    22.56 KB ( <1%) overhead. 
      Class:      1.07 MB capacity,   990.57 KB ( 91%) used,    91.55 KB (  8%) free+waste,    10.88 KB ( <1%) overhead. 
       Both:     11.91 MB capacity,    11.65 MB ( 98%) used,   232.48 KB (  2%) free+waste,    33.44 KB ( <1%) overhead. 

Virtual space:
  Non-class space:       12.00 MB reserved,      11.00 MB ( 92%) committed 
      Class space:        1.00 GB reserved,       1.13 MB ( <1%) committed 
             Both:        1.01 GB reserved,      12.13 MB (  1%) committed 

Chunk freelists:
   Non-Class:  4.38 KB
       Class:  3.38 KB
        Both:  7.75 KB

CodeHeap 'non-profiled nmethods': size=120064Kb used=338Kb max_used=338Kb free=119725Kb
 bounds [0x00000225e6190000, 0x00000225e6400000, 0x00000225ed6d0000]
CodeHeap 'profiled nmethods': size=120000Kb used=1838Kb max_used=1838Kb free=118161Kb
 bounds [0x00000225dec60000, 0x00000225deed0000, 0x00000225e6190000]
CodeHeap 'non-nmethods': size=5696Kb used=1445Kb max_used=1461Kb free=4251Kb
 bounds [0x00000225de6d0000, 0x00000225de940000, 0x00000225dec60000]
 total_blobs=1956 nmethods=1009 adapters=859
 compilation: enabled
              stopped_count=0, restarted_count=0
 full_count=0

Compilation events (10 events):
Event: 1.436 Thread 0x00000225f33e9800 1004       1       java.util.Formatter$Flags::valueOf (5 bytes)
Event: 1.436 Thread 0x00000225f33e9800 nmethod 1004 0x00000225e61e1f10 code [0x00000225e61e20a0, 0x00000225e61e2158]
Event: 1.437 Thread 0x00000225f33e9800 1005       2       java.util.HashMap::get (23 bytes)
Event: 1.437 Thread 0x00000225f33e9800 nmethod 1005 0x00000225dee2a490 code [0x00000225dee2a640, 0x00000225dee2a7d8]
Event: 1.444 Thread 0x00000225f33e9800 1006       3       sun.misc.Unsafe::putLong (11 bytes)
Event: 1.444 Thread 0x00000225f33e9800 nmethod 1006 0x00000225dee2a910 code [0x00000225dee2aaa0, 0x00000225dee2ab98]
Event: 1.444 Thread 0x00000225f33e9800 1007       3       org.lwjgl.system.MemoryUtil::memPutAddress (29 bytes)
Event: 1.444 Thread 0x00000225f33e9800 nmethod 1007 0x00000225dee2ac10 code [0x00000225dee2adc0, 0x00000225dee2af38]
Event: 1.448 Thread 0x00000225f33e9800 1009       3       java.lang.String::getChars (54 bytes)
Event: 1.449 Thread 0x00000225f33e9800 nmethod 1009 0x00000225dee2b010 code [0x00000225dee2b220, 0x00000225dee2b6d8]

GC Heap History (2 events):
Event: 0.841 GC heap before
{Heap before GC invocations=0 (full 0):
 garbage-first heap   total 98304K, used 14336K [0x00000000a1c00000, 0x0000000100000000)
  region size 1024K, 14 young (14336K), 0 survivors (0K)
 Metaspace       used 8387K, capacity 8574K, committed 8832K, reserved 1056768K
  class space    used 738K, capacity 798K, committed 896K, reserved 1048576K
}
Event: 0.848 GC heap after
{Heap after GC invocations=1 (full 0):
 garbage-first heap   total 98304K, used 2328K [0x00000000a1c00000, 0x0000000100000000)
  region size 1024K, 2 young (2048K), 2 survivors (2048K)
 Metaspace       used 8387K, capacity 8574K, committed 8832K, reserved 1056768K
  class space    used 738K, capacity 798K, committed 896K, reserved 1048576K
}

Deoptimization events (10 events):
Event: 0.886 Thread 0x00000225d621c000 Uncommon trap: reason=class_check action=maybe_recompile pc=0x00000225e61b56f0 method=java.util.HashMap.getNode(ILjava/lang/Object;)Ljava/util/HashMap$Node; @ 59 c2
Event: 0.938 Thread 0x00000225d621c000 Uncommon trap: reason=class_check action=maybe_recompile pc=0x00000225e61b56f0 method=java.util.HashMap.getNode(ILjava/lang/Object;)Ljava/util/HashMap$Node; @ 59 c2
Event: 1.086 Thread 0x00000225d621c000 Uncommon trap: reason=unstable_if action=reinterpret pc=0x00000225e61ca030 method=java.io.WinNTFileSystem.normalize(Ljava/lang/String;II)Ljava/lang/String; @ 8 c2
Event: 1.157 Thread 0x00000225d621c000 Uncommon trap: reason=unstable_if action=reinterpret pc=0x00000225e61a0500 method=java.lang.StringCoding.hasNegatives([BII)Z @ 12 c2
Event: 1.157 Thread 0x00000225d621c000 Uncommon trap: reason=unstable_if action=reinterpret pc=0x00000225e61cc314 method=java.lang.StringUTF16.compress([CI[BII)I @ 20 c2
Event: 1.157 Thread 0x00000225d621c000 Uncommon trap: reason=unstable_if action=reinterpret pc=0x00000225e61b0e24 method=java.lang.AbstractStringBuilder.putStringAt(ILjava/lang/String;)V @ 8 c2
Event: 1.157 Thread 0x00000225d621c000 Uncommon trap: reason=unstable_if action=reinterpret pc=0x00000225e61b210c method=java.lang.AbstractStringBuilder.putStringAt(ILjava/lang/String;)V @ 8 c2
Event: 1.157 Thread 0x00000225d621c000 Uncommon trap: reason=unstable_if action=reinterpret pc=0x00000225e61afd60 method=java.lang.String.getBytes([BIB)V @ 5 c2
Event: 1.157 Thread 0x00000225d621c000 Uncommon trap: reason=unstable_if action=reinterpret pc=0x00000225e61bde88 method=java.lang.AbstractStringBuilder.isLatin1()Z @ 10 c2
Event: 1.422 Thread 0x00000225d621c000 Uncommon trap: reason=class_check action=maybe_recompile pc=0x00000225e61b56f0 method=java.util.HashMap.getNode(ILjava/lang/Object;)Ljava/util/HashMap$Node; @ 59 c2

Classes redefined (0 events):
No events

Internal exceptions (10 events):
Event: 1.431 Thread 0x00000225d621c000 Exception <a 'sun/nio/fs/WindowsException'{0x00000000a720f960}> (0x00000000a720f960) thrown at [./open/src/hotspot/share/prims/jni.cpp, line 611]
Event: 1.431 Thread 0x00000225d621c000 Exception <a 'sun/nio/fs/WindowsException'{0x00000000a720fd10}> (0x00000000a720fd10) thrown at [./open/src/hotspot/share/prims/jni.cpp, line 611]
Event: 1.440 Thread 0x00000225d621c000 Exception <a 'sun/nio/fs/WindowsException'{0x00000000a7241098}> (0x00000000a7241098) thrown at [./open/src/hotspot/share/prims/jni.cpp, line 611]
Event: 1.440 Thread 0x00000225d621c000 Exception <a 'sun/nio/fs/WindowsException'{0x00000000a7241388}> (0x00000000a7241388) thrown at [./open/src/hotspot/share/prims/jni.cpp, line 611]
Event: 1.442 Thread 0x00000225d621c000 Exception <a 'java/security/PrivilegedActionException'{0x00000000a7255600}> (0x00000000a7255600) thrown at [./open/src/hotspot/share/prims/jvm.cpp, line 1305]
Event: 1.442 Thread 0x00000225d621c000 Exception <a 'java/security/PrivilegedActionException'{0x00000000a72558d0}> (0x00000000a72558d0) thrown at [./open/src/hotspot/share/prims/jvm.cpp, line 1305]
Event: 1.442 Thread 0x00000225d621c000 Exception <a 'java/security/PrivilegedActionException'{0x00000000a7257290}> (0x00000000a7257290) thrown at [./open/src/hotspot/share/prims/jvm.cpp, line 1305]
Event: 1.442 Thread 0x00000225d621c000 Exception <a 'java/security/PrivilegedActionException'{0x00000000a7257560}> (0x00000000a7257560) thrown at [./open/src/hotspot/share/prims/jvm.cpp, line 1305]
Event: 1.443 Thread 0x00000225d621c000 Exception <a 'java/security/PrivilegedActionException'{0x00000000a7264248}> (0x00000000a7264248) thrown at [./open/src/hotspot/share/prims/jvm.cpp, line 1305]
Event: 1.443 Thread 0x00000225d621c000 Exception <a 'java/security/PrivilegedActionException'{0x00000000a7264518}> (0x00000000a7264518) thrown at [./open/src/hotspot/share/prims/jvm.cpp, line 1305]

Events (10 events):
Event: 1.438 loading class org/lwjgl/opengl/GL$2
Event: 1.438 loading class org/lwjgl/opengl/GL$2 done
Event: 1.441 loading class org/lwjgl/opengl/GL$1
Event: 1.441 loading class org/lwjgl/opengl/GL$1 done
Event: 1.441 loading class org/lwjgl/system/SharedLibrary$Delegate
Event: 1.441 loading class org/lwjgl/system/SharedLibrary$Delegate done
Event: 1.445 loading class org/lwjgl/opengl/GL11C
Event: 1.445 loading class org/lwjgl/opengl/GL11C done
Event: 1.448 loading class org/lwjgl/system/libc/LibCString
Event: 1.448 loading class org/lwjgl/system/libc/LibCString done


Dynamic libraries:
0x00007ff654da0000 - 0x00007ff654daf000 	C:\Program Files\Java\jdk-11.0.12\bin\java.exe
0x00007ff93cbe0000 - 0x00007ff93cde9000 	C:\WINDOWS\SYSTEM32\ntdll.dll
0x00007ff93b3b0000 - 0x00007ff93b46d000 	C:\WINDOWS\System32\KERNEL32.DLL
0x00007ff93a0d0000 - 0x00007ff93a449000 	C:\WINDOWS\System32\KERNELBASE.dll
0x00007ff93a450000 - 0x00007ff93a561000 	C:\WINDOWS\System32\ucrtbase.dll
0x00007ff92c600000 - 0x00007ff92c618000 	C:\Program Files\Java\jdk-11.0.12\bin\jli.dll
0x00007ff93cab0000 - 0x00007ff93cb5e000 	C:\WINDOWS\System32\ADVAPI32.dll
0x00007ff93b700000 - 0x00007ff93b7a3000 	C:\WINDOWS\System32\msvcrt.dll
0x00007ff93aa80000 - 0x00007ff93ab1e000 	C:\WINDOWS\System32\sechost.dll
0x00007ff93c2b0000 - 0x00007ff93c3d0000 	C:\WINDOWS\System32\RPCRT4.dll
0x00007ff93ab80000 - 0x00007ff93ad2c000 	C:\WINDOWS\System32\USER32.dll
0x00007ff93aa50000 - 0x00007ff93aa76000 	C:\WINDOWS\System32\win32u.dll
0x00007ff93cb70000 - 0x00007ff93cb99000 	C:\WINDOWS\System32\GDI32.dll
0x00007ff93a7c0000 - 0x00007ff93a8d2000 	C:\WINDOWS\System32\gdi32full.dll
0x00007ff93a5f0000 - 0x00007ff93a68d000 	C:\WINDOWS\System32\msvcp_win.dll
0x00007ff92acd0000 - 0x00007ff92af75000 	C:\WINDOWS\WinSxS\amd64_microsoft.windows.common-controls_6595b64144ccf1df_6.0.22000.120_none_9d947278b86cc467\COMCTL32.dll
0x00007ff92f9e0000 - 0x00007ff92f9ea000 	C:\WINDOWS\SYSTEM32\VERSION.dll
0x00007ff9312f0000 - 0x00007ff931305000 	C:\Program Files\Java\jdk-11.0.12\bin\VCRUNTIME140.dll
0x00007ff93ad30000 - 0x00007ff93ad61000 	C:\WINDOWS\System32\IMM32.DLL
0x00007ff9191e0000 - 0x00007ff91927b000 	C:\Program Files\Java\jdk-11.0.12\bin\msvcp140.dll
0x00007ff8fc2a0000 - 0x00007ff8fcd9f000 	C:\Program Files\Java\jdk-11.0.12\bin\server\jvm.dll
0x00007ff93b950000 - 0x00007ff93b958000 	C:\WINDOWS\System32\PSAPI.DLL
0x00007ff92f850000 - 0x00007ff92f859000 	C:\WINDOWS\SYSTEM32\WSOCK32.dll
0x00007ff93c770000 - 0x00007ff93c7df000 	C:\WINDOWS\System32\WS2_32.dll
0x00007ff930050000 - 0x00007ff930083000 	C:\WINDOWS\SYSTEM32\WINMM.dll
0x00007ff9391d0000 - 0x00007ff9391e8000 	C:\WINDOWS\SYSTEM32\kernel.appcore.dll
0x00007ff936580000 - 0x00007ff936590000 	C:\Program Files\Java\jdk-11.0.12\bin\verify.dll
0x00007ff92d780000 - 0x00007ff92d9a1000 	C:\WINDOWS\SYSTEM32\DBGHELP.DLL
0x00007ff9240d0000 - 0x00007ff924101000 	C:\WINDOWS\SYSTEM32\dbgcore.DLL
0x00007ff93a570000 - 0x00007ff93a5ef000 	C:\WINDOWS\System32\bcryptPrimitives.dll
0x00007ff92c2b0000 - 0x00007ff92c2d8000 	C:\Program Files\Java\jdk-11.0.12\bin\java.dll
0x00007ff936560000 - 0x00007ff93656a000 	C:\Program Files\Java\jdk-11.0.12\bin\jimage.dll
0x00007ff92c190000 - 0x00007ff92c1a6000 	C:\Program Files\Java\jdk-11.0.12\bin\zip.dll
0x00007ff93b960000 - 0x00007ff93c10f000 	C:\WINDOWS\System32\SHELL32.dll
0x00007ff938240000 - 0x00007ff938aa8000 	C:\WINDOWS\SYSTEM32\windows.storage.dll
0x00007ff93c3e0000 - 0x00007ff93c758000 	C:\WINDOWS\System32\combase.dll
0x00007ff9380d0000 - 0x00007ff938236000 	C:\WINDOWS\SYSTEM32\wintypes.dll
0x00007ff93b590000 - 0x00007ff93b67a000 	C:\WINDOWS\System32\SHCORE.dll
0x00007ff93ab20000 - 0x00007ff93ab7d000 	C:\WINDOWS\System32\shlwapi.dll
0x00007ff93a000000 - 0x00007ff93a021000 	C:\WINDOWS\SYSTEM32\profapi.dll
0x00007ff92bd00000 - 0x00007ff92bd19000 	C:\Program Files\Java\jdk-11.0.12\bin\net.dll
0x00007ff92ff40000 - 0x00007ff93004c000 	C:\WINDOWS\SYSTEM32\WINHTTP.dll
0x00007ff939670000 - 0x00007ff9396d7000 	C:\WINDOWS\system32\mswsock.dll
0x00007ff92bc80000 - 0x00007ff92bc92000 	C:\Program Files\Java\jdk-11.0.12\bin\nio.dll
0x00007ff90f780000 - 0x00007ff90f7f5000 	C:\Users\Dima\AppData\Local\Temp\lwjglMishanya\3.3.1-build-7\lwjgl.dll
0x00007ff90cf40000 - 0x00007ff90d199000 	C:\Users\Dima\AppData\Local\Temp\lwjglMishanya\3.3.1-build-7\jemalloc.dll
0x00007ff90d6a0000 - 0x00007ff90d701000 	C:\Users\Dima\AppData\Local\Temp\lwjglMishanya\3.3.1-build-7\glfw.dll
0x00007ff918ff0000 - 0x00007ff919035000 	C:\WINDOWS\SYSTEM32\dinput8.dll
0x00007ff92ba40000 - 0x00007ff92ba51000 	C:\WINDOWS\SYSTEM32\xinput1_4.dll
0x00007ff939da0000 - 0x00007ff939dec000 	C:\WINDOWS\SYSTEM32\cfgmgr32.dll
0x00007ff939df0000 - 0x00007ff939e1c000 	C:\WINDOWS\SYSTEM32\DEVOBJ.dll
0x00007ff937ae0000 - 0x00007ff937b0f000 	C:\WINDOWS\SYSTEM32\dwmapi.dll
0x00007ff9299e0000 - 0x00007ff929ba9000 	C:\WINDOWS\SYSTEM32\inputhost.dll
0x00007ff937160000 - 0x00007ff937292000 	C:\WINDOWS\SYSTEM32\CoreMessaging.dll
0x00007ff937840000 - 0x00007ff9378ec000 	C:\WINDOWS\system32\uxtheme.dll
0x00007ff939950000 - 0x00007ff93995c000 	C:\WINDOWS\SYSTEM32\CRYPTBASE.DLL
0x00007ff93b470000 - 0x00007ff93b58e000 	C:\WINDOWS\System32\MSCTF.dll
0x00007ff9275a0000 - 0x00007ff9276a1000 	C:\WINDOWS\SYSTEM32\opengl32.dll
0x00007ff92d6d0000 - 0x00007ff92d6fd000 	C:\WINDOWS\SYSTEM32\GLU32.dll
0x00007ff937920000 - 0x00007ff937958000 	C:\WINDOWS\SYSTEM32\dxcore.dll
0x00007ff935be0000 - 0x00007ff935c24000 	C:\WINDOWS\SYSTEM32\directxdatabasehelper.dll
0x00007ff937a80000 - 0x00007ff937ab4000 	C:\WINDOWS\SYSTEM32\ntmarta.dll
0x00007ff93ad90000 - 0x00007ff93ae3f000 	C:\WINDOWS\System32\clbcatq.dll
0x00007ff8cd3e0000 - 0x00007ff8cdc12000 	C:\WINDOWS\SYSTEM32\ig7icd64.dll
0x00007ff931400000 - 0x00007ff931864000 	C:\WINDOWS\SYSTEM32\igdusc64.dll
0x00007ff936590000 - 0x00007ff9365a4000 	C:\WINDOWS\SYSTEM32\WTSAPI32.dll
0x00007ff939790000 - 0x00007ff9397dd000 	C:\WINDOWS\SYSTEM32\powrprof.dll
0x00007ff939740000 - 0x00007ff939753000 	C:\WINDOWS\SYSTEM32\UMPDC.dll
0x00007ff937960000 - 0x00007ff937a53000 	C:\WINDOWS\SYSTEM32\dxgi.dll
0x00007ff9348a0000 - 0x00007ff934b20000 	C:\WINDOWS\SYSTEM32\d3d11.dll
0x00007ff929d40000 - 0x00007ff92a8e2000 	C:\WINDOWS\SYSTEM32\igd10iumd64.dll
0x00007ff93c110000 - 0x00007ff93c2aa000 	C:\WINDOWS\System32\ole32.dll
0x00007ff939ab0000 - 0x00007ff939ad7000 	C:\WINDOWS\SYSTEM32\bcrypt.dll
0x00007ff939a80000 - 0x00007ff939aa8000 	C:\WINDOWS\SYSTEM32\ncrypt.dll
0x00007ff939a40000 - 0x00007ff939a77000 	C:\WINDOWS\SYSTEM32\NTASN1.dll
0x00007ff928ea0000 - 0x00007ff928fcd000 	C:\WINDOWS\SYSTEM32\textinputframework.dll
0x00007ff93b870000 - 0x00007ff93b946000 	C:\WINDOWS\System32\OLEAUT32.dll
0x00007ff935050000 - 0x00007ff9353bd000 	C:\WINDOWS\SYSTEM32\CoreUIComponents.dll
0x00007ff8fd150000 - 0x00007ff8fd2ea000 	C:\Program Files\Java\jdk-11.0.12\bin\awt.dll
0x00007ff9375c0000 - 0x00007ff937651000 	C:\WINDOWS\SYSTEM32\apphelp.dll
0x00007ff9293d0000 - 0x00007ff9293fd000 	C:\Program Files\Java\jdk-11.0.12\bin\javajpeg.dll
0x00007ff918830000 - 0x00007ff91888d000 	C:\Users\Dima\AppData\Local\Temp\lwjglMishanya\3.3.1-build-7\lwjgl_opengl.dll

dbghelp: loaded successfully - version: 4.0.5 - missing functions: none
symbol engine: initialized successfully - sym options: 0x614 - pdb path: .;C:\Program Files\Java\jdk-11.0.12\bin;C:\WINDOWS\SYSTEM32;C:\WINDOWS\WinSxS\amd64_microsoft.windows.common-controls_6595b64144ccf1df_6.0.22000.120_none_9d947278b86cc467;C:\Program Files\Java\jdk-11.0.12\bin\server;C:\Users\Dima\AppData\Local\Temp\lwjglMishanya\3.3.1-build-7

VM Arguments:
jvm_args: -Dfile.encoding=windows-1251 -Duser.country=RU -Duser.language=ru -Duser.variant 
java_command: Main
java_class_path (initial): C:\Users\Dima\ProjectGUI\build\classes\java\main;C:\Users\Dima\ProjectGUI\build\resources\main;C:\Users\Dima\gradle-task\caches\modules-2\files-2.1\org.jetbrains\annotations\23.0.0\8cc20c07506ec18e0834947b84a864bfc094484e\annotations-23.0.0.jar;C:\Users\Dima\gradle-task\caches\modules-2\files-2.1\org.lwjgl\lwjgl-assimp\3.3.1\312072f451794f25670aebb0160ce6ec88aff842\lwjgl-assimp-3.3.1.jar;C:\Users\Dima\gradle-task\caches\modules-2\files-2.1\org.lwjgl\lwjgl-assimp\3.3.1\bfa2a0d57acbf952b716d0ad8a3acbd7ad9f5639\lwjgl-assimp-3.3.1-natives-windows.jar;C:\Users\Dima\gradle-task\caches\modules-2\files-2.1\org.lwjgl\lwjgl-bgfx\3.3.1\4243b7d255d885980f10c36edfb678729493685e\lwjgl-bgfx-3.3.1.jar;C:\Users\Dima\gradle-task\caches\modules-2\files-2.1\org.lwjgl\lwjgl-bgfx\3.3.1\12f22e13c99db9153124dbc17b84fe0233c6f3d5\lwjgl-bgfx-3.3.1-natives-windows.jar;C:\Users\Dima\gradle-task\caches\modules-2\files-2.1\org.lwjgl\lwjgl-cuda\3.3.1\8b67bd7760450f890eade8f74bfaf0dca10821fe\lwjgl-cuda-3.3.1.jar;C:\Users\Dima\gradle-task\caches\modules-2\files-2.1\org.lwjgl\lwjgl-egl\3.3.1\8399e6734ad7d97d2e1f865b2c6c5232d5126dca\lwjgl-egl-3.3.1.jar;C:\Users\Dima\gradle-task\caches\modules-2\files-2.1\org.lwjgl\lwjgl-glfw\3.3.1\cbac1b8d30cb4795149c1ef540f912671a8616d0\lwjgl-glfw-3.3.1.jar;C:\Users\Dima\gradle-task\caches\modules-2\files-2.1\org.lwjgl\lwjgl-glfw\3.3.1\ed892f945cf7e79c8756796f32d00fa4ceaf573b\lwjgl-glfw-3.3.1-natives-windows.jar;C:\Users\Dima\gradle-task\caches\modules-2\files-2.1\org.lwjgl\lwjgl-jawt\3.3.1\30330b16b809655d42f4951ece57f425cce43ce2\lwjgl-jawt-3.3.1.jar;C:\Users\Dima\gradle-task\caches\modules-2\files-2.1\org.lwjgl\lwjgl-jemalloc\3.3.1\a817bcf213db49f710603677457567c37d53e103\lwjgl-jemalloc-3.3.1.jar;C:\Users\Dima\gradle-task\caches\modules-2\files-2.1\org.lwjgl\lwjgl-jemalloc\3.3.1\948a89b76a16aa324b046ae9308891216ffce5f9\lwjgl-jemalloc-3.3.1-natives-windows.jar;C:\Users\Dima\gradle-task\caches\modules-2\files-2.1\org.lwjgl\lwjgl-libdivide
Launcher Type: SUN_STANDARD

[Global flags]
     intx CICompilerCount                          = 3                                         {product} {ergonomic}
     uint ConcGCThreads                            = 1                                         {product} {ergonomic}
     uint G1ConcRefinementThreads                  = 4                                         {product} {ergonomic}
   size_t G1HeapRegionSize                         = 1048576                                   {product} {ergonomic}
    uintx GCDrainStackTargetSize                   = 64                                        {product} {ergonomic}
   size_t InitialHeapSize                          = 100663296                                 {product} {ergonomic}
   size_t MarkStackSize                            = 4194304                                   {product} {ergonomic}
   size_t MaxHeapSize                              = 1581252608                                {product} {ergonomic}
   size_t MaxNewSize                               = 947912704                                 {product} {ergonomic}
   size_t MinHeapDeltaBytes                        = 1048576                                   {product} {ergonomic}
    uintx NonNMethodCodeHeapSize                   = 5830732                                {pd product} {ergonomic}
    uintx NonProfiledCodeHeapSize                  = 122913754                              {pd product} {ergonomic}
    uintx ProfiledCodeHeapSize                     = 122913754                              {pd product} {ergonomic}
    uintx ReservedCodeCacheSize                    = 251658240                              {pd product} {ergonomic}
     bool SegmentedCodeCache                       = true                                      {product} {ergonomic}
     bool UseCompressedClassPointers               = true                                 {lp64_product} {ergonomic}
     bool UseCompressedOops                        = true                                 {lp64_product} {ergonomic}
     bool UseG1GC                                  = true                                      {product} {ergonomic}
     bool UseLargePagesIndividualAllocation        = false                                  {pd product} {ergonomic}

Logging:
Log output configuration:
 #0: stdout all=warning uptime,level,tags
 #1: stderr all=off uptime,level,tags

Environment Variables:
PATH=C:\Program Files (x86)\Embarcadero\Studio\21.0\bin;C:\Users\Public\Documents\Embarcadero\Studio\21.0\Bpl;C:\Program Files (x86)\Embarcadero\Studio\21.0\bin64;C:\Users\Public\Documents\Embarcadero\Studio\21.0\Bpl\Win64;C:\Program Files (x86)\Embarcadero\Studio\22.0\bin;C:\Users\Public\Documents\Embarcadero\Studio\22.0\Bpl;C:\Program Files (x86)\Embarcadero\Studio\22.0\bin64;C:\Users\Public\Documents\Embarcadero\Studio\22.0\Bpl\Win64;C:\Program Files\Common Files\Oracle\Java\javapath;C:\WINDOWS\system32;C:\WINDOWS;C:\WINDOWS\System32\Wbem;C:\WINDOWS\System32\WindowsPowerShell\v1.0\;C:\WINDOWS\System32\OpenSSH\;C:\Program Files\NVIDIA Corporation\NVIDIA NvDLISR;C:\Program Files (x86)\NVIDIA Corporation\PhysX\Common;C:\Program Files\Git\cmd;C:\WINDOWS\system32;C:\WINDOWS;C:\WINDOWS\System32\Wbem;C:\WINDOWS\System32\WindowsPowerShell\v1.0\;C:\WINDOWS\System32\OpenSSH\;C:\Users\Dima\AppData\Local\Programs\Python\Python310\Scripts\;C:\Users\Dima\AppData\Local\Programs\Python\Python310\;C:\Users\Dima\AppData\Local\Microsoft\WindowsApps;C:\Users\Dima\AppData\Local\GitHubDesktop\bin;C:\Users\Dima\AppData\Local\Pandoc\;C:\Users\Dima\Downloads\pip;
USERNAME=Mishanya
OS=Windows_NT
PROCESSOR_IDENTIFIER=Intel64 Family 6 Model 58 Stepping 9, GenuineIntel



---------------  S Y S T E M  ---------------

OS: Windows 10 , 64 bit Build 22000 (10.0.22000.675)

CPU:total 4 (initial active 4) (2 cores per cpu, 2 threads per core) family 6 model 58 stepping 9 microcode 0x21, cmov, cx8, fxsr, mmx, sse, sse2, sse3, ssse3, sse4.1, sse4.2, popcnt, avx, aes, clmul, erms, ht, tsc, tscinvbit, tscinv

Memory: 4k page, system-wide physical 6029M (537M free)
TotalPageFile size 13688M (AvailPageFile size 5380M)
current process WorkingSet (physical memory assigned to process): 91M, peak: 92M
current process commit charge ("private bytes"): 229M, peak: 230M

vm_info: Java HotSpot(TM) 64-Bit Server VM (11.0.12+8-LTS-237) for windows-amd64 JRE (11.0.12+8-LTS-237), built on Jun  8 2021 11:25:59 by "mach5one" with MS VC++ 15.9 (VS2017)

END.
