#
# A fatal error has been detected by the Java Runtime Environment:
#
#  EXCEPTION_ACCESS_VIOLATION (0xc0000005) at pc=0x00007ff91909c42a, pid=15868, tid=19852
#
# JRE version: Java(TM) SE Runtime Environment 18.9 (11.0.12+8) (build 11.0.12+8-LTS-237)
# Java VM: Java HotSpot(TM) 64-Bit Server VM 18.9 (11.0.12+8-LTS-237, mixed mode, tiered, compressed oops, g1 gc, windows-amd64)
# Problematic frame:
# C  [lwjgl_opengl.dll+0xc42a]
#
# No core dump will be written. Minidumps are not enabled by default on client versions of Windows
#
# If you would like to submit a bug report, please visit:
#   https://bugreport.java.com/bugreport/crash.jsp
# The crash happened outside the Java Virtual Machine in native code.
# See problematic frame for where to report the bug.
#

---------------  S U M M A R Y ------------

Command Line: -Dfile.encoding=windows-1251 -Duser.country=RU -Duser.language=ru -Duser.variant Main

Host: Intel(R) Core(TM) i5-3317U CPU @ 1.70GHz, 4 cores, 5G,  Windows 10 , 64 bit Build 22000 (10.0.22000.675)
Time: Sun May 29 14:45:20 2022 RTZ 2 (зима) elapsed time: 1.184932 seconds (0d 0h 0m 1s)

---------------  T H R E A D  ---------------

Current thread (0x000002cb0b02a800):  JavaThread "main" [_thread_in_native, id=19852, stack(0x000000e283900000,0x000000e283a00000)]

Stack: [0x000000e283900000,0x000000e283a00000],  sp=0x000000e2839ff398,  free space=1020k
Native frames: (J=compiled Java code, j=interpreted, Vv=VM code, C=native code)
C  [lwjgl_opengl.dll+0xc42a]

Java frames: (J=compiled Java code, j=interpreted, Vv=VM code)
j  org.lwjgl.opengl.GL11C.glEnable(I)V+0
j  org.lwjgl.opengl.GL11.glEnable(I)V+1
j  model.Display.loop()V+3
j  model.Display.run()V+23
j  Main.main([Ljava/lang/String;)V+121
v  ~StubRoutines::call_stub

siginfo: EXCEPTION_ACCESS_VIOLATION (0xc0000005), reading address 0x0000000000000000


Register to memory mapping:

RIP=0x00007ff91909c42a lwjgl_opengl.dll
RAX=0x000002cb28e4ec50 points into unknown readable memory: 0x0000000000000000 | 00 00 00 00 00 00 00 00
RBX={method} {0x000002cb2a78f600} 'glEnable' '(I)V' in 'org/lwjgl/opengl/GL11C'
RCX=0x0000000000000de1 is an unknown value
RDX=0x0 is NULL
RSP=0x000000e2839ff398 is pointing into the stack for thread: 0x000002cb0b02a800
RBP=0x000000e2839ff418 is pointing into the stack for thread: 0x000002cb0b02a800
RSI=0x000002cb286aaa30 is pointing into metadata
RDI=0x000002cb134ea0c3 is at code_begin+2307 in an Interpreter codelet
invoke return entry points  [0x000002cb134e97c0, 0x000002cb134ea1a0]  2528 bytes
R8 =0x0000000000000de1 is an unknown value
R9 =0x0000000000000002 is an unknown value
R10=0x000002cb134ef228 is at code_begin+1000 in an Interpreter codelet
method entry point (kind = native)  [0x000002cb134eee40, 0x000002cb134ef8e0]  2720 bytes
R11=0x00000000a77f7548 is an oop: java.lang.Class 
{0x00000000a77f7548} - klass: 'java/lang/Class'
R12=0x0 is NULL
R13=0x000002cb2a78f5f0 is pointing into metadata
R14=0x000000e2839ff438 is pointing into the stack for thread: 0x000002cb0b02a800
R15=0x000002cb0b02a800 is a thread


Registers:
RAX=0x000002cb28e4ec50, RBX=0x000002cb2a78f5f8, RCX=0x0000000000000de1, RDX=0x0000000000000000
RSP=0x000000e2839ff398, RBP=0x000000e2839ff418, RSI=0x000002cb286aaa30, RDI=0x000002cb134ea0c3
R8 =0x0000000000000de1, R9 =0x0000000000000002, R10=0x000002cb134ef228, R11=0x00000000a77f7548
R12=0x0000000000000000, R13=0x000002cb2a78f5f0, R14=0x000000e2839ff438, R15=0x000002cb0b02a800
RIP=0x00007ff91909c42a, EFLAGS=0x0000000000010206

Top of Stack: (sp=0x000000e2839ff398)
0x000000e2839ff398:   000002cb134ef257 000002cb0b02a800
0x000000e2839ff3a8:   000002cb2a78f5f8 000000e2839ff418
0x000000e2839ff3b8:   000002cb286aaa30 000002cb2a751888
0x000000e2839ff3c8:   000002cb134eeef6 000000e2839ff3d0
0x000000e2839ff3d8:   000002cb2a78f5f0 000000e2839ff438
0x000000e2839ff3e8:   000002cb2a7aae68 0000000000000000
0x000000e2839ff3f8:   00000000a77f7548 000002cb2a78f5f8
0x000000e2839ff408:   0000000000000000 000000e2839ff438
0x000000e2839ff418:   000000e2839ff488 000002cb134ea0c3
0x000000e2839ff428:   00000000a77f7548 000002cb134ec298
0x000000e2839ff438:   0000000000000de1 000000e2839ff440
0x000000e2839ff448:   000002cb2a751861 000000e2839ff498
0x000000e2839ff458:   000002cb2a780040 0000000000000000
0x000000e2839ff468:   00000000a78de168 000002cb2a751888
0x000000e2839ff478:   000000e2839ff438 000000e2839ff498
0x000000e2839ff488:   000000e2839ff4e8 000002cb134ea0c3 

Instructions: (pc=0x00007ff91909c42a)
0x00007ff91909c40a:   18 5b 49 ff a2 70 0a 00 00 cc cc cc cc cc cc cc
0x00007ff91909c41a:   cc cc cc cc cc cc 48 8b 01 41 8b c8 48 8b 50 18
0x00007ff91909c42a:   48 ff 22 cc cc cc 48 8b 01 41 8b c8 48 8b 50 18
0x00007ff91909c43a:   48 ff 62 08 cc cc 48 8b 01 41 8b d1 41 8b c8 4c 


Stack slot to memory mapping:
stack at sp + 0 slots: 0x000002cb134ef257 is at code_begin+1047 in an Interpreter codelet
method entry point (kind = native)  [0x000002cb134eee40, 0x000002cb134ef8e0]  2720 bytes
stack at sp + 1 slots: 0x000002cb0b02a800 is a thread
stack at sp + 2 slots: {method} {0x000002cb2a78f600} 'glEnable' '(I)V' in 'org/lwjgl/opengl/GL11C'
stack at sp + 3 slots: 0x000000e2839ff418 is pointing into the stack for thread: 0x000002cb0b02a800
stack at sp + 4 slots: 0x000002cb286aaa30 is pointing into metadata
stack at sp + 5 slots: {method} {0x000002cb2a751890} 'glEnable' '(I)V' in 'org/lwjgl/opengl/GL11'
stack at sp + 6 slots: 0x000002cb134eeef6 is at code_begin+182 in an Interpreter codelet
method entry point (kind = native)  [0x000002cb134eee40, 0x000002cb134ef8e0]  2720 bytes
stack at sp + 7 slots: 0x000000e2839ff3d0 is pointing into the stack for thread: 0x000002cb0b02a800


---------------  P R O C E S S  ---------------

Threads class SMR info:
_java_thread_list=0x000002cb297d36b0, length=10, elements={
0x000002cb0b02a800, 0x000002cb281db000, 0x000002cb281dc000, 0x000002cb28b93000,
0x000002cb281fb000, 0x000002cb281fc800, 0x000002cb28203800, 0x000002cb28209000,
0x000002cb2820b800, 0x000002cb28cd0800
}

Java Threads: ( => current thread )
=>0x000002cb0b02a800 JavaThread "main" [_thread_in_native, id=19852, stack(0x000000e283900000,0x000000e283a00000)]
  0x000002cb281db000 JavaThread "Reference Handler" daemon [_thread_blocked, id=13108, stack(0x000000e284000000,0x000000e284100000)]
  0x000002cb281dc000 JavaThread "Finalizer" daemon [_thread_blocked, id=18964, stack(0x000000e284100000,0x000000e284200000)]
  0x000002cb28b93000 JavaThread "Signal Dispatcher" daemon [_thread_blocked, id=4360, stack(0x000000e284200000,0x000000e284300000)]
  0x000002cb281fb000 JavaThread "Attach Listener" daemon [_thread_blocked, id=6744, stack(0x000000e284300000,0x000000e284400000)]
  0x000002cb281fc800 JavaThread "Service Thread" daemon [_thread_blocked, id=15816, stack(0x000000e284400000,0x000000e284500000)]
  0x000002cb28203800 JavaThread "C2 CompilerThread0" daemon [_thread_blocked, id=16756, stack(0x000000e284500000,0x000000e284600000)]
  0x000002cb28209000 JavaThread "C1 CompilerThread0" daemon [_thread_blocked, id=6932, stack(0x000000e284600000,0x000000e284700000)]
  0x000002cb2820b800 JavaThread "Sweeper thread" daemon [_thread_blocked, id=8516, stack(0x000000e284700000,0x000000e284800000)]
  0x000002cb28cd0800 JavaThread "Common-Cleaner" daemon [_thread_blocked, id=2148, stack(0x000000e284900000,0x000000e284a00000)]

Other Threads:
  0x000002cb281b4800 VMThread "VM Thread" [stack: 0x000000e283f00000,0x000000e284000000] [id=13668]
  0x000002cb28ccb800 WatcherThread [stack: 0x000000e284800000,0x000000e284900000] [id=16328]
  0x000002cb0b03f800 GCTaskThread "GC Thread#0" [stack: 0x000000e283a00000,0x000000e283b00000] [id=8972]
  0x000002cb2932b800 GCTaskThread "GC Thread#1" [stack: 0x000000e284b00000,0x000000e284c00000] [id=8]
  0x000002cb0b066000 ConcurrentGCThread "G1 Main Marker" [stack: 0x000000e283b00000,0x000000e283c00000] [id=19508]
  0x000002cb0b068800 ConcurrentGCThread "G1 Conc#0" [stack: 0x000000e283c00000,0x000000e283d00000] [id=784]
  0x000002cb0b0dc000 ConcurrentGCThread "G1 Refine#0" [stack: 0x000000e283d00000,0x000000e283e00000] [id=18304]
  0x000002cb0b0dd800 ConcurrentGCThread "G1 Young RemSet Sampling" [stack: 0x000000e283e00000,0x000000e283f00000] [id=19876]

Threads with active compile tasks:

VM state:not at safepoint (normal execution)

VM Mutex/Monitor currently owned by a thread: None

Heap address: 0x00000000a1c00000, size: 1508 MB, Compressed Oops mode: 32-bit
Narrow klass base: 0x0000000000000000, Narrow klass shift: 3
Compressed class space size: 1073741824 Address: 0x0000000100000000

Heap:
 garbage-first heap   total 98304K, used 6436K [0x00000000a1c00000, 0x0000000100000000)
  region size 1024K, 7 young (7168K), 2 survivors (2048K)
 Metaspace       used 9350K, capacity 9578K, committed 9856K, reserved 1058816K
  class space    used 766K, capacity 834K, committed 896K, reserved 1048576K
Heap Regions: E=young(eden), S=young(survivor), O=old, HS=humongous(starts), HC=humongous(continues), CS=collection set, F=free, A=archive, TAMS=top-at-mark-start (previous, next)
|   0|0x00000000a1c00000, 0x00000000a1c49000, 0x00000000a1d00000| 28%| O|  |TAMS 0x00000000a1c00000, 0x00000000a1c00000| Untracked 
|   1|0x00000000a1d00000, 0x00000000a1d00000, 0x00000000a1e00000|  0%| F|  |TAMS 0x00000000a1d00000, 0x00000000a1d00000| Untracked 
|   2|0x00000000a1e00000, 0x00000000a1e00000, 0x00000000a1f00000|  0%| F|  |TAMS 0x00000000a1e00000, 0x00000000a1e00000| Untracked 
|   3|0x00000000a1f00000, 0x00000000a1f00000, 0x00000000a2000000|  0%| F|  |TAMS 0x00000000a1f00000, 0x00000000a1f00000| Untracked 
|   4|0x00000000a2000000, 0x00000000a2000000, 0x00000000a2100000|  0%| F|  |TAMS 0x00000000a2000000, 0x00000000a2000000| Untracked 
|   5|0x00000000a2100000, 0x00000000a2100000, 0x00000000a2200000|  0%| F|  |TAMS 0x00000000a2100000, 0x00000000a2100000| Untracked 
|   6|0x00000000a2200000, 0x00000000a2200000, 0x00000000a2300000|  0%| F|  |TAMS 0x00000000a2200000, 0x00000000a2200000| Untracked 
|   7|0x00000000a2300000, 0x00000000a2300000, 0x00000000a2400000|  0%| F|  |TAMS 0x00000000a2300000, 0x00000000a2300000| Untracked 
|   8|0x00000000a2400000, 0x00000000a2400000, 0x00000000a2500000|  0%| F|  |TAMS 0x00000000a2400000, 0x00000000a2400000| Untracked 
|   9|0x00000000a2500000, 0x00000000a2500000, 0x00000000a2600000|  0%| F|  |TAMS 0x00000000a2500000, 0x00000000a2500000| Untracked 
|  10|0x00000000a2600000, 0x00000000a2600000, 0x00000000a2700000|  0%| F|  |TAMS 0x00000000a2600000, 0x00000000a2600000| Untracked 
|  11|0x00000000a2700000, 0x00000000a2700000, 0x00000000a2800000|  0%| F|  |TAMS 0x00000000a2700000, 0x00000000a2700000| Untracked 
|  12|0x00000000a2800000, 0x00000000a2800000, 0x00000000a2900000|  0%| F|  |TAMS 0x00000000a2800000, 0x00000000a2800000| Untracked 
|  13|0x00000000a2900000, 0x00000000a2900000, 0x00000000a2a00000|  0%| F|  |TAMS 0x00000000a2900000, 0x00000000a2900000| Untracked 
|  14|0x00000000a2a00000, 0x00000000a2a00000, 0x00000000a2b00000|  0%| F|  |TAMS 0x00000000a2a00000, 0x00000000a2a00000| Untracked 
|  15|0x00000000a2b00000, 0x00000000a2b00000, 0x00000000a2c00000|  0%| F|  |TAMS 0x00000000a2b00000, 0x00000000a2b00000| Untracked 
|  16|0x00000000a2c00000, 0x00000000a2c00000, 0x00000000a2d00000|  0%| F|  |TAMS 0x00000000a2c00000, 0x00000000a2c00000| Untracked 
|  17|0x00000000a2d00000, 0x00000000a2d00000, 0x00000000a2e00000|  0%| F|  |TAMS 0x00000000a2d00000, 0x00000000a2d00000| Untracked 
|  18|0x00000000a2e00000, 0x00000000a2e00000, 0x00000000a2f00000|  0%| F|  |TAMS 0x00000000a2e00000, 0x00000000a2e00000| Untracked 
|  19|0x00000000a2f00000, 0x00000000a2f00000, 0x00000000a3000000|  0%| F|  |TAMS 0x00000000a2f00000, 0x00000000a2f00000| Untracked 
|  20|0x00000000a3000000, 0x00000000a3000000, 0x00000000a3100000|  0%| F|  |TAMS 0x00000000a3000000, 0x00000000a3000000| Untracked 
|  21|0x00000000a3100000, 0x00000000a3100000, 0x00000000a3200000|  0%| F|  |TAMS 0x00000000a3100000, 0x00000000a3100000| Untracked 
|  22|0x00000000a3200000, 0x00000000a3200000, 0x00000000a3300000|  0%| F|  |TAMS 0x00000000a3200000, 0x00000000a3200000| Untracked 
|  23|0x00000000a3300000, 0x00000000a3300000, 0x00000000a3400000|  0%| F|  |TAMS 0x00000000a3300000, 0x00000000a3300000| Untracked 
|  24|0x00000000a3400000, 0x00000000a3400000, 0x00000000a3500000|  0%| F|  |TAMS 0x00000000a3400000, 0x00000000a3400000| Untracked 
|  25|0x00000000a3500000, 0x00000000a3500000, 0x00000000a3600000|  0%| F|  |TAMS 0x00000000a3500000, 0x00000000a3500000| Untracked 
|  26|0x00000000a3600000, 0x00000000a3600000, 0x00000000a3700000|  0%| F|  |TAMS 0x00000000a3600000, 0x00000000a3600000| Untracked 
|  27|0x00000000a3700000, 0x00000000a3700000, 0x00000000a3800000|  0%| F|  |TAMS 0x00000000a3700000, 0x00000000a3700000| Untracked 
|  28|0x00000000a3800000, 0x00000000a3800000, 0x00000000a3900000|  0%| F|  |TAMS 0x00000000a3800000, 0x00000000a3800000| Untracked 
|  29|0x00000000a3900000, 0x00000000a3900000, 0x00000000a3a00000|  0%| F|  |TAMS 0x00000000a3900000, 0x00000000a3900000| Untracked 
|  30|0x00000000a3a00000, 0x00000000a3a00000, 0x00000000a3b00000|  0%| F|  |TAMS 0x00000000a3a00000, 0x00000000a3a00000| Untracked 
|  31|0x00000000a3b00000, 0x00000000a3b00000, 0x00000000a3c00000|  0%| F|  |TAMS 0x00000000a3b00000, 0x00000000a3b00000| Untracked 
|  32|0x00000000a3c00000, 0x00000000a3c00000, 0x00000000a3d00000|  0%| F|  |TAMS 0x00000000a3c00000, 0x00000000a3c00000| Untracked 
|  33|0x00000000a3d00000, 0x00000000a3d00000, 0x00000000a3e00000|  0%| F|  |TAMS 0x00000000a3d00000, 0x00000000a3d00000| Untracked 
|  34|0x00000000a3e00000, 0x00000000a3e00000, 0x00000000a3f00000|  0%| F|  |TAMS 0x00000000a3e00000, 0x00000000a3e00000| Untracked 
|  35|0x00000000a3f00000, 0x00000000a3f00000, 0x00000000a4000000|  0%| F|  |TAMS 0x00000000a3f00000, 0x00000000a3f00000| Untracked 
|  36|0x00000000a4000000, 0x00000000a4000000, 0x00000000a4100000|  0%| F|  |TAMS 0x00000000a4000000, 0x00000000a4000000| Untracked 
|  37|0x00000000a4100000, 0x00000000a4100000, 0x00000000a4200000|  0%| F|  |TAMS 0x00000000a4100000, 0x00000000a4100000| Untracked 
|  38|0x00000000a4200000, 0x00000000a4200000, 0x00000000a4300000|  0%| F|  |TAMS 0x00000000a4200000, 0x00000000a4200000| Untracked 
|  39|0x00000000a4300000, 0x00000000a4300000, 0x00000000a4400000|  0%| F|  |TAMS 0x00000000a4300000, 0x00000000a4300000| Untracked 
|  40|0x00000000a4400000, 0x00000000a4400000, 0x00000000a4500000|  0%| F|  |TAMS 0x00000000a4400000, 0x00000000a4400000| Untracked 
|  41|0x00000000a4500000, 0x00000000a4500000, 0x00000000a4600000|  0%| F|  |TAMS 0x00000000a4500000, 0x00000000a4500000| Untracked 
|  42|0x00000000a4600000, 0x00000000a4600000, 0x00000000a4700000|  0%| F|  |TAMS 0x00000000a4600000, 0x00000000a4600000| Untracked 
|  43|0x00000000a4700000, 0x00000000a4700000, 0x00000000a4800000|  0%| F|  |TAMS 0x00000000a4700000, 0x00000000a4700000| Untracked 
|  44|0x00000000a4800000, 0x00000000a4800000, 0x00000000a4900000|  0%| F|  |TAMS 0x00000000a4800000, 0x00000000a4800000| Untracked 
|  45|0x00000000a4900000, 0x00000000a4900000, 0x00000000a4a00000|  0%| F|  |TAMS 0x00000000a4900000, 0x00000000a4900000| Untracked 
|  46|0x00000000a4a00000, 0x00000000a4a00000, 0x00000000a4b00000|  0%| F|  |TAMS 0x00000000a4a00000, 0x00000000a4a00000| Untracked 
|  47|0x00000000a4b00000, 0x00000000a4b00000, 0x00000000a4c00000|  0%| F|  |TAMS 0x00000000a4b00000, 0x00000000a4b00000| Untracked 
|  48|0x00000000a4c00000, 0x00000000a4c00000, 0x00000000a4d00000|  0%| F|  |TAMS 0x00000000a4c00000, 0x00000000a4c00000| Untracked 
|  49|0x00000000a4d00000, 0x00000000a4d00000, 0x00000000a4e00000|  0%| F|  |TAMS 0x00000000a4d00000, 0x00000000a4d00000| Untracked 
|  50|0x00000000a4e00000, 0x00000000a4e00000, 0x00000000a4f00000|  0%| F|  |TAMS 0x00000000a4e00000, 0x00000000a4e00000| Untracked 
|  51|0x00000000a4f00000, 0x00000000a4f00000, 0x00000000a5000000|  0%| F|  |TAMS 0x00000000a4f00000, 0x00000000a4f00000| Untracked 
|  52|0x00000000a5000000, 0x00000000a5000000, 0x00000000a5100000|  0%| F|  |TAMS 0x00000000a5000000, 0x00000000a5000000| Untracked 
|  53|0x00000000a5100000, 0x00000000a5100000, 0x00000000a5200000|  0%| F|  |TAMS 0x00000000a5100000, 0x00000000a5100000| Untracked 
|  54|0x00000000a5200000, 0x00000000a5200000, 0x00000000a5300000|  0%| F|  |TAMS 0x00000000a5200000, 0x00000000a5200000| Untracked 
|  55|0x00000000a5300000, 0x00000000a5300000, 0x00000000a5400000|  0%| F|  |TAMS 0x00000000a5300000, 0x00000000a5300000| Untracked 
|  56|0x00000000a5400000, 0x00000000a5400000, 0x00000000a5500000|  0%| F|  |TAMS 0x00000000a5400000, 0x00000000a5400000| Untracked 
|  57|0x00000000a5500000, 0x00000000a5500000, 0x00000000a5600000|  0%| F|  |TAMS 0x00000000a5500000, 0x00000000a5500000| Untracked 
|  58|0x00000000a5600000, 0x00000000a5600000, 0x00000000a5700000|  0%| F|  |TAMS 0x00000000a5600000, 0x00000000a5600000| Untracked 
|  59|0x00000000a5700000, 0x00000000a5700000, 0x00000000a5800000|  0%| F|  |TAMS 0x00000000a5700000, 0x00000000a5700000| Untracked 
|  60|0x00000000a5800000, 0x00000000a5800000, 0x00000000a5900000|  0%| F|  |TAMS 0x00000000a5800000, 0x00000000a5800000| Untracked 
|  61|0x00000000a5900000, 0x00000000a5900000, 0x00000000a5a00000|  0%| F|  |TAMS 0x00000000a5900000, 0x00000000a5900000| Untracked 
|  62|0x00000000a5a00000, 0x00000000a5a00000, 0x00000000a5b00000|  0%| F|  |TAMS 0x00000000a5a00000, 0x00000000a5a00000| Untracked 
|  63|0x00000000a5b00000, 0x00000000a5b00000, 0x00000000a5c00000|  0%| F|  |TAMS 0x00000000a5b00000, 0x00000000a5b00000| Untracked 
|  64|0x00000000a5c00000, 0x00000000a5c00000, 0x00000000a5d00000|  0%| F|  |TAMS 0x00000000a5c00000, 0x00000000a5c00000| Untracked 
|  65|0x00000000a5d00000, 0x00000000a5d00000, 0x00000000a5e00000|  0%| F|  |TAMS 0x00000000a5d00000, 0x00000000a5d00000| Untracked 
|  66|0x00000000a5e00000, 0x00000000a5e00000, 0x00000000a5f00000|  0%| F|  |TAMS 0x00000000a5e00000, 0x00000000a5e00000| Untracked 
|  67|0x00000000a5f00000, 0x00000000a5f00000, 0x00000000a6000000|  0%| F|  |TAMS 0x00000000a5f00000, 0x00000000a5f00000| Untracked 
|  68|0x00000000a6000000, 0x00000000a6000000, 0x00000000a6100000|  0%| F|  |TAMS 0x00000000a6000000, 0x00000000a6000000| Untracked 
|  69|0x00000000a6100000, 0x00000000a6100000, 0x00000000a6200000|  0%| F|  |TAMS 0x00000000a6100000, 0x00000000a6100000| Untracked 
|  70|0x00000000a6200000, 0x00000000a6200000, 0x00000000a6300000|  0%| F|  |TAMS 0x00000000a6200000, 0x00000000a6200000| Untracked 
|  71|0x00000000a6300000, 0x00000000a6300000, 0x00000000a6400000|  0%| F|  |TAMS 0x00000000a6300000, 0x00000000a6300000| Untracked 
|  72|0x00000000a6400000, 0x00000000a6400000, 0x00000000a6500000|  0%| F|  |TAMS 0x00000000a6400000, 0x00000000a6400000| Untracked 
|  73|0x00000000a6500000, 0x00000000a6500000, 0x00000000a6600000|  0%| F|  |TAMS 0x00000000a6500000, 0x00000000a6500000| Untracked 
|  74|0x00000000a6600000, 0x00000000a6600000, 0x00000000a6700000|  0%| F|  |TAMS 0x00000000a6600000, 0x00000000a6600000| Untracked 
|  75|0x00000000a6700000, 0x00000000a6700000, 0x00000000a6800000|  0%| F|  |TAMS 0x00000000a6700000, 0x00000000a6700000| Untracked 
|  76|0x00000000a6800000, 0x00000000a6800000, 0x00000000a6900000|  0%| F|  |TAMS 0x00000000a6800000, 0x00000000a6800000| Untracked 
|  77|0x00000000a6900000, 0x00000000a6900000, 0x00000000a6a00000|  0%| F|  |TAMS 0x00000000a6900000, 0x00000000a6900000| Untracked 
|  78|0x00000000a6a00000, 0x00000000a6a00000, 0x00000000a6b00000|  0%| F|  |TAMS 0x00000000a6a00000, 0x00000000a6a00000| Untracked 
|  79|0x00000000a6b00000, 0x00000000a6b00000, 0x00000000a6c00000|  0%| F|  |TAMS 0x00000000a6b00000, 0x00000000a6b00000| Untracked 
|  80|0x00000000a6c00000, 0x00000000a6d00000, 0x00000000a6d00000|100%| S|CS|TAMS 0x00000000a6c00000, 0x00000000a6c00000| Complete 
|  81|0x00000000a6d00000, 0x00000000a6e00000, 0x00000000a6e00000|100%| S|CS|TAMS 0x00000000a6d00000, 0x00000000a6d00000| Complete 
|  82|0x00000000a6e00000, 0x00000000a6e00000, 0x00000000a6f00000|  0%| F|  |TAMS 0x00000000a6e00000, 0x00000000a6e00000| Untracked 
|  83|0x00000000a6f00000, 0x00000000a6f00000, 0x00000000a7000000|  0%| F|  |TAMS 0x00000000a6f00000, 0x00000000a6f00000| Untracked 
|  84|0x00000000a7000000, 0x00000000a7000000, 0x00000000a7100000|  0%| F|  |TAMS 0x00000000a7000000, 0x00000000a7000000| Untracked 
|  85|0x00000000a7100000, 0x00000000a7100000, 0x00000000a7200000|  0%| F|  |TAMS 0x00000000a7100000, 0x00000000a7100000| Untracked 
|  86|0x00000000a7200000, 0x00000000a7200000, 0x00000000a7300000|  0%| F|  |TAMS 0x00000000a7200000, 0x00000000a7200000| Untracked 
|  87|0x00000000a7300000, 0x00000000a7300000, 0x00000000a7400000|  0%| F|  |TAMS 0x00000000a7300000, 0x00000000a7300000| Untracked 
|  88|0x00000000a7400000, 0x00000000a7400000, 0x00000000a7500000|  0%| F|  |TAMS 0x00000000a7400000, 0x00000000a7400000| Untracked 
|  89|0x00000000a7500000, 0x00000000a7500000, 0x00000000a7600000|  0%| F|  |TAMS 0x00000000a7500000, 0x00000000a7500000| Untracked 
|  90|0x00000000a7600000, 0x00000000a7600000, 0x00000000a7700000|  0%| F|  |TAMS 0x00000000a7600000, 0x00000000a7600000| Untracked 
|  91|0x00000000a7700000, 0x00000000a7800000, 0x00000000a7800000|100%| E|  |TAMS 0x00000000a7700000, 0x00000000a7700000| Complete 
|  92|0x00000000a7800000, 0x00000000a7900000, 0x00000000a7900000|100%| E|CS|TAMS 0x00000000a7800000, 0x00000000a7800000| Complete 
|  93|0x00000000a7900000, 0x00000000a7a00000, 0x00000000a7a00000|100%| E|CS|TAMS 0x00000000a7900000, 0x00000000a7900000| Complete 
|  94|0x00000000a7a00000, 0x00000000a7b00000, 0x00000000a7b00000|100%| E|CS|TAMS 0x00000000a7a00000, 0x00000000a7a00000| Complete 
|  95|0x00000000a7b00000, 0x00000000a7c00000, 0x00000000a7c00000|100%| E|CS|TAMS 0x00000000a7b00000, 0x00000000a7b00000| Complete 

Card table byte_map: [0x000002cb227e0000,0x000002cb22ae0000] _byte_map_base: 0x000002cb222d2000

Marking Bits (Prev, Next): (CMBitMap*) 0x000002cb0b05e7b8, (CMBitMap*) 0x000002cb0b05e7f0
 Prev Bits: [0x000002cb22de0000, 0x000002cb24570000)
 Next Bits: [0x000002cb24570000, 0x000002cb25d00000)

Polling page: 0x000002cb08e20000

Metaspace:

Usage:
  Non-class:      8.54 MB capacity,     8.38 MB ( 98%) used,   146.18 KB (  2%) free+waste,    13.06 KB ( <1%) overhead. 
      Class:    834.00 KB capacity,   766.09 KB ( 92%) used,    61.59 KB (  7%) free+waste,     6.31 KB ( <1%) overhead. 
       Both:      9.35 MB capacity,     9.13 MB ( 98%) used,   207.77 KB (  2%) free+waste,    19.38 KB ( <1%) overhead. 

Virtual space:
  Non-class space:       10.00 MB reserved,       8.75 MB ( 88%) committed 
      Class space:        1.00 GB reserved,     896.00 KB ( <1%) committed 
             Both:        1.01 GB reserved,       9.63 MB ( <1%) committed 

Chunk freelists:
   Non-Class:  3.00 KB
       Class:  0 bytes
        Both:  3.00 KB

CodeHeap 'non-profiled nmethods': size=120064Kb used=260Kb max_used=260Kb free=119803Kb
 bounds [0x000002cb1afa0000, 0x000002cb1b210000, 0x000002cb224e0000]
CodeHeap 'profiled nmethods': size=120000Kb used=1438Kb max_used=1438Kb free=118561Kb
 bounds [0x000002cb13a70000, 0x000002cb13ce0000, 0x000002cb1afa0000]
CodeHeap 'non-nmethods': size=5696Kb used=1418Kb max_used=1432Kb free=4277Kb
 bounds [0x000002cb134e0000, 0x000002cb13750000, 0x000002cb13a70000]
 total_blobs=1702 nmethods=794 adapters=820
 compilation: enabled
              stopped_count=0, restarted_count=0
 full_count=0

Compilation events (10 events):
Event: 1.151 Thread 0x000002cb28209000  790   !   3       jdk.internal.loader.BuiltinClassLoader::loadClassOrNull (143 bytes)
Event: 1.154 Thread 0x000002cb28209000 nmethod 790 0x000002cb13bd2e90 code [0x000002cb13bd31e0, 0x000002cb13bd4968]
Event: 1.154 Thread 0x000002cb28209000  791       3       jdk.internal.jimage.ImageStringsReader::hashCode (8 bytes)
Event: 1.154 Thread 0x000002cb28209000 nmethod 791 0x000002cb13bd5310 code [0x000002cb13bd54e0, 0x000002cb13bd56f8]
Event: 1.154 Thread 0x000002cb28209000  792       3       jdk.internal.module.SystemModuleFinders$SystemModuleReader::find (54 bytes)
Event: 1.157 Thread 0x000002cb28209000 nmethod 792 0x000002cb13bd5810 code [0x000002cb13bd5b20, 0x000002cb13bd6b38]
Event: 1.158 Thread 0x000002cb28209000  793       3       sun.misc.Unsafe::putLong (11 bytes)
Event: 1.158 Thread 0x000002cb28209000 nmethod 793 0x000002cb13bd7190 code [0x000002cb13bd7320, 0x000002cb13bd7418]
Event: 1.158 Thread 0x000002cb28209000  794       3       org.lwjgl.system.MemoryUtil::memPutAddress (29 bytes)
Event: 1.159 Thread 0x000002cb28209000 nmethod 794 0x000002cb13bd7490 code [0x000002cb13bd7640, 0x000002cb13bd77b8]

GC Heap History (2 events):
Event: 0.887 GC heap before
{Heap before GC invocations=0 (full 0):
 garbage-first heap   total 98304K, used 14336K [0x00000000a1c00000, 0x0000000100000000)
  region size 1024K, 14 young (14336K), 0 survivors (0K)
 Metaspace       used 8396K, capacity 8638K, committed 8832K, reserved 1056768K
  class space    used 738K, capacity 798K, committed 896K, reserved 1048576K
}
Event: 0.893 GC heap after
{Heap after GC invocations=1 (full 0):
 garbage-first heap   total 98304K, used 2340K [0x00000000a1c00000, 0x0000000100000000)
  region size 1024K, 2 young (2048K), 2 survivors (2048K)
 Metaspace       used 8396K, capacity 8638K, committed 8832K, reserved 1056768K
  class space    used 738K, capacity 798K, committed 896K, reserved 1048576K
}

Deoptimization events (7 events):
Event: 0.302 Thread 0x000002cb0b02a800 Uncommon trap: reason=unstable_if action=reinterpret pc=0x000002cb1afa5498 method=java.lang.String.hashCode()I @ 14 c2
Event: 0.782 Thread 0x000002cb0b02a800 Uncommon trap: reason=unstable_if action=reinterpret pc=0x000002cb1afab000 method=java.io.WinNTFileSystem.isSlash(C)Z @ 9 c2
Event: 0.794 Thread 0x000002cb0b02a800 Uncommon trap: reason=unstable_if action=reinterpret pc=0x000002cb1afad2dc method=sun.nio.fs.WindowsPathParser.isSlash(C)Z @ 9 c2
Event: 0.826 Thread 0x000002cb0b02a800 Uncommon trap: reason=unstable_if action=reinterpret pc=0x000002cb1afa1310 method=java.lang.String.isLatin1()Z @ 10 c2
Event: 0.922 Thread 0x000002cb0b02a800 Uncommon trap: reason=class_check action=maybe_recompile pc=0x000002cb1afd5c40 method=java.util.HashMap.getNode(ILjava/lang/Object;)Ljava/util/HashMap$Node; @ 59 c2
Event: 0.966 Thread 0x000002cb0b02a800 Uncommon trap: reason=class_check action=maybe_recompile pc=0x000002cb1afd5c40 method=java.util.HashMap.getNode(ILjava/lang/Object;)Ljava/util/HashMap$Node; @ 59 c2
Event: 1.138 Thread 0x000002cb0b02a800 Uncommon trap: reason=class_check action=maybe_recompile pc=0x000002cb1afd5c40 method=java.util.HashMap.getNode(ILjava/lang/Object;)Ljava/util/HashMap$Node; @ 59 c2

Classes redefined (0 events):
No events

Internal exceptions (10 events):
Event: 1.146 Thread 0x000002cb0b02a800 Exception <a 'sun/nio/fs/WindowsException'{0x00000000a7742850}> (0x00000000a7742850) thrown at [./open/src/hotspot/share/prims/jni.cpp, line 611]
Event: 1.146 Thread 0x000002cb0b02a800 Exception <a 'sun/nio/fs/WindowsException'{0x00000000a7742c00}> (0x00000000a7742c00) thrown at [./open/src/hotspot/share/prims/jni.cpp, line 611]
Event: 1.153 Thread 0x000002cb0b02a800 Exception <a 'sun/nio/fs/WindowsException'{0x00000000a778ad88}> (0x00000000a778ad88) thrown at [./open/src/hotspot/share/prims/jni.cpp, line 611]
Event: 1.153 Thread 0x000002cb0b02a800 Exception <a 'sun/nio/fs/WindowsException'{0x00000000a778b078}> (0x00000000a778b078) thrown at [./open/src/hotspot/share/prims/jni.cpp, line 611]
Event: 1.156 Thread 0x000002cb0b02a800 Exception <a 'java/security/PrivilegedActionException'{0x00000000a77a5c68}> (0x00000000a77a5c68) thrown at [./open/src/hotspot/share/prims/jvm.cpp, line 1305]
Event: 1.156 Thread 0x000002cb0b02a800 Exception <a 'java/security/PrivilegedActionException'{0x00000000a77a5f38}> (0x00000000a77a5f38) thrown at [./open/src/hotspot/share/prims/jvm.cpp, line 1305]
Event: 1.157 Thread 0x000002cb0b02a800 Exception <a 'java/security/PrivilegedActionException'{0x00000000a77a7b50}> (0x00000000a77a7b50) thrown at [./open/src/hotspot/share/prims/jvm.cpp, line 1305]
Event: 1.157 Thread 0x000002cb0b02a800 Exception <a 'java/security/PrivilegedActionException'{0x00000000a77a7e20}> (0x00000000a77a7e20) thrown at [./open/src/hotspot/share/prims/jvm.cpp, line 1305]
Event: 1.157 Thread 0x000002cb0b02a800 Exception <a 'java/security/PrivilegedActionException'{0x00000000a77ba8c8}> (0x00000000a77ba8c8) thrown at [./open/src/hotspot/share/prims/jvm.cpp, line 1305]
Event: 1.157 Thread 0x000002cb0b02a800 Exception <a 'java/security/PrivilegedActionException'{0x00000000a77bab98}> (0x00000000a77bab98) thrown at [./open/src/hotspot/share/prims/jvm.cpp, line 1305]

Events (10 events):
Event: 1.138 Thread 0x000002cb0b02a800 DEOPT PACKING pc=0x000002cb1afd5c40 sp=0x000000e2839fd730
Event: 1.138 Thread 0x000002cb0b02a800 DEOPT UNPACKING pc=0x000002cb135065af sp=0x000000e2839fd648 mode 2
Event: 1.151 loading class org/lwjgl/opengl/GL$2
Event: 1.151 loading class org/lwjgl/opengl/GL$2 done
Event: 1.155 loading class org/lwjgl/opengl/GL$1
Event: 1.155 loading class org/lwjgl/opengl/GL$1 done
Event: 1.156 loading class org/lwjgl/system/SharedLibrary$Delegate
Event: 1.156 loading class org/lwjgl/system/SharedLibrary$Delegate done
Event: 1.159 loading class org/lwjgl/opengl/GL11C
Event: 1.159 loading class org/lwjgl/opengl/GL11C done


Dynamic libraries:
0x00007ff654da0000 - 0x00007ff654daf000 	C:\Program Files\Java\jdk-11.0.12\bin\java.exe
0x00007ff93cbe0000 - 0x00007ff93cde9000 	C:\WINDOWS\SYSTEM32\ntdll.dll
0x00007ff93b3b0000 - 0x00007ff93b46d000 	C:\WINDOWS\System32\KERNEL32.DLL
0x00007ff93a0d0000 - 0x00007ff93a449000 	C:\WINDOWS\System32\KERNELBASE.dll
0x00007ff93a450000 - 0x00007ff93a561000 	C:\WINDOWS\System32\ucrtbase.dll
0x00007ff9312f0000 - 0x00007ff931305000 	C:\Program Files\Java\jdk-11.0.12\bin\VCRUNTIME140.dll
0x00007ff92c600000 - 0x00007ff92c618000 	C:\Program Files\Java\jdk-11.0.12\bin\jli.dll
0x00007ff93cab0000 - 0x00007ff93cb5e000 	C:\WINDOWS\System32\ADVAPI32.dll
0x00007ff93b700000 - 0x00007ff93b7a3000 	C:\WINDOWS\System32\msvcrt.dll
0x00007ff93aa80000 - 0x00007ff93ab1e000 	C:\WINDOWS\System32\sechost.dll
0x00007ff93c2b0000 - 0x00007ff93c3d0000 	C:\WINDOWS\System32\RPCRT4.dll
0x00007ff93ab80000 - 0x00007ff93ad2c000 	C:\WINDOWS\System32\USER32.dll
0x00007ff93aa50000 - 0x00007ff93aa76000 	C:\WINDOWS\System32\win32u.dll
0x00007ff93cb70000 - 0x00007ff93cb99000 	C:\WINDOWS\System32\GDI32.dll
0x00007ff93a7c0000 - 0x00007ff93a8d2000 	C:\WINDOWS\System32\gdi32full.dll
0x00007ff93a5f0000 - 0x00007ff93a68d000 	C:\WINDOWS\System32\msvcp_win.dll
0x00007ff92acd0000 - 0x00007ff92af75000 	C:\WINDOWS\WinSxS\amd64_microsoft.windows.common-controls_6595b64144ccf1df_6.0.22000.120_none_9d947278b86cc467\COMCTL32.dll
0x00007ff92f9e0000 - 0x00007ff92f9ea000 	C:\WINDOWS\SYSTEM32\VERSION.dll
0x00007ff93ad30000 - 0x00007ff93ad61000 	C:\WINDOWS\System32\IMM32.DLL
0x00007ff9191e0000 - 0x00007ff91927b000 	C:\Program Files\Java\jdk-11.0.12\bin\msvcp140.dll
0x00007ff8fc2a0000 - 0x00007ff8fcd9f000 	C:\Program Files\Java\jdk-11.0.12\bin\server\jvm.dll
0x00007ff93b950000 - 0x00007ff93b958000 	C:\WINDOWS\System32\PSAPI.DLL
0x00007ff92f850000 - 0x00007ff92f859000 	C:\WINDOWS\SYSTEM32\WSOCK32.dll
0x00007ff93c770000 - 0x00007ff93c7df000 	C:\WINDOWS\System32\WS2_32.dll
0x00007ff930050000 - 0x00007ff930083000 	C:\WINDOWS\SYSTEM32\WINMM.dll
0x00007ff9391d0000 - 0x00007ff9391e8000 	C:\WINDOWS\SYSTEM32\kernel.appcore.dll
0x00007ff936580000 - 0x00007ff936590000 	C:\Program Files\Java\jdk-11.0.12\bin\verify.dll
0x00007ff92d780000 - 0x00007ff92d9a1000 	C:\WINDOWS\SYSTEM32\DBGHELP.DLL
0x00007ff9240d0000 - 0x00007ff924101000 	C:\WINDOWS\SYSTEM32\dbgcore.DLL
0x00007ff93a570000 - 0x00007ff93a5ef000 	C:\WINDOWS\System32\bcryptPrimitives.dll
0x00007ff92c2b0000 - 0x00007ff92c2d8000 	C:\Program Files\Java\jdk-11.0.12\bin\java.dll
0x00007ff936560000 - 0x00007ff93656a000 	C:\Program Files\Java\jdk-11.0.12\bin\jimage.dll
0x00007ff92c190000 - 0x00007ff92c1a6000 	C:\Program Files\Java\jdk-11.0.12\bin\zip.dll
0x00007ff93b960000 - 0x00007ff93c10f000 	C:\WINDOWS\System32\SHELL32.dll
0x00007ff938240000 - 0x00007ff938aa8000 	C:\WINDOWS\SYSTEM32\windows.storage.dll
0x00007ff93c3e0000 - 0x00007ff93c758000 	C:\WINDOWS\System32\combase.dll
0x00007ff9380d0000 - 0x00007ff938236000 	C:\WINDOWS\SYSTEM32\wintypes.dll
0x00007ff93b590000 - 0x00007ff93b67a000 	C:\WINDOWS\System32\SHCORE.dll
0x00007ff93ab20000 - 0x00007ff93ab7d000 	C:\WINDOWS\System32\shlwapi.dll
0x00007ff93a000000 - 0x00007ff93a021000 	C:\WINDOWS\SYSTEM32\profapi.dll
0x00007ff92bd00000 - 0x00007ff92bd19000 	C:\Program Files\Java\jdk-11.0.12\bin\net.dll
0x00007ff92ff40000 - 0x00007ff93004c000 	C:\WINDOWS\SYSTEM32\WINHTTP.dll
0x00007ff939670000 - 0x00007ff9396d7000 	C:\WINDOWS\system32\mswsock.dll
0x00007ff92bc80000 - 0x00007ff92bc92000 	C:\Program Files\Java\jdk-11.0.12\bin\nio.dll
0x00007ff9190f0000 - 0x00007ff919165000 	C:\Users\Dima\AppData\Local\Temp\lwjglMishanya\3.3.1-build-7\lwjgl.dll
0x00007ff90d1f0000 - 0x00007ff90d449000 	C:\Users\Dima\AppData\Local\Temp\lwjglMishanya\3.3.1-build-7\jemalloc.dll
0x00007ff928520000 - 0x00007ff928581000 	C:\Users\Dima\AppData\Local\Temp\lwjglMishanya\3.3.1-build-7\glfw.dll
0x00007ff92c220000 - 0x00007ff92c265000 	C:\WINDOWS\SYSTEM32\dinput8.dll
0x00007ff92c170000 - 0x00007ff92c181000 	C:\WINDOWS\SYSTEM32\xinput1_4.dll
0x00007ff939da0000 - 0x00007ff939dec000 	C:\WINDOWS\SYSTEM32\cfgmgr32.dll
0x00007ff939df0000 - 0x00007ff939e1c000 	C:\WINDOWS\SYSTEM32\DEVOBJ.dll
0x00007ff937ae0000 - 0x00007ff937b0f000 	C:\WINDOWS\SYSTEM32\dwmapi.dll
0x00007ff9299e0000 - 0x00007ff929ba9000 	C:\WINDOWS\SYSTEM32\inputhost.dll
0x00007ff937160000 - 0x00007ff937292000 	C:\WINDOWS\SYSTEM32\CoreMessaging.dll
0x00007ff937840000 - 0x00007ff9378ec000 	C:\WINDOWS\system32\uxtheme.dll
0x00007ff939950000 - 0x00007ff93995c000 	C:\WINDOWS\SYSTEM32\CRYPTBASE.DLL
0x00007ff93b470000 - 0x00007ff93b58e000 	C:\WINDOWS\System32\MSCTF.dll
0x00007ff9275a0000 - 0x00007ff9276a1000 	C:\WINDOWS\SYSTEM32\opengl32.dll
0x00007ff92d6d0000 - 0x00007ff92d6fd000 	C:\WINDOWS\SYSTEM32\GLU32.dll
0x00007ff937920000 - 0x00007ff937958000 	C:\WINDOWS\SYSTEM32\dxcore.dll
0x00007ff935be0000 - 0x00007ff935c24000 	C:\WINDOWS\SYSTEM32\directxdatabasehelper.dll
0x00007ff937a80000 - 0x00007ff937ab4000 	C:\WINDOWS\SYSTEM32\ntmarta.dll
0x00007ff93ad90000 - 0x00007ff93ae3f000 	C:\WINDOWS\System32\clbcatq.dll
0x00007ff8cd3e0000 - 0x00007ff8cdc12000 	C:\WINDOWS\SYSTEM32\ig7icd64.dll
0x00007ff931400000 - 0x00007ff931864000 	C:\WINDOWS\SYSTEM32\igdusc64.dll
0x00007ff936590000 - 0x00007ff9365a4000 	C:\WINDOWS\SYSTEM32\WTSAPI32.dll
0x00007ff939790000 - 0x00007ff9397dd000 	C:\WINDOWS\SYSTEM32\powrprof.dll
0x00007ff939740000 - 0x00007ff939753000 	C:\WINDOWS\SYSTEM32\UMPDC.dll
0x00007ff937960000 - 0x00007ff937a53000 	C:\WINDOWS\SYSTEM32\dxgi.dll
0x00007ff9348a0000 - 0x00007ff934b20000 	C:\WINDOWS\SYSTEM32\d3d11.dll
0x00007ff929d40000 - 0x00007ff92a8e2000 	C:\WINDOWS\SYSTEM32\igd10iumd64.dll
0x00007ff93c110000 - 0x00007ff93c2aa000 	C:\WINDOWS\System32\ole32.dll
0x00007ff939ab0000 - 0x00007ff939ad7000 	C:\WINDOWS\SYSTEM32\bcrypt.dll
0x00007ff939a80000 - 0x00007ff939aa8000 	C:\WINDOWS\SYSTEM32\ncrypt.dll
0x00007ff939a40000 - 0x00007ff939a77000 	C:\WINDOWS\SYSTEM32\NTASN1.dll
0x00007ff928ea0000 - 0x00007ff928fcd000 	C:\WINDOWS\SYSTEM32\textinputframework.dll
0x00007ff93b870000 - 0x00007ff93b946000 	C:\WINDOWS\System32\OLEAUT32.dll
0x00007ff935050000 - 0x00007ff9353bd000 	C:\WINDOWS\SYSTEM32\CoreUIComponents.dll
0x00007ff919090000 - 0x00007ff9190ed000 	C:\Users\Dima\AppData\Local\Temp\lwjglMishanya\3.3.1-build-7\lwjgl_opengl.dll

dbghelp: loaded successfully - version: 4.0.5 - missing functions: none
symbol engine: initialized successfully - sym options: 0x614 - pdb path: .;C:\Program Files\Java\jdk-11.0.12\bin;C:\WINDOWS\SYSTEM32;C:\WINDOWS\WinSxS\amd64_microsoft.windows.common-controls_6595b64144ccf1df_6.0.22000.120_none_9d947278b86cc467;C:\Program Files\Java\jdk-11.0.12\bin\server;C:\Users\Dima\AppData\Local\Temp\lwjglMishanya\3.3.1-build-7

VM Arguments:
jvm_args: -Dfile.encoding=windows-1251 -Duser.country=RU -Duser.language=ru -Duser.variant 
java_command: Main
java_class_path (initial): C:\Users\Dima\ProjectGUI\build\classes\java\main;C:\Users\Dima\ProjectGUI\build\resources\main;C:\Users\Dima\gradle-task\caches\modules-2\files-2.1\org.jetbrains\annotations\23.0.0\8cc20c07506ec18e0834947b84a864bfc094484e\annotations-23.0.0.jar;C:\Users\Dima\gradle-task\caches\modules-2\files-2.1\org.lwjgl\lwjgl-assimp\3.3.1\312072f451794f25670aebb0160ce6ec88aff842\lwjgl-assimp-3.3.1.jar;C:\Users\Dima\gradle-task\caches\modules-2\files-2.1\org.lwjgl\lwjgl-assimp\3.3.1\bfa2a0d57acbf952b716d0ad8a3acbd7ad9f5639\lwjgl-assimp-3.3.1-natives-windows.jar;C:\Users\Dima\gradle-task\caches\modules-2\files-2.1\org.lwjgl\lwjgl-bgfx\3.3.1\4243b7d255d885980f10c36edfb678729493685e\lwjgl-bgfx-3.3.1.jar;C:\Users\Dima\gradle-task\caches\modules-2\files-2.1\org.lwjgl\lwjgl-bgfx\3.3.1\12f22e13c99db9153124dbc17b84fe0233c6f3d5\lwjgl-bgfx-3.3.1-natives-windows.jar;C:\Users\Dima\gradle-task\caches\modules-2\files-2.1\org.lwjgl\lwjgl-cuda\3.3.1\8b67bd7760450f890eade8f74bfaf0dca10821fe\lwjgl-cuda-3.3.1.jar;C:\Users\Dima\gradle-task\caches\modules-2\files-2.1\org.lwjgl\lwjgl-egl\3.3.1\8399e6734ad7d97d2e1f865b2c6c5232d5126dca\lwjgl-egl-3.3.1.jar;C:\Users\Dima\gradle-task\caches\modules-2\files-2.1\org.lwjgl\lwjgl-glfw\3.3.1\cbac1b8d30cb4795149c1ef540f912671a8616d0\lwjgl-glfw-3.3.1.jar;C:\Users\Dima\gradle-task\caches\modules-2\files-2.1\org.lwjgl\lwjgl-glfw\3.3.1\ed892f945cf7e79c8756796f32d00fa4ceaf573b\lwjgl-glfw-3.3.1-natives-windows.jar;C:\Users\Dima\gradle-task\caches\modules-2\files-2.1\org.lwjgl\lwjgl-jawt\3.3.1\30330b16b809655d42f4951ece57f425cce43ce2\lwjgl-jawt-3.3.1.jar;C:\Users\Dima\gradle-task\caches\modules-2\files-2.1\org.lwjgl\lwjgl-jemalloc\3.3.1\a817bcf213db49f710603677457567c37d53e103\lwjgl-jemalloc-3.3.1.jar;C:\Users\Dima\gradle-task\caches\modules-2\files-2.1\org.lwjgl\lwjgl-jemalloc\3.3.1\948a89b76a16aa324b046ae9308891216ffce5f9\lwjgl-jemalloc-3.3.1-natives-windows.jar;C:\Users\Dima\gradle-task\caches\modules-2\files-2.1\org.lwjgl\lwjgl-libdivide
Launcher Type: SUN_STANDARD

[Global flags]
     intx CICompilerCount                          = 3                                         {product} {ergonomic}
     uint ConcGCThreads                            = 1                                         {product} {ergonomic}
     uint G1ConcRefinementThreads                  = 4                                         {product} {ergonomic}
   size_t G1HeapRegionSize                         = 1048576                                   {product} {ergonomic}
    uintx GCDrainStackTargetSize                   = 64                                        {product} {ergonomic}
   size_t InitialHeapSize                          = 100663296                                 {product} {ergonomic}
   size_t MarkStackSize                            = 4194304                                   {product} {ergonomic}
   size_t MaxHeapSize                              = 1581252608                                {product} {ergonomic}
   size_t MaxNewSize                               = 947912704                                 {product} {ergonomic}
   size_t MinHeapDeltaBytes                        = 1048576                                   {product} {ergonomic}
    uintx NonNMethodCodeHeapSize                   = 5830732                                {pd product} {ergonomic}
    uintx NonProfiledCodeHeapSize                  = 122913754                              {pd product} {ergonomic}
    uintx ProfiledCodeHeapSize                     = 122913754                              {pd product} {ergonomic}
    uintx ReservedCodeCacheSize                    = 251658240                              {pd product} {ergonomic}
     bool SegmentedCodeCache                       = true                                      {product} {ergonomic}
     bool UseCompressedClassPointers               = true                                 {lp64_product} {ergonomic}
     bool UseCompressedOops                        = true                                 {lp64_product} {ergonomic}
     bool UseG1GC                                  = true                                      {product} {ergonomic}
     bool UseLargePagesIndividualAllocation        = false                                  {pd product} {ergonomic}

Logging:
Log output configuration:
 #0: stdout all=warning uptime,level,tags
 #1: stderr all=off uptime,level,tags

Environment Variables:
PATH=C:\Program Files (x86)\Embarcadero\Studio\21.0\bin;C:\Users\Public\Documents\Embarcadero\Studio\21.0\Bpl;C:\Program Files (x86)\Embarcadero\Studio\21.0\bin64;C:\Users\Public\Documents\Embarcadero\Studio\21.0\Bpl\Win64;C:\Program Files (x86)\Embarcadero\Studio\22.0\bin;C:\Users\Public\Documents\Embarcadero\Studio\22.0\Bpl;C:\Program Files (x86)\Embarcadero\Studio\22.0\bin64;C:\Users\Public\Documents\Embarcadero\Studio\22.0\Bpl\Win64;C:\Program Files\Common Files\Oracle\Java\javapath;C:\WINDOWS\system32;C:\WINDOWS;C:\WINDOWS\System32\Wbem;C:\WINDOWS\System32\WindowsPowerShell\v1.0\;C:\WINDOWS\System32\OpenSSH\;C:\Program Files\NVIDIA Corporation\NVIDIA NvDLISR;C:\Program Files (x86)\NVIDIA Corporation\PhysX\Common;C:\Program Files\Git\cmd;C:\WINDOWS\system32;C:\WINDOWS;C:\WINDOWS\System32\Wbem;C:\WINDOWS\System32\WindowsPowerShell\v1.0\;C:\WINDOWS\System32\OpenSSH\;C:\Users\Dima\AppData\Local\Programs\Python\Python310\Scripts\;C:\Users\Dima\AppData\Local\Programs\Python\Python310\;C:\Users\Dima\AppData\Local\Microsoft\WindowsApps;C:\Users\Dima\AppData\Local\GitHubDesktop\bin;C:\Users\Dima\AppData\Local\Pandoc\;C:\Users\Dima\Downloads\pip;
USERNAME=Mishanya
OS=Windows_NT
PROCESSOR_IDENTIFIER=Intel64 Family 6 Model 58 Stepping 9, GenuineIntel



---------------  S Y S T E M  ---------------

OS: Windows 10 , 64 bit Build 22000 (10.0.22000.675)

CPU:total 4 (initial active 4) (2 cores per cpu, 2 threads per core) family 6 model 58 stepping 9 microcode 0x21, cmov, cx8, fxsr, mmx, sse, sse2, sse3, ssse3, sse4.1, sse4.2, popcnt, avx, aes, clmul, erms, ht, tsc, tscinvbit, tscinv

Memory: 4k page, system-wide physical 6029M (499M free)
TotalPageFile size 13688M (AvailPageFile size 5420M)
current process WorkingSet (physical memory assigned to process): 83M, peak: 86M
current process commit charge ("private bytes"): 223M, peak: 223M

vm_info: Java HotSpot(TM) 64-Bit Server VM (11.0.12+8-LTS-237) for windows-amd64 JRE (11.0.12+8-LTS-237), built on Jun  8 2021 11:25:59 by "mach5one" with MS VC++ 15.9 (VS2017)

END.
