#
# A fatal error has been detected by the Java Runtime Environment:
#
#  EXCEPTION_ACCESS_VIOLATION (0xc0000005) at pc=0x00007ff92853c64d, pid=20236, tid=4588
#
# JRE version: Java(TM) SE Runtime Environment 18.9 (11.0.12+8) (build 11.0.12+8-LTS-237)
# Java VM: Java HotSpot(TM) 64-Bit Server VM 18.9 (11.0.12+8-LTS-237, mixed mode, tiered, compressed oops, g1 gc, windows-amd64)
# Problematic frame:
# C  [lwjgl_opengl.dll+0xc64d]
#
# No core dump will be written. Minidumps are not enabled by default on client versions of Windows
#
# If you would like to submit a bug report, please visit:
#   https://bugreport.java.com/bugreport/crash.jsp
# The crash happened outside the Java Virtual Machine in native code.
# See problematic frame for where to report the bug.
#

---------------  S U M M A R Y ------------

Command Line: -Dfile.encoding=windows-1251 -Duser.country=RU -Duser.language=ru -Duser.variant Main

Host: Intel(R) Core(TM) i5-3317U CPU @ 1.70GHz, 4 cores, 5G,  Windows 10 , 64 bit Build 22000 (10.0.22000.675)
Time: Sun May 29 19:15:17 2022 RTZ 2 (зима) elapsed time: 1.265163 seconds (0d 0h 0m 1s)

---------------  T H R E A D  ---------------

Current thread (0x0000022cffa5b800):  JavaThread "main" [_thread_in_native, id=4588, stack(0x000000c185a00000,0x000000c185b00000)]

Stack: [0x000000c185a00000,0x000000c185b00000],  sp=0x000000c185aff268,  free space=1020k
Native frames: (J=compiled Java code, j=interpreted, Vv=VM code, C=native code)
C  [lwjgl_opengl.dll+0xc64d]

Java frames: (J=compiled Java code, j=interpreted, Vv=VM code)
j  org.lwjgl.opengl.GL11C.nglGenTextures(IJ)V+0
j  org.lwjgl.opengl.GL11C.glGenTextures()I+20
j  org.lwjgl.opengl.GL11.glGenTextures()I+0
j  graphic.Texture.loadTexture(Ljava/awt/image/BufferedImage;)I+161
j  graphic.Texture.<init>()V+45
j  graphic.GlDraw.<init>(II)V+29
j  Main.main([Ljava/lang/String;)V+10
v  ~StubRoutines::call_stub

siginfo: EXCEPTION_ACCESS_VIOLATION (0xc0000005), reading address 0x00000000000002d8


Register to memory mapping:

RIP=0x00007ff92853c64d lwjgl_opengl.dll
RAX=0x0000022c9e5a18c0 points into unknown readable memory: 0x0000000000000000 | 00 00 00 00 00 00 00 00
RBX={method} {0x0000022ca1e49c70} 'nglGenTextures' '(IJ)V' in 'org/lwjgl/opengl/GL11C'
RCX=0x0000000000000001 is an unknown value
RDX=0x0000022c9eb4677c points into unknown readable memory: 00 00 00 00
RSP=0x000000c185aff268 is pointing into the stack for thread: 0x0000022cffa5b800
RBP=0x000000c185aff2f0 is pointing into the stack for thread: 0x0000022cffa5b800
RSI=0x0000022ca1dec508 is pointing into metadata
RDI=0x0000022c883ea0c3 is at code_begin+2307 in an Interpreter codelet
invoke return entry points  [0x0000022c883e97c0, 0x0000022c883ea1a0]  2528 bytes
R8 =0x0000000000000001 is an unknown value
R9 =0x0000022c9eb4677c points into unknown readable memory: 00 00 00 00
R10=0x0 is NULL
R11=0x00000000a7188360 is an oop: java.lang.Class 
{0x00000000a7188360} - klass: 'java/lang/Class'
R12=0x0 is NULL
R13={method} {0x0000022ca1e49c70} 'nglGenTextures' '(IJ)V' in 'org/lwjgl/opengl/GL11C'
R14=0x000000c185aff320 is pointing into the stack for thread: 0x0000022cffa5b800
R15=0x0000022cffa5b800 is a thread


Registers:
RAX=0x0000022c9e5a18c0, RBX=0x0000022ca1e49c68, RCX=0x0000000000000001, RDX=0x0000022c9eb4677c
RSP=0x000000c185aff268, RBP=0x000000c185aff2f0, RSI=0x0000022ca1dec508, RDI=0x0000022c883ea0c3
R8 =0x0000000000000001, R9 =0x0000022c9eb4677c, R10=0x0000000000000000, R11=0x00000000a7188360
R12=0x0000000000000000, R13=0x0000022ca1e49c68, R14=0x000000c185aff320, R15=0x0000022cffa5b800
RIP=0x00007ff92853c64d, EFLAGS=0x0000000000010202

Top of Stack: (sp=0x000000c185aff268)
0x000000c185aff268:   0000022c883ef257 0000022c883ea0c3
0x000000c185aff278:   0000022c883eef52 0000022cffa5b800
0x000000c185aff288:   0000022ca1e49c68 000000c185aff2f0
0x000000c185aff298:   0000022ca1dec508 0000022c883eeef6
0x000000c185aff2a8:   000000c185aff2a8 0000022ca1e49c68
0x000000c185aff2b8:   000000c185aff320 0000022ca1e541e8
0x000000c185aff2c8:   0000000000000000 00000000a7188360
0x000000c185aff2d8:   0000022ca1e49c68 0000000000000000
0x000000c185aff2e8:   000000c185aff310 000000c185aff370
0x000000c185aff2f8:   0000022c883ea0c3 00000000a7188360
0x000000c185aff308:   0000022c883ec298 0000022c9eb4677c
0x000000c185aff318:   0000000000000000 0000000000000001
0x000000c185aff328:   000000c185aff328 0000022ca1e49dec
0x000000c185aff338:   000000c185aff3a0 0000022ca1e541e8
0x000000c185aff348:   0000000000000000 00000000a7188360
0x000000c185aff358:   0000022ca1e49e58 000000c185aff310 

Instructions: (pc=0x00007ff92853c64d)
0x00007ff92853c62d:   c8 02 00 00 cc cc cc cc cc cc cc cc cc cc cc cc
0x00007ff92853c63d:   cc cc cc 48 8b 01 49 8b d1 41 8b c8 4c 8b 50 18
0x00007ff92853c64d:   49 ff a2 d8 02 00 00 cc cc cc cc cc cc cc cc cc
0x00007ff92853c65d:   cc cc cc 48 8b 01 49 8b d1 41 8b c8 4c 8b 50 18 


Stack slot to memory mapping:
stack at sp + 0 slots: 0x0000022c883ef257 is at code_begin+1047 in an Interpreter codelet
method entry point (kind = native)  [0x0000022c883eee40, 0x0000022c883ef8e0]  2720 bytes
stack at sp + 1 slots: 0x0000022c883ea0c3 is at code_begin+2307 in an Interpreter codelet
invoke return entry points  [0x0000022c883e97c0, 0x0000022c883ea1a0]  2528 bytes
stack at sp + 2 slots: 0x0000022c883eef52 is at code_begin+274 in an Interpreter codelet
method entry point (kind = native)  [0x0000022c883eee40, 0x0000022c883ef8e0]  2720 bytes
stack at sp + 3 slots: 0x0000022cffa5b800 is a thread
stack at sp + 4 slots: {method} {0x0000022ca1e49c70} 'nglGenTextures' '(IJ)V' in 'org/lwjgl/opengl/GL11C'
stack at sp + 5 slots: 0x000000c185aff2f0 is pointing into the stack for thread: 0x0000022cffa5b800
stack at sp + 6 slots: 0x0000022ca1dec508 is pointing into metadata
stack at sp + 7 slots: 0x0000022c883eeef6 is at code_begin+182 in an Interpreter codelet
method entry point (kind = native)  [0x0000022c883eee40, 0x0000022c883ef8e0]  2720 bytes


---------------  P R O C E S S  ---------------

Threads class SMR info:
_java_thread_list=0x0000022c9e527b00, length=12, elements={
0x0000022cffa5b800, 0x0000022c9d40d000, 0x0000022c9d405000, 0x0000022c9d41c800,
0x0000022c9d41e800, 0x0000022c9d420000, 0x0000022c9d425000, 0x0000022c9d42a800,
0x0000022c9d439000, 0x0000022c9def1000, 0x0000022c9e4eb000, 0x0000022c9e516800
}

Java Threads: ( => current thread )
=>0x0000022cffa5b800 JavaThread "main" [_thread_in_native, id=4588, stack(0x000000c185a00000,0x000000c185b00000)]
  0x0000022c9d40d000 JavaThread "Reference Handler" daemon [_thread_blocked, id=6932, stack(0x000000c186100000,0x000000c186200000)]
  0x0000022c9d405000 JavaThread "Finalizer" daemon [_thread_blocked, id=9072, stack(0x000000c186200000,0x000000c186300000)]
  0x0000022c9d41c800 JavaThread "Signal Dispatcher" daemon [_thread_blocked, id=7364, stack(0x000000c186300000,0x000000c186400000)]
  0x0000022c9d41e800 JavaThread "Attach Listener" daemon [_thread_blocked, id=5376, stack(0x000000c186400000,0x000000c186500000)]
  0x0000022c9d420000 JavaThread "Service Thread" daemon [_thread_blocked, id=17616, stack(0x000000c186500000,0x000000c186600000)]
  0x0000022c9d425000 JavaThread "C2 CompilerThread0" daemon [_thread_blocked, id=5236, stack(0x000000c186600000,0x000000c186700000)]
  0x0000022c9d42a800 JavaThread "C1 CompilerThread0" daemon [_thread_blocked, id=13396, stack(0x000000c186700000,0x000000c186800000)]
  0x0000022c9d439000 JavaThread "Sweeper thread" daemon [_thread_blocked, id=21500, stack(0x000000c186800000,0x000000c186900000)]
  0x0000022c9def1000 JavaThread "Common-Cleaner" daemon [_thread_blocked, id=21416, stack(0x000000c186a00000,0x000000c186b00000)]
  0x0000022c9e4eb000 JavaThread "Java2D Disposer" daemon [_thread_blocked, id=14072, stack(0x000000c186b00000,0x000000c186c00000)]
  0x0000022c9e516800 JavaThread "C2 CompilerThread1" daemon [_thread_blocked, id=21188, stack(0x000000c186c00000,0x000000c186d00000)]

Other Threads:
  0x0000022cffb2e800 VMThread "VM Thread" [stack: 0x000000c186000000,0x000000c186100000] [id=9652]
  0x0000022c9deef800 WatcherThread [stack: 0x000000c186900000,0x000000c186a00000] [id=3604]
  0x0000022cffa70800 GCTaskThread "GC Thread#0" [stack: 0x000000c185b00000,0x000000c185c00000] [id=3768]
  0x0000022c9e7e2800 GCTaskThread "GC Thread#1" [stack: 0x000000c186d00000,0x000000c186e00000] [id=2680]
  0x0000022cffa97000 ConcurrentGCThread "G1 Main Marker" [stack: 0x000000c185c00000,0x000000c185d00000] [id=13956]
  0x0000022cffa9a800 ConcurrentGCThread "G1 Conc#0" [stack: 0x000000c185d00000,0x000000c185e00000] [id=15640]
  0x0000022cffb0e800 ConcurrentGCThread "G1 Refine#0" [stack: 0x000000c185e00000,0x000000c185f00000] [id=17108]
  0x0000022cffb10000 ConcurrentGCThread "G1 Young RemSet Sampling" [stack: 0x000000c185f00000,0x000000c186000000] [id=8396]

Threads with active compile tasks:

VM state:not at safepoint (normal execution)

VM Mutex/Monitor currently owned by a thread: None

Heap address: 0x00000000a1c00000, size: 1508 MB, Compressed Oops mode: 32-bit
Narrow klass base: 0x0000000000000000, Narrow klass shift: 3
Compressed class space size: 1073741824 Address: 0x0000000100000000

Heap:
 garbage-first heap   total 98304K, used 15165K [0x00000000a1c00000, 0x0000000100000000)
  region size 1024K, 13 young (13312K), 2 survivors (2048K)
 Metaspace       used 11911K, capacity 12315K, committed 12544K, reserved 1060864K
  class space    used 1025K, capacity 1205K, committed 1280K, reserved 1048576K
Heap Regions: E=young(eden), S=young(survivor), O=old, HS=humongous(starts), HC=humongous(continues), CS=collection set, F=free, A=archive, TAMS=top-at-mark-start (previous, next)
|   0|0x00000000a1c00000, 0x00000000a1d00000, 0x00000000a1d00000|100%|HS|  |TAMS 0x00000000a1c00000, 0x00000000a1c00000| Complete 
|   1|0x00000000a1d00000, 0x00000000a1e00000, 0x00000000a1e00000|100%|HC|  |TAMS 0x00000000a1d00000, 0x00000000a1d00000| Complete 
|   2|0x00000000a1e00000, 0x00000000a1e00000, 0x00000000a1f00000|  0%| F|  |TAMS 0x00000000a1e00000, 0x00000000a1e00000| Untracked 
|   3|0x00000000a1f00000, 0x00000000a1f00000, 0x00000000a2000000|  0%| F|  |TAMS 0x00000000a1f00000, 0x00000000a1f00000| Untracked 
|   4|0x00000000a2000000, 0x00000000a2000000, 0x00000000a2100000|  0%| F|  |TAMS 0x00000000a2000000, 0x00000000a2000000| Untracked 
|   5|0x00000000a2100000, 0x00000000a21cf600, 0x00000000a2200000| 81%| O|  |TAMS 0x00000000a2100000, 0x00000000a2100000| Untracked 
|   6|0x00000000a2200000, 0x00000000a2200000, 0x00000000a2300000|  0%| F|  |TAMS 0x00000000a2200000, 0x00000000a2200000| Untracked 
|   7|0x00000000a2300000, 0x00000000a2300000, 0x00000000a2400000|  0%| F|  |TAMS 0x00000000a2300000, 0x00000000a2300000| Untracked 
|   8|0x00000000a2400000, 0x00000000a2400000, 0x00000000a2500000|  0%| F|  |TAMS 0x00000000a2400000, 0x00000000a2400000| Untracked 
|   9|0x00000000a2500000, 0x00000000a2500000, 0x00000000a2600000|  0%| F|  |TAMS 0x00000000a2500000, 0x00000000a2500000| Untracked 
|  10|0x00000000a2600000, 0x00000000a2600000, 0x00000000a2700000|  0%| F|  |TAMS 0x00000000a2600000, 0x00000000a2600000| Untracked 
|  11|0x00000000a2700000, 0x00000000a2700000, 0x00000000a2800000|  0%| F|  |TAMS 0x00000000a2700000, 0x00000000a2700000| Untracked 
|  12|0x00000000a2800000, 0x00000000a2800000, 0x00000000a2900000|  0%| F|  |TAMS 0x00000000a2800000, 0x00000000a2800000| Untracked 
|  13|0x00000000a2900000, 0x00000000a2900000, 0x00000000a2a00000|  0%| F|  |TAMS 0x00000000a2900000, 0x00000000a2900000| Untracked 
|  14|0x00000000a2a00000, 0x00000000a2a00000, 0x00000000a2b00000|  0%| F|  |TAMS 0x00000000a2a00000, 0x00000000a2a00000| Untracked 
|  15|0x00000000a2b00000, 0x00000000a2b00000, 0x00000000a2c00000|  0%| F|  |TAMS 0x00000000a2b00000, 0x00000000a2b00000| Untracked 
|  16|0x00000000a2c00000, 0x00000000a2c00000, 0x00000000a2d00000|  0%| F|  |TAMS 0x00000000a2c00000, 0x00000000a2c00000| Untracked 
|  17|0x00000000a2d00000, 0x00000000a2d00000, 0x00000000a2e00000|  0%| F|  |TAMS 0x00000000a2d00000, 0x00000000a2d00000| Untracked 
|  18|0x00000000a2e00000, 0x00000000a2e00000, 0x00000000a2f00000|  0%| F|  |TAMS 0x00000000a2e00000, 0x00000000a2e00000| Untracked 
|  19|0x00000000a2f00000, 0x00000000a2f00000, 0x00000000a3000000|  0%| F|  |TAMS 0x00000000a2f00000, 0x00000000a2f00000| Untracked 
|  20|0x00000000a3000000, 0x00000000a3000000, 0x00000000a3100000|  0%| F|  |TAMS 0x00000000a3000000, 0x00000000a3000000| Untracked 
|  21|0x00000000a3100000, 0x00000000a3100000, 0x00000000a3200000|  0%| F|  |TAMS 0x00000000a3100000, 0x00000000a3100000| Untracked 
|  22|0x00000000a3200000, 0x00000000a3200000, 0x00000000a3300000|  0%| F|  |TAMS 0x00000000a3200000, 0x00000000a3200000| Untracked 
|  23|0x00000000a3300000, 0x00000000a3300000, 0x00000000a3400000|  0%| F|  |TAMS 0x00000000a3300000, 0x00000000a3300000| Untracked 
|  24|0x00000000a3400000, 0x00000000a3400000, 0x00000000a3500000|  0%| F|  |TAMS 0x00000000a3400000, 0x00000000a3400000| Untracked 
|  25|0x00000000a3500000, 0x00000000a3500000, 0x00000000a3600000|  0%| F|  |TAMS 0x00000000a3500000, 0x00000000a3500000| Untracked 
|  26|0x00000000a3600000, 0x00000000a3600000, 0x00000000a3700000|  0%| F|  |TAMS 0x00000000a3600000, 0x00000000a3600000| Untracked 
|  27|0x00000000a3700000, 0x00000000a3700000, 0x00000000a3800000|  0%| F|  |TAMS 0x00000000a3700000, 0x00000000a3700000| Untracked 
|  28|0x00000000a3800000, 0x00000000a3800000, 0x00000000a3900000|  0%| F|  |TAMS 0x00000000a3800000, 0x00000000a3800000| Untracked 
|  29|0x00000000a3900000, 0x00000000a3900000, 0x00000000a3a00000|  0%| F|  |TAMS 0x00000000a3900000, 0x00000000a3900000| Untracked 
|  30|0x00000000a3a00000, 0x00000000a3a00000, 0x00000000a3b00000|  0%| F|  |TAMS 0x00000000a3a00000, 0x00000000a3a00000| Untracked 
|  31|0x00000000a3b00000, 0x00000000a3b00000, 0x00000000a3c00000|  0%| F|  |TAMS 0x00000000a3b00000, 0x00000000a3b00000| Untracked 
|  32|0x00000000a3c00000, 0x00000000a3c00000, 0x00000000a3d00000|  0%| F|  |TAMS 0x00000000a3c00000, 0x00000000a3c00000| Untracked 
|  33|0x00000000a3d00000, 0x00000000a3d00000, 0x00000000a3e00000|  0%| F|  |TAMS 0x00000000a3d00000, 0x00000000a3d00000| Untracked 
|  34|0x00000000a3e00000, 0x00000000a3e00000, 0x00000000a3f00000|  0%| F|  |TAMS 0x00000000a3e00000, 0x00000000a3e00000| Untracked 
|  35|0x00000000a3f00000, 0x00000000a3f00000, 0x00000000a4000000|  0%| F|  |TAMS 0x00000000a3f00000, 0x00000000a3f00000| Untracked 
|  36|0x00000000a4000000, 0x00000000a4000000, 0x00000000a4100000|  0%| F|  |TAMS 0x00000000a4000000, 0x00000000a4000000| Untracked 
|  37|0x00000000a4100000, 0x00000000a4100000, 0x00000000a4200000|  0%| F|  |TAMS 0x00000000a4100000, 0x00000000a4100000| Untracked 
|  38|0x00000000a4200000, 0x00000000a4200000, 0x00000000a4300000|  0%| F|  |TAMS 0x00000000a4200000, 0x00000000a4200000| Untracked 
|  39|0x00000000a4300000, 0x00000000a4300000, 0x00000000a4400000|  0%| F|  |TAMS 0x00000000a4300000, 0x00000000a4300000| Untracked 
|  40|0x00000000a4400000, 0x00000000a4400000, 0x00000000a4500000|  0%| F|  |TAMS 0x00000000a4400000, 0x00000000a4400000| Untracked 
|  41|0x00000000a4500000, 0x00000000a4500000, 0x00000000a4600000|  0%| F|  |TAMS 0x00000000a4500000, 0x00000000a4500000| Untracked 
|  42|0x00000000a4600000, 0x00000000a4600000, 0x00000000a4700000|  0%| F|  |TAMS 0x00000000a4600000, 0x00000000a4600000| Untracked 
|  43|0x00000000a4700000, 0x00000000a4700000, 0x00000000a4800000|  0%| F|  |TAMS 0x00000000a4700000, 0x00000000a4700000| Untracked 
|  44|0x00000000a4800000, 0x00000000a4800000, 0x00000000a4900000|  0%| F|  |TAMS 0x00000000a4800000, 0x00000000a4800000| Untracked 
|  45|0x00000000a4900000, 0x00000000a4900000, 0x00000000a4a00000|  0%| F|  |TAMS 0x00000000a4900000, 0x00000000a4900000| Untracked 
|  46|0x00000000a4a00000, 0x00000000a4a00000, 0x00000000a4b00000|  0%| F|  |TAMS 0x00000000a4a00000, 0x00000000a4a00000| Untracked 
|  47|0x00000000a4b00000, 0x00000000a4b00000, 0x00000000a4c00000|  0%| F|  |TAMS 0x00000000a4b00000, 0x00000000a4b00000| Untracked 
|  48|0x00000000a4c00000, 0x00000000a4c00000, 0x00000000a4d00000|  0%| F|  |TAMS 0x00000000a4c00000, 0x00000000a4c00000| Untracked 
|  49|0x00000000a4d00000, 0x00000000a4d00000, 0x00000000a4e00000|  0%| F|  |TAMS 0x00000000a4d00000, 0x00000000a4d00000| Untracked 
|  50|0x00000000a4e00000, 0x00000000a4e00000, 0x00000000a4f00000|  0%| F|  |TAMS 0x00000000a4e00000, 0x00000000a4e00000| Untracked 
|  51|0x00000000a4f00000, 0x00000000a4f00000, 0x00000000a5000000|  0%| F|  |TAMS 0x00000000a4f00000, 0x00000000a4f00000| Untracked 
|  52|0x00000000a5000000, 0x00000000a5000000, 0x00000000a5100000|  0%| F|  |TAMS 0x00000000a5000000, 0x00000000a5000000| Untracked 
|  53|0x00000000a5100000, 0x00000000a5100000, 0x00000000a5200000|  0%| F|  |TAMS 0x00000000a5100000, 0x00000000a5100000| Untracked 
|  54|0x00000000a5200000, 0x00000000a5200000, 0x00000000a5300000|  0%| F|  |TAMS 0x00000000a5200000, 0x00000000a5200000| Untracked 
|  55|0x00000000a5300000, 0x00000000a5300000, 0x00000000a5400000|  0%| F|  |TAMS 0x00000000a5300000, 0x00000000a5300000| Untracked 
|  56|0x00000000a5400000, 0x00000000a5400000, 0x00000000a5500000|  0%| F|  |TAMS 0x00000000a5400000, 0x00000000a5400000| Untracked 
|  57|0x00000000a5500000, 0x00000000a5500000, 0x00000000a5600000|  0%| F|  |TAMS 0x00000000a5500000, 0x00000000a5500000| Untracked 
|  58|0x00000000a5600000, 0x00000000a5600000, 0x00000000a5700000|  0%| F|  |TAMS 0x00000000a5600000, 0x00000000a5600000| Untracked 
|  59|0x00000000a5700000, 0x00000000a5700000, 0x00000000a5800000|  0%| F|  |TAMS 0x00000000a5700000, 0x00000000a5700000| Untracked 
|  60|0x00000000a5800000, 0x00000000a5800000, 0x00000000a5900000|  0%| F|  |TAMS 0x00000000a5800000, 0x00000000a5800000| Untracked 
|  61|0x00000000a5900000, 0x00000000a5900000, 0x00000000a5a00000|  0%| F|  |TAMS 0x00000000a5900000, 0x00000000a5900000| Untracked 
|  62|0x00000000a5a00000, 0x00000000a5a00000, 0x00000000a5b00000|  0%| F|  |TAMS 0x00000000a5a00000, 0x00000000a5a00000| Untracked 
|  63|0x00000000a5b00000, 0x00000000a5b00000, 0x00000000a5c00000|  0%| F|  |TAMS 0x00000000a5b00000, 0x00000000a5b00000| Untracked 
|  64|0x00000000a5c00000, 0x00000000a5c00000, 0x00000000a5d00000|  0%| F|  |TAMS 0x00000000a5c00000, 0x00000000a5c00000| Untracked 
|  65|0x00000000a5d00000, 0x00000000a5d00000, 0x00000000a5e00000|  0%| F|  |TAMS 0x00000000a5d00000, 0x00000000a5d00000| Untracked 
|  66|0x00000000a5e00000, 0x00000000a5e00000, 0x00000000a5f00000|  0%| F|  |TAMS 0x00000000a5e00000, 0x00000000a5e00000| Untracked 
|  67|0x00000000a5f00000, 0x00000000a5f00000, 0x00000000a6000000|  0%| F|  |TAMS 0x00000000a5f00000, 0x00000000a5f00000| Untracked 
|  68|0x00000000a6000000, 0x00000000a6000000, 0x00000000a6100000|  0%| F|  |TAMS 0x00000000a6000000, 0x00000000a6000000| Untracked 
|  69|0x00000000a6100000, 0x00000000a6100000, 0x00000000a6200000|  0%| F|  |TAMS 0x00000000a6100000, 0x00000000a6100000| Untracked 
|  70|0x00000000a6200000, 0x00000000a6200000, 0x00000000a6300000|  0%| F|  |TAMS 0x00000000a6200000, 0x00000000a6200000| Untracked 
|  71|0x00000000a6300000, 0x00000000a6300000, 0x00000000a6400000|  0%| F|  |TAMS 0x00000000a6300000, 0x00000000a6300000| Untracked 
|  72|0x00000000a6400000, 0x00000000a6400000, 0x00000000a6500000|  0%| F|  |TAMS 0x00000000a6400000, 0x00000000a6400000| Untracked 
|  73|0x00000000a6500000, 0x00000000a6500000, 0x00000000a6600000|  0%| F|  |TAMS 0x00000000a6500000, 0x00000000a6500000| Untracked 
|  74|0x00000000a6600000, 0x00000000a6600000, 0x00000000a6700000|  0%| F|  |TAMS 0x00000000a6600000, 0x00000000a6600000| Untracked 
|  75|0x00000000a6700000, 0x00000000a6700000, 0x00000000a6800000|  0%| F|  |TAMS 0x00000000a6700000, 0x00000000a6700000| Untracked 
|  76|0x00000000a6800000, 0x00000000a6800000, 0x00000000a6900000|  0%| F|  |TAMS 0x00000000a6800000, 0x00000000a6800000| Untracked 
|  77|0x00000000a6900000, 0x00000000a6900000, 0x00000000a6a00000|  0%| F|  |TAMS 0x00000000a6900000, 0x00000000a6900000| Untracked 
|  78|0x00000000a6a00000, 0x00000000a6a00000, 0x00000000a6b00000|  0%| F|  |TAMS 0x00000000a6a00000, 0x00000000a6a00000| Untracked 
|  79|0x00000000a6b00000, 0x00000000a6b00000, 0x00000000a6c00000|  0%| F|  |TAMS 0x00000000a6b00000, 0x00000000a6b00000| Untracked 
|  80|0x00000000a6c00000, 0x00000000a6d00000, 0x00000000a6d00000|100%| S|CS|TAMS 0x00000000a6c00000, 0x00000000a6c00000| Complete 
|  81|0x00000000a6d00000, 0x00000000a6e00000, 0x00000000a6e00000|100%| S|CS|TAMS 0x00000000a6d00000, 0x00000000a6d00000| Complete 
|  82|0x00000000a6e00000, 0x00000000a6e00000, 0x00000000a6f00000|  0%| F|  |TAMS 0x00000000a6e00000, 0x00000000a6e00000| Untracked 
|  83|0x00000000a6f00000, 0x00000000a6f00000, 0x00000000a7000000|  0%| F|  |TAMS 0x00000000a6f00000, 0x00000000a6f00000| Untracked 
|  84|0x00000000a7000000, 0x00000000a7000000, 0x00000000a7100000|  0%| F|  |TAMS 0x00000000a7000000, 0x00000000a7000000| Untracked 
|  85|0x00000000a7100000, 0x00000000a71db2f8, 0x00000000a7200000| 85%| E|  |TAMS 0x00000000a7100000, 0x00000000a7100000| Complete 
|  86|0x00000000a7200000, 0x00000000a7300000, 0x00000000a7300000|100%| E|CS|TAMS 0x00000000a7200000, 0x00000000a7200000| Complete 
|  87|0x00000000a7300000, 0x00000000a7400000, 0x00000000a7400000|100%| E|CS|TAMS 0x00000000a7300000, 0x00000000a7300000| Complete 
|  88|0x00000000a7400000, 0x00000000a7500000, 0x00000000a7500000|100%| E|CS|TAMS 0x00000000a7400000, 0x00000000a7400000| Complete 
|  89|0x00000000a7500000, 0x00000000a7600000, 0x00000000a7600000|100%| E|CS|TAMS 0x00000000a7500000, 0x00000000a7500000| Complete 
|  90|0x00000000a7600000, 0x00000000a7700000, 0x00000000a7700000|100%| E|CS|TAMS 0x00000000a7600000, 0x00000000a7600000| Complete 
|  91|0x00000000a7700000, 0x00000000a7800000, 0x00000000a7800000|100%| E|CS|TAMS 0x00000000a7700000, 0x00000000a7700000| Complete 
|  92|0x00000000a7800000, 0x00000000a7900000, 0x00000000a7900000|100%| E|CS|TAMS 0x00000000a7800000, 0x00000000a7800000| Complete 
|  93|0x00000000a7900000, 0x00000000a7a00000, 0x00000000a7a00000|100%| E|CS|TAMS 0x00000000a7900000, 0x00000000a7900000| Complete 
|  94|0x00000000a7a00000, 0x00000000a7b00000, 0x00000000a7b00000|100%| E|CS|TAMS 0x00000000a7a00000, 0x00000000a7a00000| Complete 
|  95|0x00000000a7b00000, 0x00000000a7c00000, 0x00000000a7c00000|100%| E|CS|TAMS 0x00000000a7b00000, 0x00000000a7b00000| Complete 

Card table byte_map: [0x0000022c97900000,0x0000022c97c00000] _byte_map_base: 0x0000022c973f2000

Marking Bits (Prev, Next): (CMBitMap*) 0x0000022cffa906a8, (CMBitMap*) 0x0000022cffa906e0
 Prev Bits: [0x0000022c97f00000, 0x0000022c99690000)
 Next Bits: [0x0000022c99690000, 0x0000022c9ae20000)

Polling page: 0x0000022cffb30000

Metaspace:

Usage:
  Non-class:     10.85 MB capacity,    10.63 MB ( 98%) used,   189.20 KB (  2%) free+waste,    34.94 KB ( <1%) overhead. 
      Class:      1.18 MB capacity,     1.00 MB ( 85%) used,   161.24 KB ( 13%) free+waste,    17.88 KB (  1%) overhead. 
       Both:     12.03 MB capacity,    11.63 MB ( 97%) used,   350.44 KB (  3%) free+waste,    52.81 KB ( <1%) overhead. 

Virtual space:
  Non-class space:       12.00 MB reserved,      11.00 MB ( 92%) committed 
      Class space:        1.00 GB reserved,       1.25 MB ( <1%) committed 
             Both:        1.01 GB reserved,      12.25 MB (  1%) committed 

Chunk freelists:
   Non-Class:  3.25 KB
       Class:  1.38 KB
        Both:  4.63 KB

CodeHeap 'non-profiled nmethods': size=120064Kb used=391Kb max_used=391Kb free=119672Kb
 bounds [0x0000022c8fea0000, 0x0000022c90110000, 0x0000022c973e0000]
CodeHeap 'profiled nmethods': size=120000Kb used=1932Kb max_used=1932Kb free=118067Kb
 bounds [0x0000022c88970000, 0x0000022c88be0000, 0x0000022c8fea0000]
CodeHeap 'non-nmethods': size=5696Kb used=1457Kb max_used=1471Kb free=4238Kb
 bounds [0x0000022c883e0000, 0x0000022c88650000, 0x0000022c88970000]
 total_blobs=2016 nmethods=1048 adapters=880
 compilation: enabled
              stopped_count=0, restarted_count=0
 full_count=0

Compilation events (10 events):
Event: 1.242 Thread 0x0000022c9d42a800 nmethod 1042 0x0000022c88b4f390 code [0x0000022c88b4f820, 0x0000022c88b517d8]
Event: 1.250 Thread 0x0000022c9d42a800 1044  s    3       java.util.Hashtable::get (69 bytes)
Event: 1.250 Thread 0x0000022c9d42a800 nmethod 1044 0x0000022c88b52190 code [0x0000022c88b52380, 0x0000022c88b52958]
Event: 1.252 Thread 0x0000022c9d42a800 1046       3       sun.misc.Unsafe::putLong (11 bytes)
Event: 1.252 Thread 0x0000022c9d42a800 nmethod 1046 0x0000022c88b52b10 code [0x0000022c88b52ca0, 0x0000022c88b52d98]
Event: 1.252 Thread 0x0000022c9d42a800 1047       3       org.lwjgl.system.MemoryUtil::memPutAddress (29 bytes)
Event: 1.252 Thread 0x0000022c9d425000 1048       4       java.lang.Integer::toUnsignedLong (7 bytes)
Event: 1.252 Thread 0x0000022c9d42a800 nmethod 1047 0x0000022c88b52e10 code [0x0000022c88b52fc0, 0x0000022c88b53138]
Event: 1.252 Thread 0x0000022c9d425000 nmethod 1048 0x0000022c8ff01010 code [0x0000022c8ff01180, 0x0000022c8ff011b8]
Event: 1.256 Thread 0x0000022c9e516800 nmethod 1038 0x0000022c8ff01210 code [0x0000022c8ff013e0, 0x0000022c8ff01c28]

GC Heap History (2 events):
Event: 0.945 GC heap before
{Heap before GC invocations=0 (full 0):
 garbage-first heap   total 98304K, used 19456K [0x00000000a1c00000, 0x0000000100000000)
  region size 1024K, 14 young (14336K), 0 survivors (0K)
 Metaspace       used 9154K, capacity 9415K, committed 9728K, reserved 1058816K
  class space    used 826K, capacity 954K, committed 1024K, reserved 1048576K
}
Event: 0.952 GC heap after
{Heap after GC invocations=1 (full 0):
 garbage-first heap   total 98304K, used 4925K [0x00000000a1c00000, 0x0000000100000000)
  region size 1024K, 2 young (2048K), 2 survivors (2048K)
 Metaspace       used 9154K, capacity 9415K, committed 9728K, reserved 1058816K
  class space    used 826K, capacity 954K, committed 1024K, reserved 1048576K
}

Deoptimization events (10 events):
Event: 1.012 Thread 0x0000022cffa5b800 Uncommon trap: reason=unstable_if action=reinterpret pc=0x0000022c8fecfc80 method=java.lang.invoke.LambdaForm$Name.replaceNames([Ljava/lang/invoke/LambdaForm$Name;[Ljava/lang/invoke/LambdaForm$Name;II)Ljava/lang/invoke/LambdaForm$Name; @ 3 c2
Event: 1.012 Thread 0x0000022cffa5b800 Uncommon trap: reason=unstable_fused_if action=reinterpret pc=0x0000022c8fedf774 method=jdk.internal.org.objectweb.asm.Frame.execute(IILjdk/internal/org/objectweb/asm/ClassWriter;Ljdk/internal/org/objectweb/asm/Item;)V @ 1 c2
Event: 1.033 Thread 0x0000022cffa5b800 Uncommon trap: reason=unstable_if action=reinterpret pc=0x0000022c8fed35d0 method=jdk.internal.org.objectweb.asm.Type.getArgumentsAndReturnSizes(Ljava/lang/String;)I @ 88 c2
Event: 1.064 Thread 0x0000022cffa5b800 Uncommon trap: reason=unstable_if action=reinterpret pc=0x0000022c8fee7700 method=java.lang.String.startsWith(Ljava/lang/String;I)Z @ 14 c2
Event: 1.107 Thread 0x0000022cffa5b800 Uncommon trap: reason=unstable_if action=reinterpret pc=0x0000022c8feadf00 method=java.io.WinNTFileSystem.isSlash(C)Z @ 9 c2
Event: 1.109 Thread 0x0000022cffa5b800 Uncommon trap: reason=class_check action=maybe_recompile pc=0x0000022c8fee47f0 method=java.util.HashMap.getNode(ILjava/lang/Object;)Ljava/util/HashMap$Node; @ 126 c2
Event: 1.125 Thread 0x0000022cffa5b800 Uncommon trap: reason=unstable_if action=reinterpret pc=0x0000022c8feb09dc method=sun.nio.fs.WindowsPathParser.isSlash(C)Z @ 9 c2
Event: 1.147 Thread 0x0000022cffa5b800 Uncommon trap: reason=unstable_if action=reinterpret pc=0x0000022c8fea1310 method=java.lang.String.isLatin1()Z @ 10 c2
Event: 1.154 Thread 0x0000022cffa5b800 Uncommon trap: reason=class_check action=maybe_recompile pc=0x0000022c8fee477c method=java.util.HashMap.getNode(ILjava/lang/Object;)Ljava/util/HashMap$Node; @ 59 c2
Event: 1.228 Thread 0x0000022cffa5b800 Uncommon trap: reason=class_check action=maybe_recompile pc=0x0000022c8fee477c method=java.util.HashMap.getNode(ILjava/lang/Object;)Ljava/util/HashMap$Node; @ 59 c2

Classes redefined (0 events):
No events

Internal exceptions (10 events):
Event: 1.239 Thread 0x0000022cffa5b800 Exception <a 'java/security/PrivilegedActionException'{0x00000000a72de760}> (0x00000000a72de760) thrown at [./open/src/hotspot/share/prims/jvm.cpp, line 1305]
Event: 1.239 Thread 0x0000022cffa5b800 Exception <a 'java/security/PrivilegedActionException'{0x00000000a72decd8}> (0x00000000a72decd8) thrown at [./open/src/hotspot/share/prims/jvm.cpp, line 1305]
Event: 1.239 Thread 0x0000022cffa5b800 Exception <a 'java/security/PrivilegedActionException'{0x00000000a72ef368}> (0x00000000a72ef368) thrown at [./open/src/hotspot/share/prims/jvm.cpp, line 1305]
Event: 1.239 Thread 0x0000022cffa5b800 Exception <a 'java/security/PrivilegedActionException'{0x00000000a72ef8e0}> (0x00000000a72ef8e0) thrown at [./open/src/hotspot/share/prims/jvm.cpp, line 1305]
Event: 1.250 Thread 0x0000022cffa5b800 Exception <a 'java/security/PrivilegedActionException'{0x00000000a71367f0}> (0x00000000a71367f0) thrown at [./open/src/hotspot/share/prims/jvm.cpp, line 1305]
Event: 1.250 Thread 0x0000022cffa5b800 Exception <a 'java/security/PrivilegedActionException'{0x00000000a7136ac0}> (0x00000000a7136ac0) thrown at [./open/src/hotspot/share/prims/jvm.cpp, line 1305]
Event: 1.250 Thread 0x0000022cffa5b800 Exception <a 'java/security/PrivilegedActionException'{0x00000000a71386d8}> (0x00000000a71386d8) thrown at [./open/src/hotspot/share/prims/jvm.cpp, line 1305]
Event: 1.250 Thread 0x0000022cffa5b800 Exception <a 'java/security/PrivilegedActionException'{0x00000000a71389a8}> (0x00000000a71389a8) thrown at [./open/src/hotspot/share/prims/jvm.cpp, line 1305]
Event: 1.251 Thread 0x0000022cffa5b800 Exception <a 'java/security/PrivilegedActionException'{0x00000000a714b450}> (0x00000000a714b450) thrown at [./open/src/hotspot/share/prims/jvm.cpp, line 1305]
Event: 1.251 Thread 0x0000022cffa5b800 Exception <a 'java/security/PrivilegedActionException'{0x00000000a714b720}> (0x00000000a714b720) thrown at [./open/src/hotspot/share/prims/jvm.cpp, line 1305]

Events (10 events):
Event: 1.238 loading class org/lwjgl/system/JNI
Event: 1.238 loading class org/lwjgl/system/JNI done
Event: 1.248 loading class org/lwjgl/opengl/GL$1
Event: 1.248 loading class org/lwjgl/opengl/GL$1 done
Event: 1.249 loading class org/lwjgl/system/SharedLibrary$Delegate
Event: 1.249 loading class org/lwjgl/system/SharedLibrary$Delegate done
Event: 1.252 loading class org/lwjgl/opengl/GL11C
Event: 1.252 loading class org/lwjgl/opengl/GL11C done
Event: 1.255 loading class org/lwjgl/system/libc/LibCString
Event: 1.255 loading class org/lwjgl/system/libc/LibCString done


Dynamic libraries:
0x00007ff654da0000 - 0x00007ff654daf000 	C:\Program Files\Java\jdk-11.0.12\bin\java.exe
0x00007ff93cbe0000 - 0x00007ff93cde9000 	C:\WINDOWS\SYSTEM32\ntdll.dll
0x00007ff93b3b0000 - 0x00007ff93b46d000 	C:\WINDOWS\System32\KERNEL32.DLL
0x00007ff93a0d0000 - 0x00007ff93a449000 	C:\WINDOWS\System32\KERNELBASE.dll
0x00007ff93a450000 - 0x00007ff93a561000 	C:\WINDOWS\System32\ucrtbase.dll
0x00007ff9312f0000 - 0x00007ff931305000 	C:\Program Files\Java\jdk-11.0.12\bin\VCRUNTIME140.dll
0x00007ff92c600000 - 0x00007ff92c618000 	C:\Program Files\Java\jdk-11.0.12\bin\jli.dll
0x00007ff93cab0000 - 0x00007ff93cb5e000 	C:\WINDOWS\System32\ADVAPI32.dll
0x00007ff93b700000 - 0x00007ff93b7a3000 	C:\WINDOWS\System32\msvcrt.dll
0x00007ff93aa80000 - 0x00007ff93ab1e000 	C:\WINDOWS\System32\sechost.dll
0x00007ff93c2b0000 - 0x00007ff93c3d0000 	C:\WINDOWS\System32\RPCRT4.dll
0x00007ff93ab80000 - 0x00007ff93ad2c000 	C:\WINDOWS\System32\USER32.dll
0x00007ff93aa50000 - 0x00007ff93aa76000 	C:\WINDOWS\System32\win32u.dll
0x00007ff93cb70000 - 0x00007ff93cb99000 	C:\WINDOWS\System32\GDI32.dll
0x00007ff93a7c0000 - 0x00007ff93a8d2000 	C:\WINDOWS\System32\gdi32full.dll
0x00007ff93a5f0000 - 0x00007ff93a68d000 	C:\WINDOWS\System32\msvcp_win.dll
0x00007ff92acd0000 - 0x00007ff92af75000 	C:\WINDOWS\WinSxS\amd64_microsoft.windows.common-controls_6595b64144ccf1df_6.0.22000.120_none_9d947278b86cc467\COMCTL32.dll
0x00007ff92f9e0000 - 0x00007ff92f9ea000 	C:\WINDOWS\SYSTEM32\VERSION.dll
0x00007ff93ad30000 - 0x00007ff93ad61000 	C:\WINDOWS\System32\IMM32.DLL
0x00007ff9191e0000 - 0x00007ff91927b000 	C:\Program Files\Java\jdk-11.0.12\bin\msvcp140.dll
0x00007ff8fc2a0000 - 0x00007ff8fcd9f000 	C:\Program Files\Java\jdk-11.0.12\bin\server\jvm.dll
0x00007ff93b950000 - 0x00007ff93b958000 	C:\WINDOWS\System32\PSAPI.DLL
0x00007ff92f850000 - 0x00007ff92f859000 	C:\WINDOWS\SYSTEM32\WSOCK32.dll
0x00007ff93c770000 - 0x00007ff93c7df000 	C:\WINDOWS\System32\WS2_32.dll
0x00007ff930050000 - 0x00007ff930083000 	C:\WINDOWS\SYSTEM32\WINMM.dll
0x00007ff9391d0000 - 0x00007ff9391e8000 	C:\WINDOWS\SYSTEM32\kernel.appcore.dll
0x00007ff936580000 - 0x00007ff936590000 	C:\Program Files\Java\jdk-11.0.12\bin\verify.dll
0x00007ff92d780000 - 0x00007ff92d9a1000 	C:\WINDOWS\SYSTEM32\DBGHELP.DLL
0x00007ff9240d0000 - 0x00007ff924101000 	C:\WINDOWS\SYSTEM32\dbgcore.DLL
0x00007ff93a570000 - 0x00007ff93a5ef000 	C:\WINDOWS\System32\bcryptPrimitives.dll
0x00007ff92c2b0000 - 0x00007ff92c2d8000 	C:\Program Files\Java\jdk-11.0.12\bin\java.dll
0x00007ff936560000 - 0x00007ff93656a000 	C:\Program Files\Java\jdk-11.0.12\bin\jimage.dll
0x00007ff92c190000 - 0x00007ff92c1a6000 	C:\Program Files\Java\jdk-11.0.12\bin\zip.dll
0x00007ff93b960000 - 0x00007ff93c10f000 	C:\WINDOWS\System32\SHELL32.dll
0x00007ff938240000 - 0x00007ff938aa8000 	C:\WINDOWS\SYSTEM32\windows.storage.dll
0x00007ff93c3e0000 - 0x00007ff93c758000 	C:\WINDOWS\System32\combase.dll
0x00007ff9380d0000 - 0x00007ff938236000 	C:\WINDOWS\SYSTEM32\wintypes.dll
0x00007ff93b590000 - 0x00007ff93b67a000 	C:\WINDOWS\System32\SHCORE.dll
0x00007ff93ab20000 - 0x00007ff93ab7d000 	C:\WINDOWS\System32\shlwapi.dll
0x00007ff93a000000 - 0x00007ff93a021000 	C:\WINDOWS\SYSTEM32\profapi.dll
0x00007ff92bd00000 - 0x00007ff92bd19000 	C:\Program Files\Java\jdk-11.0.12\bin\net.dll
0x00007ff92ff40000 - 0x00007ff93004c000 	C:\WINDOWS\SYSTEM32\WINHTTP.dll
0x00007ff939670000 - 0x00007ff9396d7000 	C:\WINDOWS\system32\mswsock.dll
0x00007ff92bc80000 - 0x00007ff92bc92000 	C:\Program Files\Java\jdk-11.0.12\bin\nio.dll
0x00007ff90d2b0000 - 0x00007ff90d44a000 	C:\Program Files\Java\jdk-11.0.12\bin\awt.dll
0x00007ff93b870000 - 0x00007ff93b946000 	C:\WINDOWS\System32\OLEAUT32.dll
0x00007ff9375c0000 - 0x00007ff937651000 	C:\WINDOWS\SYSTEM32\apphelp.dll
0x00007ff9293d0000 - 0x00007ff9293fd000 	C:\Program Files\Java\jdk-11.0.12\bin\javajpeg.dll
0x00007ff9190f0000 - 0x00007ff919165000 	C:\Users\Dima\AppData\Local\Temp\lwjglMishanya\3.3.1-build-7\lwjgl.dll
0x00007ff928530000 - 0x00007ff92858d000 	C:\Users\Dima\AppData\Local\Temp\lwjglMishanya\3.3.1-build-7\lwjgl_opengl.dll
0x00007ff9275a0000 - 0x00007ff9276a1000 	C:\WINDOWS\SYSTEM32\opengl32.dll
0x00007ff92d6d0000 - 0x00007ff92d6fd000 	C:\WINDOWS\SYSTEM32\GLU32.dll
0x00007ff937920000 - 0x00007ff937958000 	C:\WINDOWS\SYSTEM32\dxcore.dll
0x00007ff90d050000 - 0x00007ff90d2a9000 	C:\Users\Dima\AppData\Local\Temp\lwjglMishanya\3.3.1-build-7\jemalloc.dll

dbghelp: loaded successfully - version: 4.0.5 - missing functions: none
symbol engine: initialized successfully - sym options: 0x614 - pdb path: .;C:\Program Files\Java\jdk-11.0.12\bin;C:\WINDOWS\SYSTEM32;C:\WINDOWS\WinSxS\amd64_microsoft.windows.common-controls_6595b64144ccf1df_6.0.22000.120_none_9d947278b86cc467;C:\Program Files\Java\jdk-11.0.12\bin\server;C:\Users\Dima\AppData\Local\Temp\lwjglMishanya\3.3.1-build-7

VM Arguments:
jvm_args: -Dfile.encoding=windows-1251 -Duser.country=RU -Duser.language=ru -Duser.variant 
java_command: Main
java_class_path (initial): C:\Users\Dima\ProjectGUI\build\classes\java\main;C:\Users\Dima\ProjectGUI\build\resources\main;C:\Users\Dima\gradle-task\caches\modules-2\files-2.1\org.jetbrains\annotations\23.0.0\8cc20c07506ec18e0834947b84a864bfc094484e\annotations-23.0.0.jar;C:\Users\Dima\gradle-task\caches\modules-2\files-2.1\org.lwjgl\lwjgl-assimp\3.3.1\312072f451794f25670aebb0160ce6ec88aff842\lwjgl-assimp-3.3.1.jar;C:\Users\Dima\gradle-task\caches\modules-2\files-2.1\org.lwjgl\lwjgl-assimp\3.3.1\bfa2a0d57acbf952b716d0ad8a3acbd7ad9f5639\lwjgl-assimp-3.3.1-natives-windows.jar;C:\Users\Dima\gradle-task\caches\modules-2\files-2.1\org.lwjgl\lwjgl-bgfx\3.3.1\4243b7d255d885980f10c36edfb678729493685e\lwjgl-bgfx-3.3.1.jar;C:\Users\Dima\gradle-task\caches\modules-2\files-2.1\org.lwjgl\lwjgl-bgfx\3.3.1\12f22e13c99db9153124dbc17b84fe0233c6f3d5\lwjgl-bgfx-3.3.1-natives-windows.jar;C:\Users\Dima\gradle-task\caches\modules-2\files-2.1\org.lwjgl\lwjgl-cuda\3.3.1\8b67bd7760450f890eade8f74bfaf0dca10821fe\lwjgl-cuda-3.3.1.jar;C:\Users\Dima\gradle-task\caches\modules-2\files-2.1\org.lwjgl\lwjgl-egl\3.3.1\8399e6734ad7d97d2e1f865b2c6c5232d5126dca\lwjgl-egl-3.3.1.jar;C:\Users\Dima\gradle-task\caches\modules-2\files-2.1\org.lwjgl\lwjgl-glfw\3.3.1\cbac1b8d30cb4795149c1ef540f912671a8616d0\lwjgl-glfw-3.3.1.jar;C:\Users\Dima\gradle-task\caches\modules-2\files-2.1\org.lwjgl\lwjgl-glfw\3.3.1\ed892f945cf7e79c8756796f32d00fa4ceaf573b\lwjgl-glfw-3.3.1-natives-windows.jar;C:\Users\Dima\gradle-task\caches\modules-2\files-2.1\org.lwjgl\lwjgl-jawt\3.3.1\30330b16b809655d42f4951ece57f425cce43ce2\lwjgl-jawt-3.3.1.jar;C:\Users\Dima\gradle-task\caches\modules-2\files-2.1\org.lwjgl\lwjgl-jemalloc\3.3.1\a817bcf213db49f710603677457567c37d53e103\lwjgl-jemalloc-3.3.1.jar;C:\Users\Dima\gradle-task\caches\modules-2\files-2.1\org.lwjgl\lwjgl-jemalloc\3.3.1\948a89b76a16aa324b046ae9308891216ffce5f9\lwjgl-jemalloc-3.3.1-natives-windows.jar;C:\Users\Dima\gradle-task\caches\modules-2\files-2.1\org.lwjgl\lwjgl-libdivide
Launcher Type: SUN_STANDARD

[Global flags]
     intx CICompilerCount                          = 3                                         {product} {ergonomic}
     uint ConcGCThreads                            = 1                                         {product} {ergonomic}
     uint G1ConcRefinementThreads                  = 4                                         {product} {ergonomic}
   size_t G1HeapRegionSize                         = 1048576                                   {product} {ergonomic}
    uintx GCDrainStackTargetSize                   = 64                                        {product} {ergonomic}
   size_t InitialHeapSize                          = 100663296                                 {product} {ergonomic}
   size_t MarkStackSize                            = 4194304                                   {product} {ergonomic}
   size_t MaxHeapSize                              = 1581252608                                {product} {ergonomic}
   size_t MaxNewSize                               = 947912704                                 {product} {ergonomic}
   size_t MinHeapDeltaBytes                        = 1048576                                   {product} {ergonomic}
    uintx NonNMethodCodeHeapSize                   = 5830732                                {pd product} {ergonomic}
    uintx NonProfiledCodeHeapSize                  = 122913754                              {pd product} {ergonomic}
    uintx ProfiledCodeHeapSize                     = 122913754                              {pd product} {ergonomic}
    uintx ReservedCodeCacheSize                    = 251658240                              {pd product} {ergonomic}
     bool SegmentedCodeCache                       = true                                      {product} {ergonomic}
     bool UseCompressedClassPointers               = true                                 {lp64_product} {ergonomic}
     bool UseCompressedOops                        = true                                 {lp64_product} {ergonomic}
     bool UseG1GC                                  = true                                      {product} {ergonomic}
     bool UseLargePagesIndividualAllocation        = false                                  {pd product} {ergonomic}

Logging:
Log output configuration:
 #0: stdout all=warning uptime,level,tags
 #1: stderr all=off uptime,level,tags

Environment Variables:
PATH=C:\Program Files (x86)\Embarcadero\Studio\21.0\bin;C:\Users\Public\Documents\Embarcadero\Studio\21.0\Bpl;C:\Program Files (x86)\Embarcadero\Studio\21.0\bin64;C:\Users\Public\Documents\Embarcadero\Studio\21.0\Bpl\Win64;C:\Program Files (x86)\Embarcadero\Studio\22.0\bin;C:\Users\Public\Documents\Embarcadero\Studio\22.0\Bpl;C:\Program Files (x86)\Embarcadero\Studio\22.0\bin64;C:\Users\Public\Documents\Embarcadero\Studio\22.0\Bpl\Win64;C:\Program Files\Common Files\Oracle\Java\javapath;C:\WINDOWS\system32;C:\WINDOWS;C:\WINDOWS\System32\Wbem;C:\WINDOWS\System32\WindowsPowerShell\v1.0\;C:\WINDOWS\System32\OpenSSH\;C:\Program Files\NVIDIA Corporation\NVIDIA NvDLISR;C:\Program Files (x86)\NVIDIA Corporation\PhysX\Common;C:\Program Files\Git\cmd;C:\WINDOWS\system32;C:\WINDOWS;C:\WINDOWS\System32\Wbem;C:\WINDOWS\System32\WindowsPowerShell\v1.0\;C:\WINDOWS\System32\OpenSSH\;C:\Users\Dima\AppData\Local\Programs\Python\Python310\Scripts\;C:\Users\Dima\AppData\Local\Programs\Python\Python310\;C:\Users\Dima\AppData\Local\Microsoft\WindowsApps;C:\Users\Dima\AppData\Local\GitHubDesktop\bin;C:\Users\Dima\AppData\Local\Pandoc\;C:\Users\Dima\Downloads\pip;
USERNAME=Mishanya
OS=Windows_NT
PROCESSOR_IDENTIFIER=Intel64 Family 6 Model 58 Stepping 9, GenuineIntel



---------------  S Y S T E M  ---------------

OS: Windows 10 , 64 bit Build 22000 (10.0.22000.675)

CPU:total 4 (initial active 4) (2 cores per cpu, 2 threads per core) family 6 model 58 stepping 9 microcode 0x21, cmov, cx8, fxsr, mmx, sse, sse2, sse3, ssse3, sse4.1, sse4.2, popcnt, avx, aes, clmul, erms, ht, tsc, tscinvbit, tscinv

Memory: 4k page, system-wide physical 6029M (1357M free)
TotalPageFile size 13688M (AvailPageFile size 4194M)
current process WorkingSet (physical memory assigned to process): 109M, peak: 109M
current process commit charge ("private bytes"): 224M, peak: 224M

vm_info: Java HotSpot(TM) 64-Bit Server VM (11.0.12+8-LTS-237) for windows-amd64 JRE (11.0.12+8-LTS-237), built on Jun  8 2021 11:25:59 by "mach5one" with MS VC++ 15.9 (VS2017)

END.
