#
# A fatal error has been detected by the Java Runtime Environment:
#
#  EXCEPTION_ACCESS_VIOLATION (0xc0000005) at pc=0x00007ff91697c64d, pid=18564, tid=19688
#
# JRE version: Java(TM) SE Runtime Environment 18.9 (11.0.12+8) (build 11.0.12+8-LTS-237)
# Java VM: Java HotSpot(TM) 64-Bit Server VM 18.9 (11.0.12+8-LTS-237, mixed mode, tiered, compressed oops, g1 gc, windows-amd64)
# Problematic frame:
# C  [lwjgl_opengl.dll+0xc64d]
#
# No core dump will be written. Minidumps are not enabled by default on client versions of Windows
#
# If you would like to submit a bug report, please visit:
#   https://bugreport.java.com/bugreport/crash.jsp
# The crash happened outside the Java Virtual Machine in native code.
# See problematic frame for where to report the bug.
#

---------------  S U M M A R Y ------------

Command Line: -Dfile.encoding=windows-1251 -Duser.country=RU -Duser.language=ru -Duser.variant Main

Host: Intel(R) Core(TM) i5-3317U CPU @ 1.70GHz, 4 cores, 5G,  Windows 10 , 64 bit Build 22000 (10.0.22000.675)
Time: Sun May 29 02:38:05 2022 RTZ 2 (зима) elapsed time: 1.818584 seconds (0d 0h 0m 1s)

---------------  T H R E A D  ---------------

Current thread (0x0000027c0644e800):  JavaThread "main" [_thread_in_native, id=19688, stack(0x000000eba6400000,0x000000eba6500000)]

Stack: [0x000000eba6400000,0x000000eba6500000],  sp=0x000000eba64ff408,  free space=1021k
Native frames: (J=compiled Java code, j=interpreted, Vv=VM code, C=native code)
C  [lwjgl_opengl.dll+0xc64d]

Java frames: (J=compiled Java code, j=interpreted, Vv=VM code)
j  org.lwjgl.opengl.GL11C.nglGenTextures(IJ)V+0
j  org.lwjgl.opengl.GL11C.glGenTextures()I+20
j  org.lwjgl.opengl.GL11.glGenTextures()I+0
j  graphic.Texture.<init>(Ljava/lang/String;III)V+10
j  model.Display.loop()V+15
j  model.Display.run()V+23
j  Main.main([Ljava/lang/String;)V+121
v  ~StubRoutines::call_stub

siginfo: EXCEPTION_ACCESS_VIOLATION (0xc0000005), reading address 0x00000000000002d8


Register to memory mapping:

RIP=0x00007ff91697c64d lwjgl_opengl.dll
RAX=0x0000027c2435da90 points into unknown readable memory: 0x0000000000000000 | 00 00 00 00 00 00 00 00
RBX={method} {0x0000027c25c49170} 'nglGenTextures' '(IJ)V' in 'org/lwjgl/opengl/GL11C'
RCX=0x0000000000000001 is an unknown value
RDX=0x0000027c24ac75fc points into unknown readable memory: 00 00 00 00
RSP=0x000000eba64ff408 is pointing into the stack for thread: 0x0000027c0644e800
RBP=0x000000eba64ff490 is pointing into the stack for thread: 0x0000027c0644e800
RSI=0x0000027c25b55358 is pointing into metadata
RDI=0x0000000000000001 is an unknown value
R8 =0x0000000000000001 is an unknown value
R9 =0x0000027c24ac75fc points into unknown readable memory: 00 00 00 00
R10=0x0 is NULL
R11=0x00000000a75c4d30 is an oop: java.lang.Class 
{0x00000000a75c4d30} - klass: 'java/lang/Class'
R12=0x0 is NULL
R13={method} {0x0000027c25c49170} 'nglGenTextures' '(IJ)V' in 'org/lwjgl/opengl/GL11C'
R14=0x000000eba64ff4c0 is pointing into the stack for thread: 0x0000027c0644e800
R15=0x0000027c0644e800 is a thread


Registers:
RAX=0x0000027c2435da90, RBX=0x0000027c25c49168, RCX=0x0000000000000001, RDX=0x0000027c24ac75fc
RSP=0x000000eba64ff408, RBP=0x000000eba64ff490, RSI=0x0000027c25b55358, RDI=0x0000000000000001
R8 =0x0000000000000001, R9 =0x0000027c24ac75fc, R10=0x0000000000000000, R11=0x00000000a75c4d30
R12=0x0000000000000000, R13=0x0000027c25c49168, R14=0x000000eba64ff4c0, R15=0x0000027c0644e800
RIP=0x00007ff91697c64d, EFLAGS=0x0000000000010202

Top of Stack: (sp=0x000000eba64ff408)
0x000000eba64ff408:   0000027c0e90f257 0000000000000001
0x000000eba64ff418:   0000027c0e90ef52 0000027c0644e800
0x000000eba64ff428:   0000027c25c49168 000000eba64ff490
0x000000eba64ff438:   0000027c25b55358 0000027c0e90eef6
0x000000eba64ff448:   000000eba64ff448 0000027c25c49168
0x000000eba64ff458:   000000eba64ff4c0 0000027c25c53698
0x000000eba64ff468:   0000000000000000 00000000a75c4d30
0x000000eba64ff478:   0000027c25c49168 0000000000000000
0x000000eba64ff488:   000000eba64ff4b0 000000eba64ff510
0x000000eba64ff498:   0000027c0e90a0c3 00000000a75c4d30
0x000000eba64ff4a8:   0000027c0e90c298 0000027c24ac75fc
0x000000eba64ff4b8:   0000000000000000 0000000000000001
0x000000eba64ff4c8:   000000eba64ff4c8 0000027c25c492ec
0x000000eba64ff4d8:   000000eba64ff540 0000027c25c53698
0x000000eba64ff4e8:   0000000000000000 00000000a75c4d30
0x000000eba64ff4f8:   0000027c25c49358 000000eba64ff4b0 

Instructions: (pc=0x00007ff91697c64d)
0x00007ff91697c62d:   c8 02 00 00 cc cc cc cc cc cc cc cc cc cc cc cc
0x00007ff91697c63d:   cc cc cc 48 8b 01 49 8b d1 41 8b c8 4c 8b 50 18
0x00007ff91697c64d:   49 ff a2 d8 02 00 00 cc cc cc cc cc cc cc cc cc
0x00007ff91697c65d:   cc cc cc 48 8b 01 49 8b d1 41 8b c8 4c 8b 50 18 


Stack slot to memory mapping:
stack at sp + 0 slots: 0x0000027c0e90f257 is at code_begin+1047 in an Interpreter codelet
method entry point (kind = native)  [0x0000027c0e90ee40, 0x0000027c0e90f8e0]  2720 bytes
stack at sp + 1 slots: 0x0000000000000001 is an unknown value
stack at sp + 2 slots: 0x0000027c0e90ef52 is at code_begin+274 in an Interpreter codelet
method entry point (kind = native)  [0x0000027c0e90ee40, 0x0000027c0e90f8e0]  2720 bytes
stack at sp + 3 slots: 0x0000027c0644e800 is a thread
stack at sp + 4 slots: {method} {0x0000027c25c49170} 'nglGenTextures' '(IJ)V' in 'org/lwjgl/opengl/GL11C'
stack at sp + 5 slots: 0x000000eba64ff490 is pointing into the stack for thread: 0x0000027c0644e800
stack at sp + 6 slots: 0x0000027c25b55358 is pointing into metadata
stack at sp + 7 slots: 0x0000027c0e90eef6 is at code_begin+182 in an Interpreter codelet
method entry point (kind = native)  [0x0000027c0e90ee40, 0x0000027c0e90f8e0]  2720 bytes


---------------  P R O C E S S  ---------------

Threads class SMR info:
_java_thread_list=0x0000027c24d7db00, length=10, elements={
0x0000027c0644e800, 0x0000027c235ce000, 0x0000027c235ce800, 0x0000027c23fa3000,
0x0000027c2360d800, 0x0000027c2360e800, 0x0000027c2361d800, 0x0000027c23622000,
0x0000027c23623800, 0x0000027c240f5000
}

Java Threads: ( => current thread )
=>0x0000027c0644e800 JavaThread "main" [_thread_in_native, id=19688, stack(0x000000eba6400000,0x000000eba6500000)]
  0x0000027c235ce000 JavaThread "Reference Handler" daemon [_thread_blocked, id=18624, stack(0x000000eba6b00000,0x000000eba6c00000)]
  0x0000027c235ce800 JavaThread "Finalizer" daemon [_thread_blocked, id=11660, stack(0x000000eba6c00000,0x000000eba6d00000)]
  0x0000027c23fa3000 JavaThread "Signal Dispatcher" daemon [_thread_blocked, id=10924, stack(0x000000eba6d00000,0x000000eba6e00000)]
  0x0000027c2360d800 JavaThread "Attach Listener" daemon [_thread_blocked, id=11736, stack(0x000000eba6e00000,0x000000eba6f00000)]
  0x0000027c2360e800 JavaThread "Service Thread" daemon [_thread_blocked, id=15800, stack(0x000000eba6f00000,0x000000eba7000000)]
  0x0000027c2361d800 JavaThread "C2 CompilerThread0" daemon [_thread_blocked, id=20940, stack(0x000000eba7000000,0x000000eba7100000)]
  0x0000027c23622000 JavaThread "C1 CompilerThread0" daemon [_thread_blocked, id=12504, stack(0x000000eba7100000,0x000000eba7200000)]
  0x0000027c23623800 JavaThread "Sweeper thread" daemon [_thread_blocked, id=10096, stack(0x000000eba7200000,0x000000eba7300000)]
  0x0000027c240f5000 JavaThread "Common-Cleaner" daemon [_thread_blocked, id=15596, stack(0x000000eba7400000,0x000000eba7500000)]

Other Threads:
  0x0000027c235ca000 VMThread "VM Thread" [stack: 0x000000eba6a00000,0x000000eba6b00000] [id=9876]
  0x0000027c240f4000 WatcherThread [stack: 0x000000eba7300000,0x000000eba7400000] [id=7568]
  0x0000027c06463000 GCTaskThread "GC Thread#0" [stack: 0x000000eba6500000,0x000000eba6600000] [id=9404]
  0x0000027c247ad800 GCTaskThread "GC Thread#1" [stack: 0x000000eba7600000,0x000000eba7700000] [id=3076]
  0x0000027c0648a800 ConcurrentGCThread "G1 Main Marker" [stack: 0x000000eba6600000,0x000000eba6700000] [id=15616]
  0x0000027c0648c800 ConcurrentGCThread "G1 Conc#0" [stack: 0x000000eba6700000,0x000000eba6800000] [id=18480]
  0x0000027c06506000 ConcurrentGCThread "G1 Refine#0" [stack: 0x000000eba6800000,0x000000eba6900000] [id=144]
  0x0000027c06507000 ConcurrentGCThread "G1 Young RemSet Sampling" [stack: 0x000000eba6900000,0x000000eba6a00000] [id=2176]

Threads with active compile tasks:

VM state:not at safepoint (normal execution)

VM Mutex/Monitor currently owned by a thread: None

Heap address: 0x00000000a1c00000, size: 1508 MB, Compressed Oops mode: 32-bit
Narrow klass base: 0x0000000000000000, Narrow klass shift: 3
Compressed class space size: 1073741824 Address: 0x0000000100000000

Heap:
 garbage-first heap   total 98304K, used 8600K [0x00000000a1c00000, 0x0000000100000000)
  region size 1024K, 9 young (9216K), 2 survivors (2048K)
 Metaspace       used 10014K, capacity 10218K, committed 10368K, reserved 1058816K
  class space    used 775K, capacity 834K, committed 896K, reserved 1048576K
Heap Regions: E=young(eden), S=young(survivor), O=old, HS=humongous(starts), HC=humongous(continues), CS=collection set, F=free, A=archive, TAMS=top-at-mark-start (previous, next)
|   0|0x00000000a1c00000, 0x00000000a1c66200, 0x00000000a1d00000| 39%| O|  |TAMS 0x00000000a1c00000, 0x00000000a1c00000| Untracked 
|   1|0x00000000a1d00000, 0x00000000a1d00000, 0x00000000a1e00000|  0%| F|  |TAMS 0x00000000a1d00000, 0x00000000a1d00000| Untracked 
|   2|0x00000000a1e00000, 0x00000000a1e00000, 0x00000000a1f00000|  0%| F|  |TAMS 0x00000000a1e00000, 0x00000000a1e00000| Untracked 
|   3|0x00000000a1f00000, 0x00000000a1f00000, 0x00000000a2000000|  0%| F|  |TAMS 0x00000000a1f00000, 0x00000000a1f00000| Untracked 
|   4|0x00000000a2000000, 0x00000000a2000000, 0x00000000a2100000|  0%| F|  |TAMS 0x00000000a2000000, 0x00000000a2000000| Untracked 
|   5|0x00000000a2100000, 0x00000000a2100000, 0x00000000a2200000|  0%| F|  |TAMS 0x00000000a2100000, 0x00000000a2100000| Untracked 
|   6|0x00000000a2200000, 0x00000000a2200000, 0x00000000a2300000|  0%| F|  |TAMS 0x00000000a2200000, 0x00000000a2200000| Untracked 
|   7|0x00000000a2300000, 0x00000000a2300000, 0x00000000a2400000|  0%| F|  |TAMS 0x00000000a2300000, 0x00000000a2300000| Untracked 
|   8|0x00000000a2400000, 0x00000000a2400000, 0x00000000a2500000|  0%| F|  |TAMS 0x00000000a2400000, 0x00000000a2400000| Untracked 
|   9|0x00000000a2500000, 0x00000000a2500000, 0x00000000a2600000|  0%| F|  |TAMS 0x00000000a2500000, 0x00000000a2500000| Untracked 
|  10|0x00000000a2600000, 0x00000000a2600000, 0x00000000a2700000|  0%| F|  |TAMS 0x00000000a2600000, 0x00000000a2600000| Untracked 
|  11|0x00000000a2700000, 0x00000000a2700000, 0x00000000a2800000|  0%| F|  |TAMS 0x00000000a2700000, 0x00000000a2700000| Untracked 
|  12|0x00000000a2800000, 0x00000000a2800000, 0x00000000a2900000|  0%| F|  |TAMS 0x00000000a2800000, 0x00000000a2800000| Untracked 
|  13|0x00000000a2900000, 0x00000000a2900000, 0x00000000a2a00000|  0%| F|  |TAMS 0x00000000a2900000, 0x00000000a2900000| Untracked 
|  14|0x00000000a2a00000, 0x00000000a2a00000, 0x00000000a2b00000|  0%| F|  |TAMS 0x00000000a2a00000, 0x00000000a2a00000| Untracked 
|  15|0x00000000a2b00000, 0x00000000a2b00000, 0x00000000a2c00000|  0%| F|  |TAMS 0x00000000a2b00000, 0x00000000a2b00000| Untracked 
|  16|0x00000000a2c00000, 0x00000000a2c00000, 0x00000000a2d00000|  0%| F|  |TAMS 0x00000000a2c00000, 0x00000000a2c00000| Untracked 
|  17|0x00000000a2d00000, 0x00000000a2d00000, 0x00000000a2e00000|  0%| F|  |TAMS 0x00000000a2d00000, 0x00000000a2d00000| Untracked 
|  18|0x00000000a2e00000, 0x00000000a2e00000, 0x00000000a2f00000|  0%| F|  |TAMS 0x00000000a2e00000, 0x00000000a2e00000| Untracked 
|  19|0x00000000a2f00000, 0x00000000a2f00000, 0x00000000a3000000|  0%| F|  |TAMS 0x00000000a2f00000, 0x00000000a2f00000| Untracked 
|  20|0x00000000a3000000, 0x00000000a3000000, 0x00000000a3100000|  0%| F|  |TAMS 0x00000000a3000000, 0x00000000a3000000| Untracked 
|  21|0x00000000a3100000, 0x00000000a3100000, 0x00000000a3200000|  0%| F|  |TAMS 0x00000000a3100000, 0x00000000a3100000| Untracked 
|  22|0x00000000a3200000, 0x00000000a3200000, 0x00000000a3300000|  0%| F|  |TAMS 0x00000000a3200000, 0x00000000a3200000| Untracked 
|  23|0x00000000a3300000, 0x00000000a3300000, 0x00000000a3400000|  0%| F|  |TAMS 0x00000000a3300000, 0x00000000a3300000| Untracked 
|  24|0x00000000a3400000, 0x00000000a3400000, 0x00000000a3500000|  0%| F|  |TAMS 0x00000000a3400000, 0x00000000a3400000| Untracked 
|  25|0x00000000a3500000, 0x00000000a3500000, 0x00000000a3600000|  0%| F|  |TAMS 0x00000000a3500000, 0x00000000a3500000| Untracked 
|  26|0x00000000a3600000, 0x00000000a3600000, 0x00000000a3700000|  0%| F|  |TAMS 0x00000000a3600000, 0x00000000a3600000| Untracked 
|  27|0x00000000a3700000, 0x00000000a3700000, 0x00000000a3800000|  0%| F|  |TAMS 0x00000000a3700000, 0x00000000a3700000| Untracked 
|  28|0x00000000a3800000, 0x00000000a3800000, 0x00000000a3900000|  0%| F|  |TAMS 0x00000000a3800000, 0x00000000a3800000| Untracked 
|  29|0x00000000a3900000, 0x00000000a3900000, 0x00000000a3a00000|  0%| F|  |TAMS 0x00000000a3900000, 0x00000000a3900000| Untracked 
|  30|0x00000000a3a00000, 0x00000000a3a00000, 0x00000000a3b00000|  0%| F|  |TAMS 0x00000000a3a00000, 0x00000000a3a00000| Untracked 
|  31|0x00000000a3b00000, 0x00000000a3b00000, 0x00000000a3c00000|  0%| F|  |TAMS 0x00000000a3b00000, 0x00000000a3b00000| Untracked 
|  32|0x00000000a3c00000, 0x00000000a3c00000, 0x00000000a3d00000|  0%| F|  |TAMS 0x00000000a3c00000, 0x00000000a3c00000| Untracked 
|  33|0x00000000a3d00000, 0x00000000a3d00000, 0x00000000a3e00000|  0%| F|  |TAMS 0x00000000a3d00000, 0x00000000a3d00000| Untracked 
|  34|0x00000000a3e00000, 0x00000000a3e00000, 0x00000000a3f00000|  0%| F|  |TAMS 0x00000000a3e00000, 0x00000000a3e00000| Untracked 
|  35|0x00000000a3f00000, 0x00000000a3f00000, 0x00000000a4000000|  0%| F|  |TAMS 0x00000000a3f00000, 0x00000000a3f00000| Untracked 
|  36|0x00000000a4000000, 0x00000000a4000000, 0x00000000a4100000|  0%| F|  |TAMS 0x00000000a4000000, 0x00000000a4000000| Untracked 
|  37|0x00000000a4100000, 0x00000000a4100000, 0x00000000a4200000|  0%| F|  |TAMS 0x00000000a4100000, 0x00000000a4100000| Untracked 
|  38|0x00000000a4200000, 0x00000000a4200000, 0x00000000a4300000|  0%| F|  |TAMS 0x00000000a4200000, 0x00000000a4200000| Untracked 
|  39|0x00000000a4300000, 0x00000000a4300000, 0x00000000a4400000|  0%| F|  |TAMS 0x00000000a4300000, 0x00000000a4300000| Untracked 
|  40|0x00000000a4400000, 0x00000000a4400000, 0x00000000a4500000|  0%| F|  |TAMS 0x00000000a4400000, 0x00000000a4400000| Untracked 
|  41|0x00000000a4500000, 0x00000000a4500000, 0x00000000a4600000|  0%| F|  |TAMS 0x00000000a4500000, 0x00000000a4500000| Untracked 
|  42|0x00000000a4600000, 0x00000000a4600000, 0x00000000a4700000|  0%| F|  |TAMS 0x00000000a4600000, 0x00000000a4600000| Untracked 
|  43|0x00000000a4700000, 0x00000000a4700000, 0x00000000a4800000|  0%| F|  |TAMS 0x00000000a4700000, 0x00000000a4700000| Untracked 
|  44|0x00000000a4800000, 0x00000000a4800000, 0x00000000a4900000|  0%| F|  |TAMS 0x00000000a4800000, 0x00000000a4800000| Untracked 
|  45|0x00000000a4900000, 0x00000000a4900000, 0x00000000a4a00000|  0%| F|  |TAMS 0x00000000a4900000, 0x00000000a4900000| Untracked 
|  46|0x00000000a4a00000, 0x00000000a4a00000, 0x00000000a4b00000|  0%| F|  |TAMS 0x00000000a4a00000, 0x00000000a4a00000| Untracked 
|  47|0x00000000a4b00000, 0x00000000a4b00000, 0x00000000a4c00000|  0%| F|  |TAMS 0x00000000a4b00000, 0x00000000a4b00000| Untracked 
|  48|0x00000000a4c00000, 0x00000000a4c00000, 0x00000000a4d00000|  0%| F|  |TAMS 0x00000000a4c00000, 0x00000000a4c00000| Untracked 
|  49|0x00000000a4d00000, 0x00000000a4d00000, 0x00000000a4e00000|  0%| F|  |TAMS 0x00000000a4d00000, 0x00000000a4d00000| Untracked 
|  50|0x00000000a4e00000, 0x00000000a4e00000, 0x00000000a4f00000|  0%| F|  |TAMS 0x00000000a4e00000, 0x00000000a4e00000| Untracked 
|  51|0x00000000a4f00000, 0x00000000a4f00000, 0x00000000a5000000|  0%| F|  |TAMS 0x00000000a4f00000, 0x00000000a4f00000| Untracked 
|  52|0x00000000a5000000, 0x00000000a5000000, 0x00000000a5100000|  0%| F|  |TAMS 0x00000000a5000000, 0x00000000a5000000| Untracked 
|  53|0x00000000a5100000, 0x00000000a5100000, 0x00000000a5200000|  0%| F|  |TAMS 0x00000000a5100000, 0x00000000a5100000| Untracked 
|  54|0x00000000a5200000, 0x00000000a5200000, 0x00000000a5300000|  0%| F|  |TAMS 0x00000000a5200000, 0x00000000a5200000| Untracked 
|  55|0x00000000a5300000, 0x00000000a5300000, 0x00000000a5400000|  0%| F|  |TAMS 0x00000000a5300000, 0x00000000a5300000| Untracked 
|  56|0x00000000a5400000, 0x00000000a5400000, 0x00000000a5500000|  0%| F|  |TAMS 0x00000000a5400000, 0x00000000a5400000| Untracked 
|  57|0x00000000a5500000, 0x00000000a5500000, 0x00000000a5600000|  0%| F|  |TAMS 0x00000000a5500000, 0x00000000a5500000| Untracked 
|  58|0x00000000a5600000, 0x00000000a5600000, 0x00000000a5700000|  0%| F|  |TAMS 0x00000000a5600000, 0x00000000a5600000| Untracked 
|  59|0x00000000a5700000, 0x00000000a5700000, 0x00000000a5800000|  0%| F|  |TAMS 0x00000000a5700000, 0x00000000a5700000| Untracked 
|  60|0x00000000a5800000, 0x00000000a5800000, 0x00000000a5900000|  0%| F|  |TAMS 0x00000000a5800000, 0x00000000a5800000| Untracked 
|  61|0x00000000a5900000, 0x00000000a5900000, 0x00000000a5a00000|  0%| F|  |TAMS 0x00000000a5900000, 0x00000000a5900000| Untracked 
|  62|0x00000000a5a00000, 0x00000000a5a00000, 0x00000000a5b00000|  0%| F|  |TAMS 0x00000000a5a00000, 0x00000000a5a00000| Untracked 
|  63|0x00000000a5b00000, 0x00000000a5b00000, 0x00000000a5c00000|  0%| F|  |TAMS 0x00000000a5b00000, 0x00000000a5b00000| Untracked 
|  64|0x00000000a5c00000, 0x00000000a5c00000, 0x00000000a5d00000|  0%| F|  |TAMS 0x00000000a5c00000, 0x00000000a5c00000| Untracked 
|  65|0x00000000a5d00000, 0x00000000a5d00000, 0x00000000a5e00000|  0%| F|  |TAMS 0x00000000a5d00000, 0x00000000a5d00000| Untracked 
|  66|0x00000000a5e00000, 0x00000000a5e00000, 0x00000000a5f00000|  0%| F|  |TAMS 0x00000000a5e00000, 0x00000000a5e00000| Untracked 
|  67|0x00000000a5f00000, 0x00000000a5f00000, 0x00000000a6000000|  0%| F|  |TAMS 0x00000000a5f00000, 0x00000000a5f00000| Untracked 
|  68|0x00000000a6000000, 0x00000000a6000000, 0x00000000a6100000|  0%| F|  |TAMS 0x00000000a6000000, 0x00000000a6000000| Untracked 
|  69|0x00000000a6100000, 0x00000000a6100000, 0x00000000a6200000|  0%| F|  |TAMS 0x00000000a6100000, 0x00000000a6100000| Untracked 
|  70|0x00000000a6200000, 0x00000000a6200000, 0x00000000a6300000|  0%| F|  |TAMS 0x00000000a6200000, 0x00000000a6200000| Untracked 
|  71|0x00000000a6300000, 0x00000000a6300000, 0x00000000a6400000|  0%| F|  |TAMS 0x00000000a6300000, 0x00000000a6300000| Untracked 
|  72|0x00000000a6400000, 0x00000000a6400000, 0x00000000a6500000|  0%| F|  |TAMS 0x00000000a6400000, 0x00000000a6400000| Untracked 
|  73|0x00000000a6500000, 0x00000000a6500000, 0x00000000a6600000|  0%| F|  |TAMS 0x00000000a6500000, 0x00000000a6500000| Untracked 
|  74|0x00000000a6600000, 0x00000000a6600000, 0x00000000a6700000|  0%| F|  |TAMS 0x00000000a6600000, 0x00000000a6600000| Untracked 
|  75|0x00000000a6700000, 0x00000000a6700000, 0x00000000a6800000|  0%| F|  |TAMS 0x00000000a6700000, 0x00000000a6700000| Untracked 
|  76|0x00000000a6800000, 0x00000000a6800000, 0x00000000a6900000|  0%| F|  |TAMS 0x00000000a6800000, 0x00000000a6800000| Untracked 
|  77|0x00000000a6900000, 0x00000000a6900000, 0x00000000a6a00000|  0%| F|  |TAMS 0x00000000a6900000, 0x00000000a6900000| Untracked 
|  78|0x00000000a6a00000, 0x00000000a6a00000, 0x00000000a6b00000|  0%| F|  |TAMS 0x00000000a6a00000, 0x00000000a6a00000| Untracked 
|  79|0x00000000a6b00000, 0x00000000a6b00000, 0x00000000a6c00000|  0%| F|  |TAMS 0x00000000a6b00000, 0x00000000a6b00000| Untracked 
|  80|0x00000000a6c00000, 0x00000000a6d00000, 0x00000000a6d00000|100%| S|CS|TAMS 0x00000000a6c00000, 0x00000000a6c00000| Complete 
|  81|0x00000000a6d00000, 0x00000000a6e00000, 0x00000000a6e00000|100%| S|CS|TAMS 0x00000000a6d00000, 0x00000000a6d00000| Complete 
|  82|0x00000000a6e00000, 0x00000000a6e00000, 0x00000000a6f00000|  0%| F|  |TAMS 0x00000000a6e00000, 0x00000000a6e00000| Untracked 
|  83|0x00000000a6f00000, 0x00000000a6f00000, 0x00000000a7000000|  0%| F|  |TAMS 0x00000000a6f00000, 0x00000000a6f00000| Untracked 
|  84|0x00000000a7000000, 0x00000000a7000000, 0x00000000a7100000|  0%| F|  |TAMS 0x00000000a7000000, 0x00000000a7000000| Untracked 
|  85|0x00000000a7100000, 0x00000000a7100000, 0x00000000a7200000|  0%| F|  |TAMS 0x00000000a7100000, 0x00000000a7100000| Untracked 
|  86|0x00000000a7200000, 0x00000000a7200000, 0x00000000a7300000|  0%| F|  |TAMS 0x00000000a7200000, 0x00000000a7200000| Untracked 
|  87|0x00000000a7300000, 0x00000000a7300000, 0x00000000a7400000|  0%| F|  |TAMS 0x00000000a7300000, 0x00000000a7300000| Untracked 
|  88|0x00000000a7400000, 0x00000000a7400000, 0x00000000a7500000|  0%| F|  |TAMS 0x00000000a7400000, 0x00000000a7400000| Untracked 
|  89|0x00000000a7500000, 0x00000000a7600000, 0x00000000a7600000|100%| E|  |TAMS 0x00000000a7500000, 0x00000000a7500000| Complete 
|  90|0x00000000a7600000, 0x00000000a7700000, 0x00000000a7700000|100%| E|CS|TAMS 0x00000000a7600000, 0x00000000a7600000| Complete 
|  91|0x00000000a7700000, 0x00000000a7800000, 0x00000000a7800000|100%| E|CS|TAMS 0x00000000a7700000, 0x00000000a7700000| Complete 
|  92|0x00000000a7800000, 0x00000000a7900000, 0x00000000a7900000|100%| E|CS|TAMS 0x00000000a7800000, 0x00000000a7800000| Complete 
|  93|0x00000000a7900000, 0x00000000a7a00000, 0x00000000a7a00000|100%| E|CS|TAMS 0x00000000a7900000, 0x00000000a7900000| Complete 
|  94|0x00000000a7a00000, 0x00000000a7b00000, 0x00000000a7b00000|100%| E|CS|TAMS 0x00000000a7a00000, 0x00000000a7a00000| Complete 
|  95|0x00000000a7b00000, 0x00000000a7c00000, 0x00000000a7c00000|100%| E|CS|TAMS 0x00000000a7b00000, 0x00000000a7b00000| Complete 

Card table byte_map: [0x0000027c1dc00000,0x0000027c1df00000] _byte_map_base: 0x0000027c1d6f2000

Marking Bits (Prev, Next): (CMBitMap*) 0x0000027c064829d8, (CMBitMap*) 0x0000027c06482a10
 Prev Bits: [0x0000027c1e200000, 0x0000027c1f990000)
 Next Bits: [0x0000027c1f990000, 0x0000027c21120000)

Polling page: 0x0000027c05c20000

Metaspace:

Usage:
  Non-class:      9.16 MB capacity,     9.02 MB ( 98%) used,   131.71 KB (  1%) free+waste,    13.69 KB ( <1%) overhead. 
      Class:    834.00 KB capacity,   775.77 KB ( 93%) used,    51.91 KB (  6%) free+waste,     6.31 KB ( <1%) overhead. 
       Both:      9.98 MB capacity,     9.78 MB ( 98%) used,   183.63 KB (  2%) free+waste,    20.00 KB ( <1%) overhead. 

Virtual space:
  Non-class space:       10.00 MB reserved,       9.25 MB ( 93%) committed 
      Class space:        1.00 GB reserved,     896.00 KB ( <1%) committed 
             Both:        1.01 GB reserved,      10.13 MB ( <1%) committed 

Chunk freelists:
   Non-Class:  3.00 KB
       Class:  0 bytes
        Both:  3.00 KB

CodeHeap 'non-profiled nmethods': size=120064Kb used=295Kb max_used=295Kb free=119768Kb
 bounds [0x0000027c163c0000, 0x0000027c16630000, 0x0000027c1d900000]
CodeHeap 'profiled nmethods': size=120000Kb used=1483Kb max_used=1483Kb free=118516Kb
 bounds [0x0000027c0ee90000, 0x0000027c0f100000, 0x0000027c163c0000]
CodeHeap 'non-nmethods': size=5696Kb used=1417Kb max_used=1435Kb free=4278Kb
 bounds [0x0000027c0e900000, 0x0000027c0eb70000, 0x0000027c0ee90000]
 total_blobs=1737 nmethods=829 adapters=820
 compilation: enabled
              stopped_count=0, restarted_count=0
 full_count=0

Compilation events (10 events):
Event: 1.783 Thread 0x0000027c23622000 nmethod 823 0x0000027c0f000c10 code [0x0000027c0f000f20, 0x0000027c0f001f38]
Event: 1.785 Thread 0x0000027c2361d800  824       4       java.util.jar.JarFile::getEntry (22 bytes)
Event: 1.786 Thread 0x0000027c23622000  826       3       sun.misc.Unsafe::putLong (11 bytes)
Event: 1.786 Thread 0x0000027c23622000 nmethod 826 0x0000027c0f002590 code [0x0000027c0f002720, 0x0000027c0f002818]
Event: 1.786 Thread 0x0000027c23622000  827       3       org.lwjgl.system.MemoryUtil::memPutAddress (29 bytes)
Event: 1.786 Thread 0x0000027c23622000 nmethod 827 0x0000027c0f002890 code [0x0000027c0f002a40, 0x0000027c0f002bb8]
Event: 1.788 Thread 0x0000027c2361d800 nmethod 824 0x0000027c16406c90 code [0x0000027c16406e40, 0x0000027c16406f68]
Event: 1.788 Thread 0x0000027c2361d800  828       4       java.lang.Integer::toUnsignedLong (7 bytes)
Event: 1.788 Thread 0x0000027c2361d800 nmethod 828 0x0000027c16407090 code [0x0000027c16407200, 0x0000027c16407238]
Event: 1.791 Thread 0x0000027c2361d800  829  s!   4       jdk.internal.loader.URLClassPath::getLoader (194 bytes)

GC Heap History (2 events):
Event: 1.270 GC heap before
{Heap before GC invocations=0 (full 0):
 garbage-first heap   total 98304K, used 14336K [0x00000000a1c00000, 0x0000000100000000)
  region size 1024K, 14 young (14336K), 0 survivors (0K)
 Metaspace       used 8402K, capacity 8638K, committed 8832K, reserved 1056768K
  class space    used 738K, capacity 798K, committed 896K, reserved 1048576K
}
Event: 1.280 GC heap after
{Heap after GC invocations=1 (full 0):
 garbage-first heap   total 98304K, used 2456K [0x00000000a1c00000, 0x0000000100000000)
  region size 1024K, 2 young (2048K), 2 survivors (2048K)
 Metaspace       used 8402K, capacity 8638K, committed 8832K, reserved 1056768K
  class space    used 738K, capacity 798K, committed 896K, reserved 1048576K
}

Deoptimization events (9 events):
Event: 0.345 Thread 0x0000027c0644e800 Uncommon trap: reason=unstable_if action=reinterpret pc=0x0000027c163c5b98 method=java.lang.String.hashCode()I @ 14 c2
Event: 1.043 Thread 0x0000027c0644e800 Uncommon trap: reason=unstable_if action=reinterpret pc=0x0000027c163e4380 method=java.lang.String.startsWith(Ljava/lang/String;I)Z @ 14 c2
Event: 1.100 Thread 0x0000027c0644e800 Uncommon trap: reason=unstable_if action=reinterpret pc=0x0000027c163cad00 method=java.io.WinNTFileSystem.isSlash(C)Z @ 9 c2
Event: 1.101 Thread 0x0000027c0644e800 Uncommon trap: reason=class_check action=maybe_recompile pc=0x0000027c163e6764 method=java.util.HashMap.getNode(ILjava/lang/Object;)Ljava/util/HashMap$Node; @ 126 c2
Event: 1.118 Thread 0x0000027c0644e800 Uncommon trap: reason=unstable_if action=reinterpret pc=0x0000027c163ce9dc method=sun.nio.fs.WindowsPathParser.isSlash(C)Z @ 9 c2
Event: 1.159 Thread 0x0000027c0644e800 Uncommon trap: reason=unstable_if action=reinterpret pc=0x0000027c163c1310 method=java.lang.String.isLatin1()Z @ 10 c2
Event: 1.314 Thread 0x0000027c0644e800 Uncommon trap: reason=class_check action=maybe_recompile pc=0x0000027c163e66f0 method=java.util.HashMap.getNode(ILjava/lang/Object;)Ljava/util/HashMap$Node; @ 59 c2
Event: 1.373 Thread 0x0000027c0644e800 Uncommon trap: reason=class_check action=maybe_recompile pc=0x0000027c163e66f0 method=java.util.HashMap.getNode(ILjava/lang/Object;)Ljava/util/HashMap$Node; @ 59 c2
Event: 1.766 Thread 0x0000027c0644e800 Uncommon trap: reason=class_check action=maybe_recompile pc=0x0000027c163e66f0 method=java.util.HashMap.getNode(ILjava/lang/Object;)Ljava/util/HashMap$Node; @ 59 c2

Classes redefined (0 events):
No events

Internal exceptions (10 events):
Event: 1.774 Thread 0x0000027c0644e800 Exception <a 'sun/nio/fs/WindowsException'{0x00000000a753c208}> (0x00000000a753c208) thrown at [./open/src/hotspot/share/prims/jni.cpp, line 611]
Event: 1.774 Thread 0x0000027c0644e800 Exception <a 'sun/nio/fs/WindowsException'{0x00000000a753c5b8}> (0x00000000a753c5b8) thrown at [./open/src/hotspot/share/prims/jni.cpp, line 611]
Event: 1.782 Thread 0x0000027c0644e800 Exception <a 'sun/nio/fs/WindowsException'{0x00000000a756d940}> (0x00000000a756d940) thrown at [./open/src/hotspot/share/prims/jni.cpp, line 611]
Event: 1.782 Thread 0x0000027c0644e800 Exception <a 'sun/nio/fs/WindowsException'{0x00000000a756dc30}> (0x00000000a756dc30) thrown at [./open/src/hotspot/share/prims/jni.cpp, line 611]
Event: 1.784 Thread 0x0000027c0644e800 Exception <a 'java/security/PrivilegedActionException'{0x00000000a7581ea8}> (0x00000000a7581ea8) thrown at [./open/src/hotspot/share/prims/jvm.cpp, line 1305]
Event: 1.784 Thread 0x0000027c0644e800 Exception <a 'java/security/PrivilegedActionException'{0x00000000a7582178}> (0x00000000a7582178) thrown at [./open/src/hotspot/share/prims/jvm.cpp, line 1305]
Event: 1.784 Thread 0x0000027c0644e800 Exception <a 'java/security/PrivilegedActionException'{0x00000000a7583b38}> (0x00000000a7583b38) thrown at [./open/src/hotspot/share/prims/jvm.cpp, line 1305]
Event: 1.784 Thread 0x0000027c0644e800 Exception <a 'java/security/PrivilegedActionException'{0x00000000a7583e08}> (0x00000000a7583e08) thrown at [./open/src/hotspot/share/prims/jvm.cpp, line 1305]
Event: 1.785 Thread 0x0000027c0644e800 Exception <a 'java/security/PrivilegedActionException'{0x00000000a7590d50}> (0x00000000a7590d50) thrown at [./open/src/hotspot/share/prims/jvm.cpp, line 1305]
Event: 1.785 Thread 0x0000027c0644e800 Exception <a 'java/security/PrivilegedActionException'{0x00000000a7591020}> (0x00000000a7591020) thrown at [./open/src/hotspot/share/prims/jvm.cpp, line 1305]

Events (10 events):
Event: 1.780 loading class org/lwjgl/opengl/GL$2
Event: 1.780 loading class org/lwjgl/opengl/GL$2 done
Event: 1.783 loading class org/lwjgl/opengl/GL$1
Event: 1.783 loading class org/lwjgl/opengl/GL$1 done
Event: 1.783 loading class org/lwjgl/system/SharedLibrary$Delegate
Event: 1.783 loading class org/lwjgl/system/SharedLibrary$Delegate done
Event: 1.787 loading class org/lwjgl/opengl/GL11C
Event: 1.787 loading class org/lwjgl/opengl/GL11C done
Event: 1.790 loading class org/lwjgl/system/libc/LibCString
Event: 1.790 loading class org/lwjgl/system/libc/LibCString done


Dynamic libraries:
0x00007ff620a00000 - 0x00007ff620a0f000 	C:\Program Files\Java\jdk-11.0.12\bin\java.exe
0x00007ff93cbe0000 - 0x00007ff93cde9000 	C:\WINDOWS\SYSTEM32\ntdll.dll
0x00007ff93b3b0000 - 0x00007ff93b46d000 	C:\WINDOWS\System32\KERNEL32.DLL
0x00007ff93a0d0000 - 0x00007ff93a449000 	C:\WINDOWS\System32\KERNELBASE.dll
0x00007ff93a450000 - 0x00007ff93a561000 	C:\WINDOWS\System32\ucrtbase.dll
0x00007ff92c600000 - 0x00007ff92c615000 	C:\Program Files\Java\jdk-11.0.12\bin\VCRUNTIME140.dll
0x00007ff92c820000 - 0x00007ff92c838000 	C:\Program Files\Java\jdk-11.0.12\bin\jli.dll
0x00007ff93cab0000 - 0x00007ff93cb5e000 	C:\WINDOWS\System32\ADVAPI32.dll
0x00007ff93b700000 - 0x00007ff93b7a3000 	C:\WINDOWS\System32\msvcrt.dll
0x00007ff93aa80000 - 0x00007ff93ab1e000 	C:\WINDOWS\System32\sechost.dll
0x00007ff93c2b0000 - 0x00007ff93c3d0000 	C:\WINDOWS\System32\RPCRT4.dll
0x00007ff93ab80000 - 0x00007ff93ad2c000 	C:\WINDOWS\System32\USER32.dll
0x00007ff93aa50000 - 0x00007ff93aa76000 	C:\WINDOWS\System32\win32u.dll
0x00007ff92acd0000 - 0x00007ff92af75000 	C:\WINDOWS\WinSxS\amd64_microsoft.windows.common-controls_6595b64144ccf1df_6.0.22000.120_none_9d947278b86cc467\COMCTL32.dll
0x00007ff93cb70000 - 0x00007ff93cb99000 	C:\WINDOWS\System32\GDI32.dll
0x00007ff93a7c0000 - 0x00007ff93a8d2000 	C:\WINDOWS\System32\gdi32full.dll
0x00007ff93a5f0000 - 0x00007ff93a68d000 	C:\WINDOWS\System32\msvcp_win.dll
0x00007ff92f9e0000 - 0x00007ff92f9ea000 	C:\WINDOWS\SYSTEM32\VERSION.dll
0x00007ff93ad30000 - 0x00007ff93ad61000 	C:\WINDOWS\System32\IMM32.DLL
0x00007ff918890000 - 0x00007ff91892b000 	C:\Program Files\Java\jdk-11.0.12\bin\msvcp140.dll
0x00007ff8c9c00000 - 0x00007ff8ca6ff000 	C:\Program Files\Java\jdk-11.0.12\bin\server\jvm.dll
0x00007ff93b950000 - 0x00007ff93b958000 	C:\WINDOWS\System32\PSAPI.DLL
0x00007ff92f850000 - 0x00007ff92f859000 	C:\WINDOWS\SYSTEM32\WSOCK32.dll
0x00007ff930050000 - 0x00007ff930083000 	C:\WINDOWS\SYSTEM32\WINMM.dll
0x00007ff93c770000 - 0x00007ff93c7df000 	C:\WINDOWS\System32\WS2_32.dll
0x00007ff9391d0000 - 0x00007ff9391e8000 	C:\WINDOWS\SYSTEM32\kernel.appcore.dll
0x00007ff935d90000 - 0x00007ff935da0000 	C:\Program Files\Java\jdk-11.0.12\bin\verify.dll
0x00007ff92d780000 - 0x00007ff92d9a1000 	C:\WINDOWS\SYSTEM32\DBGHELP.DLL
0x00007ff9240d0000 - 0x00007ff924101000 	C:\WINDOWS\SYSTEM32\dbgcore.DLL
0x00007ff93a570000 - 0x00007ff93a5ef000 	C:\WINDOWS\System32\bcryptPrimitives.dll
0x00007ff92c2b0000 - 0x00007ff92c2d8000 	C:\Program Files\Java\jdk-11.0.12\bin\java.dll
0x00007ff931e10000 - 0x00007ff931e1a000 	C:\Program Files\Java\jdk-11.0.12\bin\jimage.dll
0x00007ff92bd00000 - 0x00007ff92bd16000 	C:\Program Files\Java\jdk-11.0.12\bin\zip.dll
0x00007ff93b960000 - 0x00007ff93c10f000 	C:\WINDOWS\System32\SHELL32.dll
0x00007ff938240000 - 0x00007ff938aa8000 	C:\WINDOWS\SYSTEM32\windows.storage.dll
0x00007ff93c3e0000 - 0x00007ff93c758000 	C:\WINDOWS\System32\combase.dll
0x00007ff9380d0000 - 0x00007ff938236000 	C:\WINDOWS\SYSTEM32\wintypes.dll
0x00007ff93b590000 - 0x00007ff93b67a000 	C:\WINDOWS\System32\SHCORE.dll
0x00007ff93ab20000 - 0x00007ff93ab7d000 	C:\WINDOWS\System32\shlwapi.dll
0x00007ff93a000000 - 0x00007ff93a021000 	C:\WINDOWS\SYSTEM32\profapi.dll
0x00007ff92ba40000 - 0x00007ff92ba59000 	C:\Program Files\Java\jdk-11.0.12\bin\net.dll
0x00007ff92ff40000 - 0x00007ff93004c000 	C:\WINDOWS\SYSTEM32\WINHTTP.dll
0x00007ff939670000 - 0x00007ff9396d7000 	C:\WINDOWS\system32\mswsock.dll
0x00007ff9293e0000 - 0x00007ff9293f2000 	C:\Program Files\Java\jdk-11.0.12\bin\nio.dll
0x00007ff90d230000 - 0x00007ff90d2a5000 	C:\Users\Dima\AppData\Local\Temp\lwjglMishanya\3.3.1-build-7\lwjgl.dll
0x00007ff8ebfa0000 - 0x00007ff8ec1f9000 	C:\Users\Dima\AppData\Local\Temp\lwjglMishanya\3.3.1-build-7\jemalloc.dll
0x00007ff90d1c0000 - 0x00007ff90d221000 	C:\Users\Dima\AppData\Local\Temp\lwjglMishanya\3.3.1-build-7\glfw.dll
0x00007ff918840000 - 0x00007ff918885000 	C:\WINDOWS\SYSTEM32\dinput8.dll
0x00007ff91c6c0000 - 0x00007ff91c6d1000 	C:\WINDOWS\SYSTEM32\xinput1_4.dll
0x00007ff939da0000 - 0x00007ff939dec000 	C:\WINDOWS\SYSTEM32\cfgmgr32.dll
0x00007ff939df0000 - 0x00007ff939e1c000 	C:\WINDOWS\SYSTEM32\DEVOBJ.dll
0x00007ff937ae0000 - 0x00007ff937b0f000 	C:\WINDOWS\SYSTEM32\dwmapi.dll
0x00007ff9299e0000 - 0x00007ff929ba9000 	C:\WINDOWS\SYSTEM32\inputhost.dll
0x00007ff937160000 - 0x00007ff937292000 	C:\WINDOWS\SYSTEM32\CoreMessaging.dll
0x00007ff937840000 - 0x00007ff9378ec000 	C:\WINDOWS\system32\uxtheme.dll
0x00007ff93b470000 - 0x00007ff93b58e000 	C:\WINDOWS\System32\MSCTF.dll
0x00007ff939950000 - 0x00007ff93995c000 	C:\WINDOWS\SYSTEM32\CRYPTBASE.DLL
0x00007ff9275a0000 - 0x00007ff9276a1000 	C:\WINDOWS\SYSTEM32\opengl32.dll
0x00007ff92d6d0000 - 0x00007ff92d6fd000 	C:\WINDOWS\SYSTEM32\GLU32.dll
0x00007ff937920000 - 0x00007ff937958000 	C:\WINDOWS\SYSTEM32\dxcore.dll
0x00007ff935be0000 - 0x00007ff935c24000 	C:\WINDOWS\SYSTEM32\directxdatabasehelper.dll
0x00007ff937a80000 - 0x00007ff937ab4000 	C:\WINDOWS\SYSTEM32\ntmarta.dll
0x00007ff93ad90000 - 0x00007ff93ae3f000 	C:\WINDOWS\System32\clbcatq.dll
0x00007ff8cbe00000 - 0x00007ff8cc632000 	C:\WINDOWS\SYSTEM32\ig7icd64.dll
0x00007ff931400000 - 0x00007ff931864000 	C:\WINDOWS\SYSTEM32\igdusc64.dll
0x00007ff936590000 - 0x00007ff9365a4000 	C:\WINDOWS\SYSTEM32\WTSAPI32.dll
0x00007ff939790000 - 0x00007ff9397dd000 	C:\WINDOWS\SYSTEM32\powrprof.dll
0x00007ff939740000 - 0x00007ff939753000 	C:\WINDOWS\SYSTEM32\UMPDC.dll
0x00007ff937960000 - 0x00007ff937a53000 	C:\WINDOWS\SYSTEM32\dxgi.dll
0x00007ff9348a0000 - 0x00007ff934b20000 	C:\WINDOWS\SYSTEM32\d3d11.dll
0x00007ff929d40000 - 0x00007ff92a8e2000 	C:\WINDOWS\SYSTEM32\igd10iumd64.dll
0x00007ff93c110000 - 0x00007ff93c2aa000 	C:\WINDOWS\System32\ole32.dll
0x00007ff939ab0000 - 0x00007ff939ad7000 	C:\WINDOWS\SYSTEM32\bcrypt.dll
0x00007ff939a80000 - 0x00007ff939aa8000 	C:\WINDOWS\SYSTEM32\ncrypt.dll
0x00007ff939a40000 - 0x00007ff939a77000 	C:\WINDOWS\SYSTEM32\NTASN1.dll
0x00007ff928ea0000 - 0x00007ff928fcd000 	C:\WINDOWS\SYSTEM32\textinputframework.dll
0x00007ff93b870000 - 0x00007ff93b946000 	C:\WINDOWS\System32\OLEAUT32.dll
0x00007ff935050000 - 0x00007ff9353bd000 	C:\WINDOWS\SYSTEM32\CoreUIComponents.dll
0x00007ff931da0000 - 0x00007ff931e09000 	C:\WINDOWS\system32\Oleacc.dll
0x00007ff916970000 - 0x00007ff9169cd000 	C:\Users\Dima\AppData\Local\Temp\lwjglMishanya\3.3.1-build-7\lwjgl_opengl.dll

dbghelp: loaded successfully - version: 4.0.5 - missing functions: none
symbol engine: initialized successfully - sym options: 0x614 - pdb path: .;C:\Program Files\Java\jdk-11.0.12\bin;C:\WINDOWS\SYSTEM32;C:\WINDOWS\WinSxS\amd64_microsoft.windows.common-controls_6595b64144ccf1df_6.0.22000.120_none_9d947278b86cc467;C:\Program Files\Java\jdk-11.0.12\bin\server;C:\Users\Dima\AppData\Local\Temp\lwjglMishanya\3.3.1-build-7

VM Arguments:
jvm_args: -Dfile.encoding=windows-1251 -Duser.country=RU -Duser.language=ru -Duser.variant 
java_command: Main
java_class_path (initial): C:\Users\Dima\ProjectGUI\build\classes\java\main;C:\Users\Dima\ProjectGUI\build\resources\main;C:\Users\Dima\gradle-task\caches\modules-2\files-2.1\org.jetbrains\annotations\23.0.0\8cc20c07506ec18e0834947b84a864bfc094484e\annotations-23.0.0.jar;C:\Users\Dima\gradle-task\caches\modules-2\files-2.1\org.lwjgl\lwjgl-assimp\3.3.1\312072f451794f25670aebb0160ce6ec88aff842\lwjgl-assimp-3.3.1.jar;C:\Users\Dima\gradle-task\caches\modules-2\files-2.1\org.lwjgl\lwjgl-assimp\3.3.1\bfa2a0d57acbf952b716d0ad8a3acbd7ad9f5639\lwjgl-assimp-3.3.1-natives-windows.jar;C:\Users\Dima\gradle-task\caches\modules-2\files-2.1\org.lwjgl\lwjgl-bgfx\3.3.1\4243b7d255d885980f10c36edfb678729493685e\lwjgl-bgfx-3.3.1.jar;C:\Users\Dima\gradle-task\caches\modules-2\files-2.1\org.lwjgl\lwjgl-bgfx\3.3.1\12f22e13c99db9153124dbc17b84fe0233c6f3d5\lwjgl-bgfx-3.3.1-natives-windows.jar;C:\Users\Dima\gradle-task\caches\modules-2\files-2.1\org.lwjgl\lwjgl-cuda\3.3.1\8b67bd7760450f890eade8f74bfaf0dca10821fe\lwjgl-cuda-3.3.1.jar;C:\Users\Dima\gradle-task\caches\modules-2\files-2.1\org.lwjgl\lwjgl-egl\3.3.1\8399e6734ad7d97d2e1f865b2c6c5232d5126dca\lwjgl-egl-3.3.1.jar;C:\Users\Dima\gradle-task\caches\modules-2\files-2.1\org.lwjgl\lwjgl-glfw\3.3.1\cbac1b8d30cb4795149c1ef540f912671a8616d0\lwjgl-glfw-3.3.1.jar;C:\Users\Dima\gradle-task\caches\modules-2\files-2.1\org.lwjgl\lwjgl-glfw\3.3.1\ed892f945cf7e79c8756796f32d00fa4ceaf573b\lwjgl-glfw-3.3.1-natives-windows.jar;C:\Users\Dima\gradle-task\caches\modules-2\files-2.1\org.lwjgl\lwjgl-jawt\3.3.1\30330b16b809655d42f4951ece57f425cce43ce2\lwjgl-jawt-3.3.1.jar;C:\Users\Dima\gradle-task\caches\modules-2\files-2.1\org.lwjgl\lwjgl-jemalloc\3.3.1\a817bcf213db49f710603677457567c37d53e103\lwjgl-jemalloc-3.3.1.jar;C:\Users\Dima\gradle-task\caches\modules-2\files-2.1\org.lwjgl\lwjgl-jemalloc\3.3.1\948a89b76a16aa324b046ae9308891216ffce5f9\lwjgl-jemalloc-3.3.1-natives-windows.jar;C:\Users\Dima\gradle-task\caches\modules-2\files-2.1\org.lwjgl\lwjgl-libdivide
Launcher Type: SUN_STANDARD

[Global flags]
     intx CICompilerCount                          = 3                                         {product} {ergonomic}
     uint ConcGCThreads                            = 1                                         {product} {ergonomic}
     uint G1ConcRefinementThreads                  = 4                                         {product} {ergonomic}
   size_t G1HeapRegionSize                         = 1048576                                   {product} {ergonomic}
    uintx GCDrainStackTargetSize                   = 64                                        {product} {ergonomic}
   size_t InitialHeapSize                          = 100663296                                 {product} {ergonomic}
   size_t MarkStackSize                            = 4194304                                   {product} {ergonomic}
   size_t MaxHeapSize                              = 1581252608                                {product} {ergonomic}
   size_t MaxNewSize                               = 947912704                                 {product} {ergonomic}
   size_t MinHeapDeltaBytes                        = 1048576                                   {product} {ergonomic}
    uintx NonNMethodCodeHeapSize                   = 5830732                                {pd product} {ergonomic}
    uintx NonProfiledCodeHeapSize                  = 122913754                              {pd product} {ergonomic}
    uintx ProfiledCodeHeapSize                     = 122913754                              {pd product} {ergonomic}
    uintx ReservedCodeCacheSize                    = 251658240                              {pd product} {ergonomic}
     bool SegmentedCodeCache                       = true                                      {product} {ergonomic}
     bool UseCompressedClassPointers               = true                                 {lp64_product} {ergonomic}
     bool UseCompressedOops                        = true                                 {lp64_product} {ergonomic}
     bool UseG1GC                                  = true                                      {product} {ergonomic}
     bool UseLargePagesIndividualAllocation        = false                                  {pd product} {ergonomic}

Logging:
Log output configuration:
 #0: stdout all=warning uptime,level,tags
 #1: stderr all=off uptime,level,tags

Environment Variables:
PATH=C:\Program Files (x86)\Embarcadero\Studio\21.0\bin;C:\Users\Public\Documents\Embarcadero\Studio\21.0\Bpl;C:\Program Files (x86)\Embarcadero\Studio\21.0\bin64;C:\Users\Public\Documents\Embarcadero\Studio\21.0\Bpl\Win64;C:\Program Files (x86)\Embarcadero\Studio\22.0\bin;C:\Users\Public\Documents\Embarcadero\Studio\22.0\Bpl;C:\Program Files (x86)\Embarcadero\Studio\22.0\bin64;C:\Users\Public\Documents\Embarcadero\Studio\22.0\Bpl\Win64;C:\Program Files\Common Files\Oracle\Java\javapath;C:\WINDOWS\system32;C:\WINDOWS;C:\WINDOWS\System32\Wbem;C:\WINDOWS\System32\WindowsPowerShell\v1.0\;C:\WINDOWS\System32\OpenSSH\;C:\Program Files\NVIDIA Corporation\NVIDIA NvDLISR;C:\Program Files (x86)\NVIDIA Corporation\PhysX\Common;C:\Program Files\Git\cmd;C:\WINDOWS\system32;C:\WINDOWS;C:\WINDOWS\System32\Wbem;C:\WINDOWS\System32\WindowsPowerShell\v1.0\;C:\WINDOWS\System32\OpenSSH\;C:\Users\Dima\AppData\Local\Programs\Python\Python310\Scripts\;C:\Users\Dima\AppData\Local\Programs\Python\Python310\;C:\Users\Dima\AppData\Local\Microsoft\WindowsApps;C:\Users\Dima\AppData\Local\GitHubDesktop\bin;C:\Users\Dima\AppData\Local\Pandoc\;C:\Users\Dima\Downloads\pip;
USERNAME=Mishanya
OS=Windows_NT
PROCESSOR_IDENTIFIER=Intel64 Family 6 Model 58 Stepping 9, GenuineIntel



---------------  S Y S T E M  ---------------

OS: Windows 10 , 64 bit Build 22000 (10.0.22000.675)

CPU:total 4 (initial active 4) (2 cores per cpu, 2 threads per core) family 6 model 58 stepping 9 microcode 0x21, cmov, cx8, fxsr, mmx, sse, sse2, sse3, ssse3, sse4.1, sse4.2, popcnt, avx, aes, clmul, erms, ht, tsc, tscinvbit, tscinv

Memory: 4k page, system-wide physical 6029M (707M free)
TotalPageFile size 13688M (AvailPageFile size 4794M)
current process WorkingSet (physical memory assigned to process): 84M, peak: 86M
current process commit charge ("private bytes"): 224M, peak: 225M

vm_info: Java HotSpot(TM) 64-Bit Server VM (11.0.12+8-LTS-237) for windows-amd64 JRE (11.0.12+8-LTS-237), built on Jun  8 2021 11:25:59 by "mach5one" with MS VC++ 15.9 (VS2017)

END.
