#
# A fatal error has been detected by the Java Runtime Environment:
#
#  EXCEPTION_ACCESS_VIOLATION (0xc0000005) at pc=0x00007ff918f0c64d, pid=4624, tid=3852
#
# JRE version: Java(TM) SE Runtime Environment 18.9 (11.0.12+8) (build 11.0.12+8-LTS-237)
# Java VM: Java HotSpot(TM) 64-Bit Server VM 18.9 (11.0.12+8-LTS-237, mixed mode, tiered, compressed oops, g1 gc, windows-amd64)
# Problematic frame:
# C  [lwjgl_opengl.dll+0xc64d]
#
# No core dump will be written. Minidumps are not enabled by default on client versions of Windows
#
# If you would like to submit a bug report, please visit:
#   https://bugreport.java.com/bugreport/crash.jsp
# The crash happened outside the Java Virtual Machine in native code.
# See problematic frame for where to report the bug.
#

---------------  S U M M A R Y ------------

Command Line: -Dfile.encoding=windows-1251 -Duser.country=RU -Duser.language=ru -Duser.variant Main

Host: Intel(R) Core(TM) i5-3317U CPU @ 1.70GHz, 4 cores, 5G,  Windows 10 , 64 bit Build 22000 (10.0.22000.675)
Time: Sun May 29 19:39:40 2022 RTZ 2 (зима) elapsed time: 1.282597 seconds (0d 0h 0m 1s)

---------------  T H R E A D  ---------------

Current thread (0x000002149804d000):  JavaThread "main" [_thread_in_native, id=3852, stack(0x0000004911d00000,0x0000004911e00000)]

Stack: [0x0000004911d00000,0x0000004911e00000],  sp=0x0000004911dfefb8,  free space=1019k
Native frames: (J=compiled Java code, j=interpreted, Vv=VM code, C=native code)
C  [lwjgl_opengl.dll+0xc64d]

Java frames: (J=compiled Java code, j=interpreted, Vv=VM code)
j  org.lwjgl.opengl.GL11C.nglGenTextures(IJ)V+0
j  org.lwjgl.opengl.GL11C.glGenTextures()I+20
j  org.lwjgl.opengl.GL11.glGenTextures()I+0
j  graphic.Texture.loadTexture(Ljava/awt/image/BufferedImage;)I+157
j  graphic.GlDraw.imageIn()V+16
j  graphic.GlDraw.<init>(II)V+44
j  Main.main([Ljava/lang/String;)V+10
v  ~StubRoutines::call_stub

siginfo: EXCEPTION_ACCESS_VIOLATION (0xc0000005), reading address 0x00000000000002d8


Register to memory mapping:

RIP=0x00007ff918f0c64d lwjgl_opengl.dll
RAX=0x00000214b86493d0 points into unknown readable memory: 0x0000000000000000 | 00 00 00 00 00 00 00 00
RBX={method} {0x00000214b9d19c70} 'nglGenTextures' '(IJ)V' in 'org/lwjgl/opengl/GL11C'
RCX=0x0000000000000001 is an unknown value
RDX=0x00000214b8dea00c points into unknown readable memory: 00 00 00 00
RSP=0x0000004911dfefb8 is pointing into the stack for thread: 0x000002149804d000
RBP=0x0000004911dff040 is pointing into the stack for thread: 0x000002149804d000
RSI=0x00000214b9cbb970 is pointing into metadata
RDI=0x00000214a1cfa0c3 is at code_begin+2307 in an Interpreter codelet
invoke return entry points  [0x00000214a1cf97c0, 0x00000214a1cfa1a0]  2528 bytes
R8 =0x0000000000000001 is an unknown value
R9 =0x00000214b8dea00c points into unknown readable memory: 00 00 00 00
R10=0x0 is NULL
R11=0x00000000a74f4358 is an oop: java.lang.Class 
{0x00000000a74f4358} - klass: 'java/lang/Class'
R12=0x0 is NULL
R13={method} {0x00000214b9d19c70} 'nglGenTextures' '(IJ)V' in 'org/lwjgl/opengl/GL11C'
R14=0x0000004911dff070 is pointing into the stack for thread: 0x000002149804d000
R15=0x000002149804d000 is a thread


Registers:
RAX=0x00000214b86493d0, RBX=0x00000214b9d19c68, RCX=0x0000000000000001, RDX=0x00000214b8dea00c
RSP=0x0000004911dfefb8, RBP=0x0000004911dff040, RSI=0x00000214b9cbb970, RDI=0x00000214a1cfa0c3
R8 =0x0000000000000001, R9 =0x00000214b8dea00c, R10=0x0000000000000000, R11=0x00000000a74f4358
R12=0x0000000000000000, R13=0x00000214b9d19c68, R14=0x0000004911dff070, R15=0x000002149804d000
RIP=0x00007ff918f0c64d, EFLAGS=0x0000000000010202

Top of Stack: (sp=0x0000004911dfefb8)
0x0000004911dfefb8:   00000214a1cff257 00000214a1cfa0c3
0x0000004911dfefc8:   00000214a1cfef52 000002149804d000
0x0000004911dfefd8:   00000214b9d19c68 0000004911dff040
0x0000004911dfefe8:   00000214b9cbb970 00000214a1cfeef6
0x0000004911dfeff8:   0000004911dfeff8 00000214b9d19c68
0x0000004911dff008:   0000004911dff070 00000214b9d241e8
0x0000004911dff018:   0000000000000000 00000000a74f4358
0x0000004911dff028:   00000214b9d19c68 0000000000000000
0x0000004911dff038:   0000004911dff060 0000004911dff0c0
0x0000004911dff048:   00000214a1cfa0c3 00000000a74f4358
0x0000004911dff058:   00000214a1cfc298 00000214b8dea00c
0x0000004911dff068:   0000000000000000 0000000000000001
0x0000004911dff078:   0000004911dff078 00000214b9d19dec
0x0000004911dff088:   0000004911dff0f0 00000214b9d241e8
0x0000004911dff098:   0000000000000000 00000000a74f4358
0x0000004911dff0a8:   00000214b9d19e58 0000004911dff060 

Instructions: (pc=0x00007ff918f0c64d)
0x00007ff918f0c62d:   c8 02 00 00 cc cc cc cc cc cc cc cc cc cc cc cc
0x00007ff918f0c63d:   cc cc cc 48 8b 01 49 8b d1 41 8b c8 4c 8b 50 18
0x00007ff918f0c64d:   49 ff a2 d8 02 00 00 cc cc cc cc cc cc cc cc cc
0x00007ff918f0c65d:   cc cc cc 48 8b 01 49 8b d1 41 8b c8 4c 8b 50 18 


Stack slot to memory mapping:
stack at sp + 0 slots: 0x00000214a1cff257 is at code_begin+1047 in an Interpreter codelet
method entry point (kind = native)  [0x00000214a1cfee40, 0x00000214a1cff8e0]  2720 bytes
stack at sp + 1 slots: 0x00000214a1cfa0c3 is at code_begin+2307 in an Interpreter codelet
invoke return entry points  [0x00000214a1cf97c0, 0x00000214a1cfa1a0]  2528 bytes
stack at sp + 2 slots: 0x00000214a1cfef52 is at code_begin+274 in an Interpreter codelet
method entry point (kind = native)  [0x00000214a1cfee40, 0x00000214a1cff8e0]  2720 bytes
stack at sp + 3 slots: 0x000002149804d000 is a thread
stack at sp + 4 slots: {method} {0x00000214b9d19c70} 'nglGenTextures' '(IJ)V' in 'org/lwjgl/opengl/GL11C'
stack at sp + 5 slots: 0x0000004911dff040 is pointing into the stack for thread: 0x000002149804d000
stack at sp + 6 slots: 0x00000214b9cbb970 is pointing into metadata
stack at sp + 7 slots: 0x00000214a1cfeef6 is at code_begin+182 in an Interpreter codelet
method entry point (kind = native)  [0x00000214a1cfee40, 0x00000214a1cff8e0]  2720 bytes


---------------  P R O C E S S  ---------------

Threads class SMR info:
_java_thread_list=0x00000214b86166c0, length=12, elements={
0x000002149804d000, 0x00000214b714f000, 0x00000214b7158800, 0x00000214b716e000,
0x00000214b716f800, 0x00000214b7173000, 0x00000214b7176000, 0x00000214b717c800,
0x00000214b7185800, 0x00000214b7c43800, 0x00000214b82bb800, 0x00000214b82b5800
}

Java Threads: ( => current thread )
=>0x000002149804d000 JavaThread "main" [_thread_in_native, id=3852, stack(0x0000004911d00000,0x0000004911e00000)]
  0x00000214b714f000 JavaThread "Reference Handler" daemon [_thread_blocked, id=15760, stack(0x0000004912400000,0x0000004912500000)]
  0x00000214b7158800 JavaThread "Finalizer" daemon [_thread_blocked, id=14136, stack(0x0000004912500000,0x0000004912600000)]
  0x00000214b716e000 JavaThread "Signal Dispatcher" daemon [_thread_blocked, id=8708, stack(0x0000004912600000,0x0000004912700000)]
  0x00000214b716f800 JavaThread "Attach Listener" daemon [_thread_blocked, id=15896, stack(0x0000004912700000,0x0000004912800000)]
  0x00000214b7173000 JavaThread "Service Thread" daemon [_thread_blocked, id=20548, stack(0x0000004912800000,0x0000004912900000)]
  0x00000214b7176000 JavaThread "C2 CompilerThread0" daemon [_thread_blocked, id=10680, stack(0x0000004912900000,0x0000004912a00000)]
  0x00000214b717c800 JavaThread "C1 CompilerThread0" daemon [_thread_blocked, id=8768, stack(0x0000004912a00000,0x0000004912b00000)]
  0x00000214b7185800 JavaThread "Sweeper thread" daemon [_thread_blocked, id=19968, stack(0x0000004912b00000,0x0000004912c00000)]
  0x00000214b7c43800 JavaThread "Common-Cleaner" daemon [_thread_blocked, id=11220, stack(0x0000004912d00000,0x0000004912e00000)]
  0x00000214b82bb800 JavaThread "Java2D Disposer" daemon [_thread_blocked, id=12236, stack(0x0000004912e00000,0x0000004912f00000)]
  0x00000214b82b5800 JavaThread "C2 CompilerThread1" daemon [_thread_blocked, id=8476, stack(0x0000004913000000,0x0000004913100000)]

Other Threads:
  0x00000214b7129800 VMThread "VM Thread" [stack: 0x0000004912300000,0x0000004912400000] [id=8244]
  0x00000214b7c42800 WatcherThread [stack: 0x0000004912c00000,0x0000004912d00000] [id=9168]
  0x0000021498062000 GCTaskThread "GC Thread#0" [stack: 0x0000004911e00000,0x0000004911f00000] [id=19904]
  0x00000214b830c000 GCTaskThread "GC Thread#1" [stack: 0x0000004912f00000,0x0000004913000000] [id=17412]
  0x0000021498089000 ConcurrentGCThread "G1 Main Marker" [stack: 0x0000004911f00000,0x0000004912000000] [id=14236]
  0x000002149808b000 ConcurrentGCThread "G1 Conc#0" [stack: 0x0000004912000000,0x0000004912100000] [id=8328]
  0x0000021498101000 ConcurrentGCThread "G1 Refine#0" [stack: 0x0000004912100000,0x0000004912200000] [id=12712]
  0x0000021498102000 ConcurrentGCThread "G1 Young RemSet Sampling" [stack: 0x0000004912200000,0x0000004912300000] [id=9676]

Threads with active compile tasks:

VM state:not at safepoint (normal execution)

VM Mutex/Monitor currently owned by a thread: None

Heap address: 0x00000000a1c00000, size: 1508 MB, Compressed Oops mode: 32-bit
Narrow klass base: 0x0000000000000000, Narrow klass shift: 3
Compressed class space size: 1073741824 Address: 0x0000000100000000

Heap:
 garbage-first heap   total 98304K, used 11468K [0x00000000a1c00000, 0x0000000100000000)
  region size 1024K, 11 young (11264K), 2 survivors (2048K)
 Metaspace       used 11529K, capacity 11783K, committed 11904K, reserved 1060864K
  class space    used 950K, capacity 1041K, committed 1152K, reserved 1048576K
Heap Regions: E=young(eden), S=young(survivor), O=old, HS=humongous(starts), HC=humongous(continues), CS=collection set, F=free, A=archive, TAMS=top-at-mark-start (previous, next)
|   0|0x00000000a1c00000, 0x00000000a1d00000, 0x00000000a1d00000|100%|HS|  |TAMS 0x00000000a1c00000, 0x00000000a1c00000| Complete 
|   1|0x00000000a1d00000, 0x00000000a1e00000, 0x00000000a1e00000|100%|HC|  |TAMS 0x00000000a1d00000, 0x00000000a1d00000| Complete 
|   2|0x00000000a1e00000, 0x00000000a1e00000, 0x00000000a1f00000|  0%| F|  |TAMS 0x00000000a1e00000, 0x00000000a1e00000| Untracked 
|   3|0x00000000a1f00000, 0x00000000a1f00000, 0x00000000a2000000|  0%| F|  |TAMS 0x00000000a1f00000, 0x00000000a1f00000| Untracked 
|   4|0x00000000a2000000, 0x00000000a2000000, 0x00000000a2100000|  0%| F|  |TAMS 0x00000000a2000000, 0x00000000a2000000| Untracked 
|   5|0x00000000a2100000, 0x00000000a2133000, 0x00000000a2200000| 19%| O|  |TAMS 0x00000000a2100000, 0x00000000a2100000| Untracked 
|   6|0x00000000a2200000, 0x00000000a2200000, 0x00000000a2300000|  0%| F|  |TAMS 0x00000000a2200000, 0x00000000a2200000| Untracked 
|   7|0x00000000a2300000, 0x00000000a2300000, 0x00000000a2400000|  0%| F|  |TAMS 0x00000000a2300000, 0x00000000a2300000| Untracked 
|   8|0x00000000a2400000, 0x00000000a2400000, 0x00000000a2500000|  0%| F|  |TAMS 0x00000000a2400000, 0x00000000a2400000| Untracked 
|   9|0x00000000a2500000, 0x00000000a2500000, 0x00000000a2600000|  0%| F|  |TAMS 0x00000000a2500000, 0x00000000a2500000| Untracked 
|  10|0x00000000a2600000, 0x00000000a2600000, 0x00000000a2700000|  0%| F|  |TAMS 0x00000000a2600000, 0x00000000a2600000| Untracked 
|  11|0x00000000a2700000, 0x00000000a2700000, 0x00000000a2800000|  0%| F|  |TAMS 0x00000000a2700000, 0x00000000a2700000| Untracked 
|  12|0x00000000a2800000, 0x00000000a2800000, 0x00000000a2900000|  0%| F|  |TAMS 0x00000000a2800000, 0x00000000a2800000| Untracked 
|  13|0x00000000a2900000, 0x00000000a2900000, 0x00000000a2a00000|  0%| F|  |TAMS 0x00000000a2900000, 0x00000000a2900000| Untracked 
|  14|0x00000000a2a00000, 0x00000000a2a00000, 0x00000000a2b00000|  0%| F|  |TAMS 0x00000000a2a00000, 0x00000000a2a00000| Untracked 
|  15|0x00000000a2b00000, 0x00000000a2b00000, 0x00000000a2c00000|  0%| F|  |TAMS 0x00000000a2b00000, 0x00000000a2b00000| Untracked 
|  16|0x00000000a2c00000, 0x00000000a2c00000, 0x00000000a2d00000|  0%| F|  |TAMS 0x00000000a2c00000, 0x00000000a2c00000| Untracked 
|  17|0x00000000a2d00000, 0x00000000a2d00000, 0x00000000a2e00000|  0%| F|  |TAMS 0x00000000a2d00000, 0x00000000a2d00000| Untracked 
|  18|0x00000000a2e00000, 0x00000000a2e00000, 0x00000000a2f00000|  0%| F|  |TAMS 0x00000000a2e00000, 0x00000000a2e00000| Untracked 
|  19|0x00000000a2f00000, 0x00000000a2f00000, 0x00000000a3000000|  0%| F|  |TAMS 0x00000000a2f00000, 0x00000000a2f00000| Untracked 
|  20|0x00000000a3000000, 0x00000000a3000000, 0x00000000a3100000|  0%| F|  |TAMS 0x00000000a3000000, 0x00000000a3000000| Untracked 
|  21|0x00000000a3100000, 0x00000000a3100000, 0x00000000a3200000|  0%| F|  |TAMS 0x00000000a3100000, 0x00000000a3100000| Untracked 
|  22|0x00000000a3200000, 0x00000000a3200000, 0x00000000a3300000|  0%| F|  |TAMS 0x00000000a3200000, 0x00000000a3200000| Untracked 
|  23|0x00000000a3300000, 0x00000000a3300000, 0x00000000a3400000|  0%| F|  |TAMS 0x00000000a3300000, 0x00000000a3300000| Untracked 
|  24|0x00000000a3400000, 0x00000000a3400000, 0x00000000a3500000|  0%| F|  |TAMS 0x00000000a3400000, 0x00000000a3400000| Untracked 
|  25|0x00000000a3500000, 0x00000000a3500000, 0x00000000a3600000|  0%| F|  |TAMS 0x00000000a3500000, 0x00000000a3500000| Untracked 
|  26|0x00000000a3600000, 0x00000000a3600000, 0x00000000a3700000|  0%| F|  |TAMS 0x00000000a3600000, 0x00000000a3600000| Untracked 
|  27|0x00000000a3700000, 0x00000000a3700000, 0x00000000a3800000|  0%| F|  |TAMS 0x00000000a3700000, 0x00000000a3700000| Untracked 
|  28|0x00000000a3800000, 0x00000000a3800000, 0x00000000a3900000|  0%| F|  |TAMS 0x00000000a3800000, 0x00000000a3800000| Untracked 
|  29|0x00000000a3900000, 0x00000000a3900000, 0x00000000a3a00000|  0%| F|  |TAMS 0x00000000a3900000, 0x00000000a3900000| Untracked 
|  30|0x00000000a3a00000, 0x00000000a3a00000, 0x00000000a3b00000|  0%| F|  |TAMS 0x00000000a3a00000, 0x00000000a3a00000| Untracked 
|  31|0x00000000a3b00000, 0x00000000a3b00000, 0x00000000a3c00000|  0%| F|  |TAMS 0x00000000a3b00000, 0x00000000a3b00000| Untracked 
|  32|0x00000000a3c00000, 0x00000000a3c00000, 0x00000000a3d00000|  0%| F|  |TAMS 0x00000000a3c00000, 0x00000000a3c00000| Untracked 
|  33|0x00000000a3d00000, 0x00000000a3d00000, 0x00000000a3e00000|  0%| F|  |TAMS 0x00000000a3d00000, 0x00000000a3d00000| Untracked 
|  34|0x00000000a3e00000, 0x00000000a3e00000, 0x00000000a3f00000|  0%| F|  |TAMS 0x00000000a3e00000, 0x00000000a3e00000| Untracked 
|  35|0x00000000a3f00000, 0x00000000a3f00000, 0x00000000a4000000|  0%| F|  |TAMS 0x00000000a3f00000, 0x00000000a3f00000| Untracked 
|  36|0x00000000a4000000, 0x00000000a4000000, 0x00000000a4100000|  0%| F|  |TAMS 0x00000000a4000000, 0x00000000a4000000| Untracked 
|  37|0x00000000a4100000, 0x00000000a4100000, 0x00000000a4200000|  0%| F|  |TAMS 0x00000000a4100000, 0x00000000a4100000| Untracked 
|  38|0x00000000a4200000, 0x00000000a4200000, 0x00000000a4300000|  0%| F|  |TAMS 0x00000000a4200000, 0x00000000a4200000| Untracked 
|  39|0x00000000a4300000, 0x00000000a4300000, 0x00000000a4400000|  0%| F|  |TAMS 0x00000000a4300000, 0x00000000a4300000| Untracked 
|  40|0x00000000a4400000, 0x00000000a4400000, 0x00000000a4500000|  0%| F|  |TAMS 0x00000000a4400000, 0x00000000a4400000| Untracked 
|  41|0x00000000a4500000, 0x00000000a4500000, 0x00000000a4600000|  0%| F|  |TAMS 0x00000000a4500000, 0x00000000a4500000| Untracked 
|  42|0x00000000a4600000, 0x00000000a4600000, 0x00000000a4700000|  0%| F|  |TAMS 0x00000000a4600000, 0x00000000a4600000| Untracked 
|  43|0x00000000a4700000, 0x00000000a4700000, 0x00000000a4800000|  0%| F|  |TAMS 0x00000000a4700000, 0x00000000a4700000| Untracked 
|  44|0x00000000a4800000, 0x00000000a4800000, 0x00000000a4900000|  0%| F|  |TAMS 0x00000000a4800000, 0x00000000a4800000| Untracked 
|  45|0x00000000a4900000, 0x00000000a4900000, 0x00000000a4a00000|  0%| F|  |TAMS 0x00000000a4900000, 0x00000000a4900000| Untracked 
|  46|0x00000000a4a00000, 0x00000000a4a00000, 0x00000000a4b00000|  0%| F|  |TAMS 0x00000000a4a00000, 0x00000000a4a00000| Untracked 
|  47|0x00000000a4b00000, 0x00000000a4b00000, 0x00000000a4c00000|  0%| F|  |TAMS 0x00000000a4b00000, 0x00000000a4b00000| Untracked 
|  48|0x00000000a4c00000, 0x00000000a4c00000, 0x00000000a4d00000|  0%| F|  |TAMS 0x00000000a4c00000, 0x00000000a4c00000| Untracked 
|  49|0x00000000a4d00000, 0x00000000a4d00000, 0x00000000a4e00000|  0%| F|  |TAMS 0x00000000a4d00000, 0x00000000a4d00000| Untracked 
|  50|0x00000000a4e00000, 0x00000000a4e00000, 0x00000000a4f00000|  0%| F|  |TAMS 0x00000000a4e00000, 0x00000000a4e00000| Untracked 
|  51|0x00000000a4f00000, 0x00000000a4f00000, 0x00000000a5000000|  0%| F|  |TAMS 0x00000000a4f00000, 0x00000000a4f00000| Untracked 
|  52|0x00000000a5000000, 0x00000000a5000000, 0x00000000a5100000|  0%| F|  |TAMS 0x00000000a5000000, 0x00000000a5000000| Untracked 
|  53|0x00000000a5100000, 0x00000000a5100000, 0x00000000a5200000|  0%| F|  |TAMS 0x00000000a5100000, 0x00000000a5100000| Untracked 
|  54|0x00000000a5200000, 0x00000000a5200000, 0x00000000a5300000|  0%| F|  |TAMS 0x00000000a5200000, 0x00000000a5200000| Untracked 
|  55|0x00000000a5300000, 0x00000000a5300000, 0x00000000a5400000|  0%| F|  |TAMS 0x00000000a5300000, 0x00000000a5300000| Untracked 
|  56|0x00000000a5400000, 0x00000000a5400000, 0x00000000a5500000|  0%| F|  |TAMS 0x00000000a5400000, 0x00000000a5400000| Untracked 
|  57|0x00000000a5500000, 0x00000000a5500000, 0x00000000a5600000|  0%| F|  |TAMS 0x00000000a5500000, 0x00000000a5500000| Untracked 
|  58|0x00000000a5600000, 0x00000000a5600000, 0x00000000a5700000|  0%| F|  |TAMS 0x00000000a5600000, 0x00000000a5600000| Untracked 
|  59|0x00000000a5700000, 0x00000000a5700000, 0x00000000a5800000|  0%| F|  |TAMS 0x00000000a5700000, 0x00000000a5700000| Untracked 
|  60|0x00000000a5800000, 0x00000000a5800000, 0x00000000a5900000|  0%| F|  |TAMS 0x00000000a5800000, 0x00000000a5800000| Untracked 
|  61|0x00000000a5900000, 0x00000000a5900000, 0x00000000a5a00000|  0%| F|  |TAMS 0x00000000a5900000, 0x00000000a5900000| Untracked 
|  62|0x00000000a5a00000, 0x00000000a5a00000, 0x00000000a5b00000|  0%| F|  |TAMS 0x00000000a5a00000, 0x00000000a5a00000| Untracked 
|  63|0x00000000a5b00000, 0x00000000a5b00000, 0x00000000a5c00000|  0%| F|  |TAMS 0x00000000a5b00000, 0x00000000a5b00000| Untracked 
|  64|0x00000000a5c00000, 0x00000000a5c00000, 0x00000000a5d00000|  0%| F|  |TAMS 0x00000000a5c00000, 0x00000000a5c00000| Untracked 
|  65|0x00000000a5d00000, 0x00000000a5d00000, 0x00000000a5e00000|  0%| F|  |TAMS 0x00000000a5d00000, 0x00000000a5d00000| Untracked 
|  66|0x00000000a5e00000, 0x00000000a5e00000, 0x00000000a5f00000|  0%| F|  |TAMS 0x00000000a5e00000, 0x00000000a5e00000| Untracked 
|  67|0x00000000a5f00000, 0x00000000a5f00000, 0x00000000a6000000|  0%| F|  |TAMS 0x00000000a5f00000, 0x00000000a5f00000| Untracked 
|  68|0x00000000a6000000, 0x00000000a6000000, 0x00000000a6100000|  0%| F|  |TAMS 0x00000000a6000000, 0x00000000a6000000| Untracked 
|  69|0x00000000a6100000, 0x00000000a6100000, 0x00000000a6200000|  0%| F|  |TAMS 0x00000000a6100000, 0x00000000a6100000| Untracked 
|  70|0x00000000a6200000, 0x00000000a6200000, 0x00000000a6300000|  0%| F|  |TAMS 0x00000000a6200000, 0x00000000a6200000| Untracked 
|  71|0x00000000a6300000, 0x00000000a6300000, 0x00000000a6400000|  0%| F|  |TAMS 0x00000000a6300000, 0x00000000a6300000| Untracked 
|  72|0x00000000a6400000, 0x00000000a6400000, 0x00000000a6500000|  0%| F|  |TAMS 0x00000000a6400000, 0x00000000a6400000| Untracked 
|  73|0x00000000a6500000, 0x00000000a6500000, 0x00000000a6600000|  0%| F|  |TAMS 0x00000000a6500000, 0x00000000a6500000| Untracked 
|  74|0x00000000a6600000, 0x00000000a6600000, 0x00000000a6700000|  0%| F|  |TAMS 0x00000000a6600000, 0x00000000a6600000| Untracked 
|  75|0x00000000a6700000, 0x00000000a6700000, 0x00000000a6800000|  0%| F|  |TAMS 0x00000000a6700000, 0x00000000a6700000| Untracked 
|  76|0x00000000a6800000, 0x00000000a6800000, 0x00000000a6900000|  0%| F|  |TAMS 0x00000000a6800000, 0x00000000a6800000| Untracked 
|  77|0x00000000a6900000, 0x00000000a6900000, 0x00000000a6a00000|  0%| F|  |TAMS 0x00000000a6900000, 0x00000000a6900000| Untracked 
|  78|0x00000000a6a00000, 0x00000000a6a00000, 0x00000000a6b00000|  0%| F|  |TAMS 0x00000000a6a00000, 0x00000000a6a00000| Untracked 
|  79|0x00000000a6b00000, 0x00000000a6b00000, 0x00000000a6c00000|  0%| F|  |TAMS 0x00000000a6b00000, 0x00000000a6b00000| Untracked 
|  80|0x00000000a6c00000, 0x00000000a6d00000, 0x00000000a6d00000|100%| S|CS|TAMS 0x00000000a6c00000, 0x00000000a6c00000| Complete 
|  81|0x00000000a6d00000, 0x00000000a6e00000, 0x00000000a6e00000|100%| S|CS|TAMS 0x00000000a6d00000, 0x00000000a6d00000| Complete 
|  82|0x00000000a6e00000, 0x00000000a6e00000, 0x00000000a6f00000|  0%| F|  |TAMS 0x00000000a6e00000, 0x00000000a6e00000| Untracked 
|  83|0x00000000a6f00000, 0x00000000a6f00000, 0x00000000a7000000|  0%| F|  |TAMS 0x00000000a6f00000, 0x00000000a6f00000| Untracked 
|  84|0x00000000a7000000, 0x00000000a7000000, 0x00000000a7100000|  0%| F|  |TAMS 0x00000000a7000000, 0x00000000a7000000| Untracked 
|  85|0x00000000a7100000, 0x00000000a7100000, 0x00000000a7200000|  0%| F|  |TAMS 0x00000000a7100000, 0x00000000a7100000| Untracked 
|  86|0x00000000a7200000, 0x00000000a7200000, 0x00000000a7300000|  0%| F|  |TAMS 0x00000000a7200000, 0x00000000a7200000| Untracked 
|  87|0x00000000a7300000, 0x00000000a733df30, 0x00000000a7400000| 24%| E|  |TAMS 0x00000000a7300000, 0x00000000a7300000| Complete 
|  88|0x00000000a7400000, 0x00000000a7500000, 0x00000000a7500000|100%| E|CS|TAMS 0x00000000a7400000, 0x00000000a7400000| Complete 
|  89|0x00000000a7500000, 0x00000000a7600000, 0x00000000a7600000|100%| E|CS|TAMS 0x00000000a7500000, 0x00000000a7500000| Complete 
|  90|0x00000000a7600000, 0x00000000a7700000, 0x00000000a7700000|100%| E|CS|TAMS 0x00000000a7600000, 0x00000000a7600000| Complete 
|  91|0x00000000a7700000, 0x00000000a7800000, 0x00000000a7800000|100%| E|  |TAMS 0x00000000a7700000, 0x00000000a7700000| Complete 
|  92|0x00000000a7800000, 0x00000000a7900000, 0x00000000a7900000|100%| E|CS|TAMS 0x00000000a7800000, 0x00000000a7800000| Complete 
|  93|0x00000000a7900000, 0x00000000a7a00000, 0x00000000a7a00000|100%| E|CS|TAMS 0x00000000a7900000, 0x00000000a7900000| Complete 
|  94|0x00000000a7a00000, 0x00000000a7b00000, 0x00000000a7b00000|100%| E|CS|TAMS 0x00000000a7a00000, 0x00000000a7a00000| Complete 
|  95|0x00000000a7b00000, 0x00000000a7c00000, 0x00000000a7c00000|100%| E|CS|TAMS 0x00000000a7b00000, 0x00000000a7b00000| Complete 

Card table byte_map: [0x00000214b1610000,0x00000214b1910000] _byte_map_base: 0x00000214b1102000

Marking Bits (Prev, Next): (CMBitMap*) 0x00000214980813f8, (CMBitMap*) 0x0000021498081430
 Prev Bits: [0x00000214b1c10000, 0x00000214b33a0000)
 Next Bits: [0x00000214b33a0000, 0x00000214b4b30000)

Polling page: 0x0000021498120000

Metaspace:

Usage:
  Non-class:     10.49 MB capacity,    10.33 MB ( 98%) used,   143.62 KB (  1%) free+waste,    19.81 KB ( <1%) overhead. 
      Class:      1.02 MB capacity,   950.52 KB ( 91%) used,    80.92 KB (  8%) free+waste,     9.56 KB ( <1%) overhead. 
       Both:     11.51 MB capacity,    11.26 MB ( 98%) used,   224.54 KB (  2%) free+waste,    29.38 KB ( <1%) overhead. 

Virtual space:
  Non-class space:       12.00 MB reserved,      10.50 MB ( 88%) committed 
      Class space:        1.00 GB reserved,       1.13 MB ( <1%) committed 
             Both:        1.01 GB reserved,      11.63 MB (  1%) committed 

Chunk freelists:
   Non-Class:  1.25 KB
       Class:  1.88 KB
        Both:  3.13 KB

CodeHeap 'non-profiled nmethods': size=120064Kb used=313Kb max_used=313Kb free=119750Kb
 bounds [0x00000214a97b0000, 0x00000214a9a20000, 0x00000214b0cf0000]
CodeHeap 'profiled nmethods': size=120000Kb used=1633Kb max_used=1633Kb free=118366Kb
 bounds [0x00000214a2280000, 0x00000214a24f0000, 0x00000214a97b0000]
CodeHeap 'non-nmethods': size=5696Kb used=1439Kb max_used=1458Kb free=4256Kb
 bounds [0x00000214a1cf0000, 0x00000214a1f60000, 0x00000214a2280000]
 total_blobs=1868 nmethods=930 adapters=850
 compilation: enabled
              stopped_count=0, restarted_count=0
 full_count=0

Compilation events (10 events):
Event: 1.260 Thread 0x00000214b82b5800  921       4       jdk.internal.misc.Unsafe::getByte (7 bytes)
Event: 1.260 Thread 0x00000214b82b5800 nmethod 921 0x00000214a97fab10 code [0x00000214a97faca0, 0x00000214a97fad18]
Event: 1.263 Thread 0x00000214b717c800  926  s    3       java.util.Hashtable::get (69 bytes)
Event: 1.264 Thread 0x00000214b717c800 nmethod 926 0x00000214a2417490 code [0x00000214a2417680, 0x00000214a2417c58]
Event: 1.266 Thread 0x00000214b717c800  928       3       sun.misc.Unsafe::putLong (11 bytes)
Event: 1.266 Thread 0x00000214b717c800 nmethod 928 0x00000214a2417e10 code [0x00000214a2417fa0, 0x00000214a2418098]
Event: 1.266 Thread 0x00000214b717c800  929       3       org.lwjgl.system.MemoryUtil::memPutAddress (29 bytes)
Event: 1.266 Thread 0x00000214b82b5800  930       4       java.lang.Integer::toUnsignedLong (7 bytes)
Event: 1.266 Thread 0x00000214b717c800 nmethod 929 0x00000214a2418110 code [0x00000214a24182c0, 0x00000214a2418438]
Event: 1.267 Thread 0x00000214b82b5800 nmethod 930 0x00000214a97fb190 code [0x00000214a97fb300, 0x00000214a97fb338]

GC Heap History (2 events):
Event: 0.994 GC heap before
{Heap before GC invocations=0 (full 0):
 garbage-first heap   total 98304K, used 19456K [0x00000000a1c00000, 0x0000000100000000)
  region size 1024K, 14 young (14336K), 0 survivors (0K)
 Metaspace       used 9369K, capacity 9591K, committed 9856K, reserved 1058816K
  class space    used 771K, capacity 858K, committed 896K, reserved 1048576K
}
Event: 1.000 GC heap after
{Heap after GC invocations=1 (full 0):
 garbage-first heap   total 98304K, used 4300K [0x00000000a1c00000, 0x0000000100000000)
  region size 1024K, 2 young (2048K), 2 survivors (2048K)
 Metaspace       used 9369K, capacity 9591K, committed 9856K, reserved 1058816K
  class space    used 771K, capacity 858K, committed 896K, reserved 1048576K
}

Deoptimization events (9 events):
Event: 0.262 Thread 0x000002149804d000 Uncommon trap: reason=unstable_if action=reinterpret pc=0x00000214a97b5998 method=java.lang.String.hashCode()I @ 14 c2
Event: 0.639 Thread 0x000002149804d000 Uncommon trap: reason=unstable_if action=reinterpret pc=0x00000214a97c2530 method=java.lang.StringCoding.hasNegatives([BII)Z @ 12 c2
Event: 0.924 Thread 0x000002149804d000 Uncommon trap: reason=unloaded action=reinterpret pc=0x00000214a97e242c method=graphic.Texture.loadTexture(Ljava/awt/image/BufferedImage;)I @ 157 c2
Event: 1.103 Thread 0x000002149804d000 Uncommon trap: reason=unstable_if action=reinterpret pc=0x00000214a97bd780 method=java.io.WinNTFileSystem.isSlash(C)Z @ 9 c2
Event: 1.103 Thread 0x000002149804d000 Uncommon trap: reason=class_check action=maybe_recompile pc=0x00000214a97ed5ec method=java.util.HashMap.getNode(ILjava/lang/Object;)Ljava/util/HashMap$Node; @ 126 c2
Event: 1.114 Thread 0x000002149804d000 Uncommon trap: reason=unstable_if action=reinterpret pc=0x00000214a97c025c method=sun.nio.fs.WindowsPathParser.isSlash(C)Z @ 9 c2
Event: 1.138 Thread 0x000002149804d000 Uncommon trap: reason=unstable_if action=reinterpret pc=0x00000214a97b1310 method=java.lang.String.isLatin1()Z @ 10 c2
Event: 1.147 Thread 0x000002149804d000 Uncommon trap: reason=class_check action=maybe_recompile pc=0x00000214a97ed578 method=java.util.HashMap.getNode(ILjava/lang/Object;)Ljava/util/HashMap$Node; @ 59 c2
Event: 1.226 Thread 0x000002149804d000 Uncommon trap: reason=class_check action=maybe_recompile pc=0x00000214a97ed578 method=java.util.HashMap.getNode(ILjava/lang/Object;)Ljava/util/HashMap$Node; @ 59 c2

Classes redefined (0 events):
No events

Internal exceptions (10 events):
Event: 1.242 Thread 0x000002149804d000 Exception <a 'java/security/PrivilegedActionException'{0x00000000a745fa70}> (0x00000000a745fa70) thrown at [./open/src/hotspot/share/prims/jvm.cpp, line 1305]
Event: 1.242 Thread 0x000002149804d000 Exception <a 'java/security/PrivilegedActionException'{0x00000000a745ffe8}> (0x00000000a745ffe8) thrown at [./open/src/hotspot/share/prims/jvm.cpp, line 1305]
Event: 1.245 Thread 0x000002149804d000 Exception <a 'java/security/PrivilegedActionException'{0x00000000a7470678}> (0x00000000a7470678) thrown at [./open/src/hotspot/share/prims/jvm.cpp, line 1305]
Event: 1.245 Thread 0x000002149804d000 Exception <a 'java/security/PrivilegedActionException'{0x00000000a7470bf0}> (0x00000000a7470bf0) thrown at [./open/src/hotspot/share/prims/jvm.cpp, line 1305]
Event: 1.264 Thread 0x000002149804d000 Exception <a 'java/security/PrivilegedActionException'{0x00000000a74b1218}> (0x00000000a74b1218) thrown at [./open/src/hotspot/share/prims/jvm.cpp, line 1305]
Event: 1.264 Thread 0x000002149804d000 Exception <a 'java/security/PrivilegedActionException'{0x00000000a74b14e8}> (0x00000000a74b14e8) thrown at [./open/src/hotspot/share/prims/jvm.cpp, line 1305]
Event: 1.264 Thread 0x000002149804d000 Exception <a 'java/security/PrivilegedActionException'{0x00000000a74b2ea8}> (0x00000000a74b2ea8) thrown at [./open/src/hotspot/share/prims/jvm.cpp, line 1305]
Event: 1.264 Thread 0x000002149804d000 Exception <a 'java/security/PrivilegedActionException'{0x00000000a74b3178}> (0x00000000a74b3178) thrown at [./open/src/hotspot/share/prims/jvm.cpp, line 1305]
Event: 1.265 Thread 0x000002149804d000 Exception <a 'java/security/PrivilegedActionException'{0x00000000a74bfe60}> (0x00000000a74bfe60) thrown at [./open/src/hotspot/share/prims/jvm.cpp, line 1305]
Event: 1.265 Thread 0x000002149804d000 Exception <a 'java/security/PrivilegedActionException'{0x00000000a74c0130}> (0x00000000a74c0130) thrown at [./open/src/hotspot/share/prims/jvm.cpp, line 1305]

Events (10 events):
Event: 1.262 loading class org/lwjgl/opengl/GL$1
Event: 1.262 loading class org/lwjgl/opengl/GL$1 done
Event: 1.262 Executing VM operation: RevokeBias
Event: 1.262 Executing VM operation: RevokeBias done
Event: 1.263 loading class org/lwjgl/system/SharedLibrary$Delegate
Event: 1.263 loading class org/lwjgl/system/SharedLibrary$Delegate done
Event: 1.267 loading class org/lwjgl/opengl/GL11C
Event: 1.267 loading class org/lwjgl/opengl/GL11C done
Event: 1.269 loading class org/lwjgl/system/libc/LibCString
Event: 1.269 loading class org/lwjgl/system/libc/LibCString done


Dynamic libraries:
0x00007ff654da0000 - 0x00007ff654daf000 	C:\Program Files\Java\jdk-11.0.12\bin\java.exe
0x00007ff93cbe0000 - 0x00007ff93cde9000 	C:\WINDOWS\SYSTEM32\ntdll.dll
0x00007ff93b3b0000 - 0x00007ff93b46d000 	C:\WINDOWS\System32\KERNEL32.DLL
0x00007ff93a0d0000 - 0x00007ff93a449000 	C:\WINDOWS\System32\KERNELBASE.dll
0x00007ff93a450000 - 0x00007ff93a561000 	C:\WINDOWS\System32\ucrtbase.dll
0x00007ff9312f0000 - 0x00007ff931305000 	C:\Program Files\Java\jdk-11.0.12\bin\VCRUNTIME140.dll
0x00007ff92c600000 - 0x00007ff92c618000 	C:\Program Files\Java\jdk-11.0.12\bin\jli.dll
0x00007ff93cab0000 - 0x00007ff93cb5e000 	C:\WINDOWS\System32\ADVAPI32.dll
0x00007ff93b700000 - 0x00007ff93b7a3000 	C:\WINDOWS\System32\msvcrt.dll
0x00007ff93aa80000 - 0x00007ff93ab1e000 	C:\WINDOWS\System32\sechost.dll
0x00007ff93c2b0000 - 0x00007ff93c3d0000 	C:\WINDOWS\System32\RPCRT4.dll
0x00007ff93ab80000 - 0x00007ff93ad2c000 	C:\WINDOWS\System32\USER32.dll
0x00007ff93aa50000 - 0x00007ff93aa76000 	C:\WINDOWS\System32\win32u.dll
0x00007ff93cb70000 - 0x00007ff93cb99000 	C:\WINDOWS\System32\GDI32.dll
0x00007ff93a7c0000 - 0x00007ff93a8d2000 	C:\WINDOWS\System32\gdi32full.dll
0x00007ff93a5f0000 - 0x00007ff93a68d000 	C:\WINDOWS\System32\msvcp_win.dll
0x00007ff92acd0000 - 0x00007ff92af75000 	C:\WINDOWS\WinSxS\amd64_microsoft.windows.common-controls_6595b64144ccf1df_6.0.22000.120_none_9d947278b86cc467\COMCTL32.dll
0x00007ff92f9e0000 - 0x00007ff92f9ea000 	C:\WINDOWS\SYSTEM32\VERSION.dll
0x00007ff93ad30000 - 0x00007ff93ad61000 	C:\WINDOWS\System32\IMM32.DLL
0x00007ff9191e0000 - 0x00007ff91927b000 	C:\Program Files\Java\jdk-11.0.12\bin\msvcp140.dll
0x00007ff8fc2a0000 - 0x00007ff8fcd9f000 	C:\Program Files\Java\jdk-11.0.12\bin\server\jvm.dll
0x00007ff93b950000 - 0x00007ff93b958000 	C:\WINDOWS\System32\PSAPI.DLL
0x00007ff92f850000 - 0x00007ff92f859000 	C:\WINDOWS\SYSTEM32\WSOCK32.dll
0x00007ff930050000 - 0x00007ff930083000 	C:\WINDOWS\SYSTEM32\WINMM.dll
0x00007ff93c770000 - 0x00007ff93c7df000 	C:\WINDOWS\System32\WS2_32.dll
0x00007ff9391d0000 - 0x00007ff9391e8000 	C:\WINDOWS\SYSTEM32\kernel.appcore.dll
0x00007ff936580000 - 0x00007ff936590000 	C:\Program Files\Java\jdk-11.0.12\bin\verify.dll
0x00007ff92d780000 - 0x00007ff92d9a1000 	C:\WINDOWS\SYSTEM32\DBGHELP.DLL
0x00007ff9240d0000 - 0x00007ff924101000 	C:\WINDOWS\SYSTEM32\dbgcore.DLL
0x00007ff93a570000 - 0x00007ff93a5ef000 	C:\WINDOWS\System32\bcryptPrimitives.dll
0x00007ff92c2b0000 - 0x00007ff92c2d8000 	C:\Program Files\Java\jdk-11.0.12\bin\java.dll
0x00007ff936560000 - 0x00007ff93656a000 	C:\Program Files\Java\jdk-11.0.12\bin\jimage.dll
0x00007ff92c190000 - 0x00007ff92c1a6000 	C:\Program Files\Java\jdk-11.0.12\bin\zip.dll
0x00007ff93b960000 - 0x00007ff93c10f000 	C:\WINDOWS\System32\SHELL32.dll
0x00007ff938240000 - 0x00007ff938aa8000 	C:\WINDOWS\SYSTEM32\windows.storage.dll
0x00007ff93c3e0000 - 0x00007ff93c758000 	C:\WINDOWS\System32\combase.dll
0x00007ff9380d0000 - 0x00007ff938236000 	C:\WINDOWS\SYSTEM32\wintypes.dll
0x00007ff93b590000 - 0x00007ff93b67a000 	C:\WINDOWS\System32\SHCORE.dll
0x00007ff93ab20000 - 0x00007ff93ab7d000 	C:\WINDOWS\System32\shlwapi.dll
0x00007ff93a000000 - 0x00007ff93a021000 	C:\WINDOWS\SYSTEM32\profapi.dll
0x00007ff92bd00000 - 0x00007ff92bd19000 	C:\Program Files\Java\jdk-11.0.12\bin\net.dll
0x00007ff92ff40000 - 0x00007ff93004c000 	C:\WINDOWS\SYSTEM32\WINHTTP.dll
0x00007ff939670000 - 0x00007ff9396d7000 	C:\WINDOWS\system32\mswsock.dll
0x00007ff92bc80000 - 0x00007ff92bc92000 	C:\Program Files\Java\jdk-11.0.12\bin\nio.dll
0x00007ff8fc100000 - 0x00007ff8fc29a000 	C:\Program Files\Java\jdk-11.0.12\bin\awt.dll
0x00007ff93b870000 - 0x00007ff93b946000 	C:\WINDOWS\System32\OLEAUT32.dll
0x00007ff9375c0000 - 0x00007ff937651000 	C:\WINDOWS\SYSTEM32\apphelp.dll
0x00007ff9293d0000 - 0x00007ff9293fd000 	C:\Program Files\Java\jdk-11.0.12\bin\javajpeg.dll
0x00007ff90f780000 - 0x00007ff90f7f5000 	C:\Users\Dima\AppData\Local\Temp\lwjglMishanya\3.3.1-build-7\lwjgl.dll
0x00007ff918f00000 - 0x00007ff918f5d000 	C:\Users\Dima\AppData\Local\Temp\lwjglMishanya\3.3.1-build-7\lwjgl_opengl.dll
0x00007ff9275a0000 - 0x00007ff9276a1000 	C:\WINDOWS\SYSTEM32\opengl32.dll
0x00007ff92d6d0000 - 0x00007ff92d6fd000 	C:\WINDOWS\SYSTEM32\GLU32.dll
0x00007ff937920000 - 0x00007ff937958000 	C:\WINDOWS\SYSTEM32\dxcore.dll
0x00007ff8fbea0000 - 0x00007ff8fc0f9000 	C:\Users\Dima\AppData\Local\Temp\lwjglMishanya\3.3.1-build-7\jemalloc.dll

dbghelp: loaded successfully - version: 4.0.5 - missing functions: none
symbol engine: initialized successfully - sym options: 0x614 - pdb path: .;C:\Program Files\Java\jdk-11.0.12\bin;C:\WINDOWS\SYSTEM32;C:\WINDOWS\WinSxS\amd64_microsoft.windows.common-controls_6595b64144ccf1df_6.0.22000.120_none_9d947278b86cc467;C:\Program Files\Java\jdk-11.0.12\bin\server;C:\Users\Dima\AppData\Local\Temp\lwjglMishanya\3.3.1-build-7

VM Arguments:
jvm_args: -Dfile.encoding=windows-1251 -Duser.country=RU -Duser.language=ru -Duser.variant 
java_command: Main
java_class_path (initial): C:\Users\Dima\ProjectGUI\build\classes\java\main;C:\Users\Dima\ProjectGUI\build\resources\main;C:\Users\Dima\gradle-task\caches\modules-2\files-2.1\org.jetbrains\annotations\23.0.0\8cc20c07506ec18e0834947b84a864bfc094484e\annotations-23.0.0.jar;C:\Users\Dima\gradle-task\caches\modules-2\files-2.1\org.lwjgl\lwjgl-assimp\3.3.1\312072f451794f25670aebb0160ce6ec88aff842\lwjgl-assimp-3.3.1.jar;C:\Users\Dima\gradle-task\caches\modules-2\files-2.1\org.lwjgl\lwjgl-assimp\3.3.1\bfa2a0d57acbf952b716d0ad8a3acbd7ad9f5639\lwjgl-assimp-3.3.1-natives-windows.jar;C:\Users\Dima\gradle-task\caches\modules-2\files-2.1\org.lwjgl\lwjgl-bgfx\3.3.1\4243b7d255d885980f10c36edfb678729493685e\lwjgl-bgfx-3.3.1.jar;C:\Users\Dima\gradle-task\caches\modules-2\files-2.1\org.lwjgl\lwjgl-bgfx\3.3.1\12f22e13c99db9153124dbc17b84fe0233c6f3d5\lwjgl-bgfx-3.3.1-natives-windows.jar;C:\Users\Dima\gradle-task\caches\modules-2\files-2.1\org.lwjgl\lwjgl-cuda\3.3.1\8b67bd7760450f890eade8f74bfaf0dca10821fe\lwjgl-cuda-3.3.1.jar;C:\Users\Dima\gradle-task\caches\modules-2\files-2.1\org.lwjgl\lwjgl-egl\3.3.1\8399e6734ad7d97d2e1f865b2c6c5232d5126dca\lwjgl-egl-3.3.1.jar;C:\Users\Dima\gradle-task\caches\modules-2\files-2.1\org.lwjgl\lwjgl-glfw\3.3.1\cbac1b8d30cb4795149c1ef540f912671a8616d0\lwjgl-glfw-3.3.1.jar;C:\Users\Dima\gradle-task\caches\modules-2\files-2.1\org.lwjgl\lwjgl-glfw\3.3.1\ed892f945cf7e79c8756796f32d00fa4ceaf573b\lwjgl-glfw-3.3.1-natives-windows.jar;C:\Users\Dima\gradle-task\caches\modules-2\files-2.1\org.lwjgl\lwjgl-jawt\3.3.1\30330b16b809655d42f4951ece57f425cce43ce2\lwjgl-jawt-3.3.1.jar;C:\Users\Dima\gradle-task\caches\modules-2\files-2.1\org.lwjgl\lwjgl-jemalloc\3.3.1\a817bcf213db49f710603677457567c37d53e103\lwjgl-jemalloc-3.3.1.jar;C:\Users\Dima\gradle-task\caches\modules-2\files-2.1\org.lwjgl\lwjgl-jemalloc\3.3.1\948a89b76a16aa324b046ae9308891216ffce5f9\lwjgl-jemalloc-3.3.1-natives-windows.jar;C:\Users\Dima\gradle-task\caches\modules-2\files-2.1\org.lwjgl\lwjgl-libdivide
Launcher Type: SUN_STANDARD

[Global flags]
     intx CICompilerCount                          = 3                                         {product} {ergonomic}
     uint ConcGCThreads                            = 1                                         {product} {ergonomic}
     uint G1ConcRefinementThreads                  = 4                                         {product} {ergonomic}
   size_t G1HeapRegionSize                         = 1048576                                   {product} {ergonomic}
    uintx GCDrainStackTargetSize                   = 64                                        {product} {ergonomic}
   size_t InitialHeapSize                          = 100663296                                 {product} {ergonomic}
   size_t MarkStackSize                            = 4194304                                   {product} {ergonomic}
   size_t MaxHeapSize                              = 1581252608                                {product} {ergonomic}
   size_t MaxNewSize                               = 947912704                                 {product} {ergonomic}
   size_t MinHeapDeltaBytes                        = 1048576                                   {product} {ergonomic}
    uintx NonNMethodCodeHeapSize                   = 5830732                                {pd product} {ergonomic}
    uintx NonProfiledCodeHeapSize                  = 122913754                              {pd product} {ergonomic}
    uintx ProfiledCodeHeapSize                     = 122913754                              {pd product} {ergonomic}
    uintx ReservedCodeCacheSize                    = 251658240                              {pd product} {ergonomic}
     bool SegmentedCodeCache                       = true                                      {product} {ergonomic}
     bool UseCompressedClassPointers               = true                                 {lp64_product} {ergonomic}
     bool UseCompressedOops                        = true                                 {lp64_product} {ergonomic}
     bool UseG1GC                                  = true                                      {product} {ergonomic}
     bool UseLargePagesIndividualAllocation        = false                                  {pd product} {ergonomic}

Logging:
Log output configuration:
 #0: stdout all=warning uptime,level,tags
 #1: stderr all=off uptime,level,tags

Environment Variables:
PATH=C:\Program Files (x86)\Embarcadero\Studio\21.0\bin;C:\Users\Public\Documents\Embarcadero\Studio\21.0\Bpl;C:\Program Files (x86)\Embarcadero\Studio\21.0\bin64;C:\Users\Public\Documents\Embarcadero\Studio\21.0\Bpl\Win64;C:\Program Files (x86)\Embarcadero\Studio\22.0\bin;C:\Users\Public\Documents\Embarcadero\Studio\22.0\Bpl;C:\Program Files (x86)\Embarcadero\Studio\22.0\bin64;C:\Users\Public\Documents\Embarcadero\Studio\22.0\Bpl\Win64;C:\Program Files\Common Files\Oracle\Java\javapath;C:\WINDOWS\system32;C:\WINDOWS;C:\WINDOWS\System32\Wbem;C:\WINDOWS\System32\WindowsPowerShell\v1.0\;C:\WINDOWS\System32\OpenSSH\;C:\Program Files\NVIDIA Corporation\NVIDIA NvDLISR;C:\Program Files (x86)\NVIDIA Corporation\PhysX\Common;C:\Program Files\Git\cmd;C:\WINDOWS\system32;C:\WINDOWS;C:\WINDOWS\System32\Wbem;C:\WINDOWS\System32\WindowsPowerShell\v1.0\;C:\WINDOWS\System32\OpenSSH\;C:\Users\Dima\AppData\Local\Programs\Python\Python310\Scripts\;C:\Users\Dima\AppData\Local\Programs\Python\Python310\;C:\Users\Dima\AppData\Local\Microsoft\WindowsApps;C:\Users\Dima\AppData\Local\GitHubDesktop\bin;C:\Users\Dima\AppData\Local\Pandoc\;C:\Users\Dima\Downloads\pip;
USERNAME=Mishanya
OS=Windows_NT
PROCESSOR_IDENTIFIER=Intel64 Family 6 Model 58 Stepping 9, GenuineIntel



---------------  S Y S T E M  ---------------

OS: Windows 10 , 64 bit Build 22000 (10.0.22000.675)

CPU:total 4 (initial active 4) (2 cores per cpu, 2 threads per core) family 6 model 58 stepping 9 microcode 0x21, cmov, cx8, fxsr, mmx, sse, sse2, sse3, ssse3, sse4.1, sse4.2, popcnt, avx, aes, clmul, erms, ht, tsc, tscinvbit, tscinv

Memory: 4k page, system-wide physical 6029M (771M free)
TotalPageFile size 13688M (AvailPageFile size 3864M)
current process WorkingSet (physical memory assigned to process): 75M, peak: 76M
current process commit charge ("private bytes"): 192M, peak: 192M

vm_info: Java HotSpot(TM) 64-Bit Server VM (11.0.12+8-LTS-237) for windows-amd64 JRE (11.0.12+8-LTS-237), built on Jun  8 2021 11:25:59 by "mach5one" with MS VC++ 15.9 (VS2017)

END.
